<?xml version="1.0" encoding="UTF-8"?>
<coverage generated="1761059000699" clover="3.2.0">
  <project timestamp="1761059000699" name="All files">
    <metrics statements="782" coveredstatements="769" conditionals="512" coveredconditionals="441" methods="108" coveredmethods="105" elements="1402" coveredelements="1315" complexity="0" loc="782" ncloc="782" packages="5" files="13" classes="13"/>
    <package name="server">
      <metrics statements="21" coveredstatements="21" conditionals="8" coveredconditionals="7" methods="1" coveredmethods="1"/>
      <file name="app.js" path="D:\Hactiv8\Phase 3\Final-Project-HCK87\server\app.js">
        <metrics statements="13" coveredstatements="13" conditionals="2" coveredconditionals="1" methods="0" coveredmethods="0"/>
        <line num="1" count="4" type="cond" truecount="1" falsecount="1"/>
        <line num="2" count="4" type="stmt"/>
        <line num="4" count="4" type="stmt"/>
        <line num="5" count="4" type="stmt"/>
        <line num="6" count="4" type="stmt"/>
        <line num="7" count="4" type="stmt"/>
        <line num="9" count="4" type="stmt"/>
        <line num="10" count="4" type="stmt"/>
        <line num="11" count="4" type="stmt"/>
        <line num="13" count="4" type="stmt"/>
        <line num="15" count="4" type="stmt"/>
        <line num="17" count="4" type="stmt"/>
        <line num="19" count="4" type="stmt"/>
      </file>
      <file name="errorHandler.js" path="D:\Hactiv8\Phase 3\Final-Project-HCK87\server\errorHandler.js">
        <metrics statements="8" coveredstatements="8" conditionals="6" coveredconditionals="6" methods="1" coveredmethods="1"/>
        <line num="1" count="5" type="stmt"/>
        <line num="2" count="44" type="stmt"/>
        <line num="3" count="44" type="cond" truecount="4" falsecount="0"/>
        <line num="5" count="1" type="stmt"/>
        <line num="10" count="1" type="stmt"/>
        <line num="15" count="1" type="stmt"/>
        <line num="20" count="41" type="stmt"/>
        <line num="27" count="5" type="stmt"/>
      </file>
    </package>
    <package name="server.config">
      <metrics statements="11" coveredstatements="5" conditionals="2" coveredconditionals="0" methods="2" coveredmethods="0"/>
      <file name="mongodb.js" path="D:\Hactiv8\Phase 3\Final-Project-HCK87\server\config\mongodb.js">
        <metrics statements="11" coveredstatements="5" conditionals="2" coveredconditionals="0" methods="2" coveredmethods="0"/>
        <line num="1" count="1" type="stmt"/>
        <line num="3" count="1" type="stmt"/>
        <line num="4" count="1" type="stmt"/>
        <line num="5" count="1" type="stmt"/>
        <line num="8" count="0" type="stmt"/>
        <line num="9" count="0" type="stmt"/>
        <line num="10" count="0" type="stmt"/>
        <line num="12" count="0" type="stmt"/>
        <line num="17" count="0" type="cond" truecount="0" falsecount="2"/>
        <line num="18" count="0" type="stmt"/>
        <line num="21" count="1" type="stmt"/>
      </file>
    </package>
    <package name="server.controllers">
      <metrics statements="680" coveredstatements="676" conditionals="496" coveredconditionals="430" methods="102" coveredmethods="102"/>
      <file name="Controller.js" path="D:\Hactiv8\Phase 3\Final-Project-HCK87\server\controllers\Controller.js">
        <metrics statements="249" coveredstatements="249" conditionals="205" coveredconditionals="184" methods="27" coveredmethods="27"/>
        <line num="1" count="4" type="stmt"/>
        <line num="2" count="4" type="stmt"/>
        <line num="3" count="4" type="stmt"/>
        <line num="4" count="4" type="stmt"/>
        <line num="8" count="121" type="stmt"/>
        <line num="9" count="121" type="stmt"/>
        <line num="10" count="121" type="stmt"/>
        <line num="14" count="157" type="stmt"/>
        <line num="15" count="157" type="stmt"/>
        <line num="16" count="157" type="stmt"/>
        <line num="20" count="20" type="stmt"/>
        <line num="21" count="20" type="stmt"/>
        <line num="23" count="20" type="stmt"/>
        <line num="26" count="20" type="cond" truecount="2" falsecount="0"/>
        <line num="27" count="2" type="stmt"/>
        <line num="28" count="2" type="stmt"/>
        <line num="31" count="18" type="stmt"/>
        <line num="32" count="18" type="stmt"/>
        <line num="34" count="16" type="cond" truecount="2" falsecount="0"/>
        <line num="35" count="2" type="stmt"/>
        <line num="36" count="2" type="stmt"/>
        <line num="39" count="14" type="stmt"/>
        <line num="42" count="14" type="cond" truecount="2" falsecount="0"/>
        <line num="43" count="14" type="cond" truecount="2" falsecount="0"/>
        <line num="44" count="14" type="cond" truecount="2" falsecount="0"/>
        <line num="47" count="14" type="stmt"/>
        <line num="48" count="14" type="stmt"/>
        <line num="50" count="14" type="stmt"/>
        <line num="51" count="14" type="cond" truecount="2" falsecount="0"/>
        <line num="54" count="14" type="stmt"/>
        <line num="63" count="14" type="cond" truecount="2" falsecount="0"/>
        <line num="65" count="2" type="stmt"/>
        <line num="74" count="2" type="cond" truecount="1" falsecount="1"/>
        <line num="77" count="14" type="stmt"/>
        <line num="83" count="8" type="cond" truecount="2" falsecount="0"/>
        <line num="85" count="8" type="stmt"/>
        <line num="88" count="8" type="stmt"/>
        <line num="89" count="7" type="cond" truecount="1" falsecount="1"/>
        <line num="90" count="7" type="cond" truecount="2" falsecount="0"/>
        <line num="92" count="7" type="stmt"/>
        <line num="104" count="3" type="cond" truecount="2" falsecount="0"/>
        <line num="108" count="2" type="cond" truecount="2" falsecount="0"/>
        <line num="117" count="8" type="stmt"/>
        <line num="119" count="8" type="stmt"/>
        <line num="130" count="6" type="cond" truecount="2" falsecount="0"/>
        <line num="131" count="1" type="stmt"/>
        <line num="132" count="1" type="stmt"/>
        <line num="144" count="5" type="cond" truecount="2" falsecount="0"/>
        <line num="145" count="1" type="stmt"/>
        <line num="146" count="1" type="stmt"/>
        <line num="158" count="4" type="cond" truecount="2" falsecount="0"/>
        <line num="159" count="1" type="stmt"/>
        <line num="160" count="1" type="stmt"/>
        <line num="172" count="3" type="cond" truecount="2" falsecount="0"/>
        <line num="173" count="1" type="stmt"/>
        <line num="174" count="1" type="stmt"/>
        <line num="186" count="2" type="stmt"/>
        <line num="187" count="2" type="stmt"/>
        <line num="188" count="2" type="stmt"/>
        <line num="190" count="2" type="stmt"/>
        <line num="202" count="2" type="stmt"/>
        <line num="203" count="2" type="stmt"/>
        <line num="205" count="2" type="stmt"/>
        <line num="213" count="65" type="stmt"/>
        <line num="214" count="65" type="stmt"/>
        <line num="230" count="64" type="stmt"/>
        <line num="232" count="1" type="stmt"/>
        <line num="233" count="1" type="stmt"/>
        <line num="238" count="67" type="stmt"/>
        <line num="239" count="67" type="stmt"/>
        <line num="250" count="66" type="cond" truecount="2" falsecount="0"/>
        <line num="251" count="4" type="stmt"/>
        <line num="252" count="4" type="stmt"/>
        <line num="258" count="2" type="stmt"/>
        <line num="260" count="61" type="stmt"/>
        <line num="261" count="61" type="stmt"/>
        <line num="266" count="60" type="stmt"/>
        <line num="268" count="60" type="stmt"/>
        <line num="279" count="57" type="cond" truecount="2" falsecount="0"/>
        <line num="280" count="15" type="stmt"/>
        <line num="281" count="15" type="stmt"/>
        <line num="288" count="3" type="stmt"/>
        <line num="290" count="45" type="stmt"/>
        <line num="291" count="45" type="stmt"/>
        <line num="296" count="69" type="stmt"/>
        <line num="299" count="69" type="stmt"/>
        <line num="306" count="69" type="stmt"/>
        <line num="308" count="69" type="cond" truecount="2" falsecount="0"/>
        <line num="309" count="2" type="stmt"/>
        <line num="313" count="67" type="stmt"/>
        <line num="320" count="67" type="stmt"/>
        <line num="321" count="67" type="stmt"/>
        <line num="325" count="4" type="stmt"/>
        <line num="338" count="4" type="stmt"/>
        <line num="339" count="4" type="stmt"/>
        <line num="341" count="4" type="stmt"/>
        <line num="342" count="3" type="cond" truecount="2" falsecount="0"/>
        <line num="343" count="2" type="stmt"/>
        <line num="356" count="2" type="stmt"/>
        <line num="357" count="2" type="stmt"/>
        <line num="358" count="2" type="stmt"/>
        <line num="360" count="1" type="stmt"/>
        <line num="362" count="1" type="stmt"/>
        <line num="367" count="71" type="stmt"/>
        <line num="368" count="71" type="cond" truecount="2" falsecount="0"/>
        <line num="369" count="1" type="stmt"/>
        <line num="372" count="70" type="stmt"/>
        <line num="374" count="70" type="stmt"/>
        <line num="375" count="70" type="stmt"/>
        <line num="380" count="70" type="stmt"/>
        <line num="392" count="66" type="cond" truecount="4" falsecount="0"/>
        <line num="393" count="1" type="stmt"/>
        <line num="399" count="65" type="stmt"/>
        <line num="402" count="65" type="cond" truecount="2" falsecount="0"/>
        <line num="403" count="65" type="cond" truecount="2" falsecount="0"/>
        <line num="404" count="65" type="cond" truecount="2" falsecount="0"/>
        <line num="407" count="65" type="stmt"/>
        <line num="410" count="65" type="cond" truecount="3" falsecount="0"/>
        <line num="413" count="65" type="stmt"/>
        <line num="414" count="65" type="cond" truecount="4" falsecount="0"/>
        <line num="415" count="10" type="stmt"/>
        <line num="416" count="10" type="cond" truecount="2" falsecount="0"/>
        <line num="418" count="10" type="cond" truecount="4" falsecount="0"/>
        <line num="419" count="5" type="stmt"/>
        <line num="424" count="65" type="stmt"/>
        <line num="425" count="65" type="cond" truecount="2" falsecount="0"/>
        <line num="426" count="63" type="stmt"/>
        <line num="427" count="63" type="cond" truecount="4" falsecount="0"/>
        <line num="428" count="3" type="stmt"/>
        <line num="433" count="65" type="stmt"/>
        <line num="436" count="65" type="cond" truecount="2" falsecount="0"/>
        <line num="439" count="65" type="stmt"/>
        <line num="442" count="65" type="stmt"/>
        <line num="445" count="65" type="cond" truecount="2" falsecount="0"/>
        <line num="447" count="65" type="stmt"/>
        <line num="451" count="65" type="stmt"/>
        <line num="453" count="72" type="stmt"/>
        <line num="454" count="72" type="stmt"/>
        <line num="456" count="65" type="stmt"/>
        <line num="459" count="65" type="stmt"/>
        <line num="460" count="65" type="stmt"/>
        <line num="463" count="65" type="stmt"/>
        <line num="464" count="65" type="cond" truecount="4" falsecount="0"/>
        <line num="465" count="60" type="stmt"/>
        <line num="466" count="60" type="stmt"/>
        <line num="467" count="60" type="cond" truecount="2" falsecount="0"/>
        <line num="468" count="12" type="stmt"/>
        <line num="470" count="48" type="stmt"/>
        <line num="475" count="65" type="stmt"/>
        <line num="476" count="65" type="stmt"/>
        <line num="479" count="65" type="stmt"/>
        <line num="480" count="69" type="cond" truecount="2" falsecount="0"/>
        <line num="482" count="65" type="stmt"/>
        <line num="485" count="65" type="stmt"/>
        <line num="486" count="69" type="stmt"/>
        <line num="487" count="69" type="stmt"/>
        <line num="490" count="69" type="cond" truecount="2" falsecount="0"/>
        <line num="492" count="69" type="stmt"/>
        <line num="497" count="69" type="stmt"/>
        <line num="498" count="69" type="stmt"/>
        <line num="511" count="65" type="stmt"/>
        <line num="516" count="65" type="stmt"/>
        <line num="517" count="65" type="stmt"/>
        <line num="519" count="65" type="cond" truecount="2" falsecount="0"/>
        <line num="521" count="63" type="cond" truecount="2" falsecount="0"/>
        <line num="522" count="63" type="cond" truecount="2" falsecount="0"/>
        <line num="523" count="63" type="cond" truecount="2" falsecount="0"/>
        <line num="526" count="63" type="stmt"/>
        <line num="544" count="63" type="stmt"/>
        <line num="545" count="63" type="stmt"/>
        <line num="546" count="63" type="stmt"/>
        <line num="548" count="2" type="stmt"/>
        <line num="552" count="65" type="cond" truecount="2" falsecount="0"/>
        <line num="553" count="3" type="stmt"/>
        <line num="554" count="3" type="stmt"/>
        <line num="555" count="3" type="stmt"/>
        <line num="556" count="3" type="stmt"/>
        <line num="560" count="3" type="cond" truecount="1" falsecount="1"/>
        <line num="561" count="3" type="stmt"/>
        <line num="562" count="3" type="cond" truecount="1" falsecount="1"/>
        <line num="565" count="3" type="cond" truecount="2" falsecount="0"/>
        <line num="566" count="2" type="stmt"/>
        <line num="570" count="1" type="stmt"/>
        <line num="574" count="1" type="stmt"/>
        <line num="581" count="65" type="stmt"/>
        <line num="582" count="65" type="stmt"/>
        <line num="584" count="65" type="cond" truecount="3" falsecount="1"/>
        <line num="585" count="65" type="stmt"/>
        <line num="586" count="65" type="stmt"/>
        <line num="589" count="65" type="cond" truecount="2" falsecount="0"/>
        <line num="593" count="65" type="cond" truecount="1" falsecount="1"/>
        <line num="596" count="65" type="stmt"/>
        <line num="615" count="4" type="stmt"/>
        <line num="617" count="4" type="cond" truecount="2" falsecount="0"/>
        <line num="619" count="2" type="stmt"/>
        <line num="620" count="2" type="stmt"/>
        <line num="626" count="2" type="cond" truecount="2" falsecount="0"/>
        <line num="627" count="1" type="stmt"/>
        <line num="633" count="1" type="stmt"/>
        <line num="638" count="4" type="stmt"/>
        <line num="639" count="4" type="stmt"/>
        <line num="642" count="4" type="cond" truecount="2" falsecount="0"/>
        <line num="643" count="1" type="stmt"/>
        <line num="646" count="3" type="stmt"/>
        <line num="647" count="3" type="stmt"/>
        <line num="650" count="3" type="cond" truecount="2" falsecount="0"/>
        <line num="651" count="1" type="stmt"/>
        <line num="654" count="2" type="stmt"/>
        <line num="655" count="2" type="stmt"/>
        <line num="656" count="2" type="cond" truecount="3" falsecount="1"/>
        <line num="657" count="2" type="stmt"/>
        <line num="658" count="2" type="stmt"/>
        <line num="660" count="1" type="cond" truecount="1" falsecount="1"/>
        <line num="662" count="1" type="cond" truecount="1" falsecount="1"/>
        <line num="663" count="1" type="stmt"/>
        <line num="682" count="1" type="stmt"/>
        <line num="687" count="3" type="stmt"/>
        <line num="688" count="3" type="stmt"/>
        <line num="689" count="3" type="stmt"/>
        <line num="690" count="3" type="stmt"/>
        <line num="691" count="3" type="stmt"/>
        <line num="694" count="3" type="stmt"/>
        <line num="697" count="2" type="stmt"/>
        <line num="698" count="2" type="stmt"/>
        <line num="699" count="2" type="cond" truecount="3" falsecount="1"/>
        <line num="700" count="2" type="stmt"/>
        <line num="701" count="3" type="stmt"/>
        <line num="702" count="3" type="cond" truecount="2" falsecount="0"/>
        <line num="708" count="2" type="stmt"/>
        <line num="709" count="1" type="stmt"/>
        <line num="711" count="2" type="stmt"/>
        <line num="713" count="2" type="cond" truecount="2" falsecount="0"/>
        <line num="714" count="1" type="stmt"/>
        <line num="718" count="1" type="stmt"/>
        <line num="721" count="1" type="stmt"/>
        <line num="723" count="2" type="stmt"/>
        <line num="724" count="2" type="cond" truecount="4" falsecount="0"/>
        <line num="725" count="1" type="stmt"/>
        <line num="728" count="1" type="cond" truecount="1" falsecount="1"/>
        <line num="731" count="2" type="cond" truecount="1" falsecount="1"/>
        <line num="733" count="2" type="stmt"/>
        <line num="745" count="1" type="stmt"/>
        <line num="746" count="2" type="stmt"/>
        <line num="747" count="1" type="stmt"/>
        <line num="748" count="1" type="stmt"/>
        <line num="751" count="1" type="stmt"/>
        <line num="753" count="1" type="stmt"/>
        <line num="754" count="1" type="stmt"/>
        <line num="759" count="4" type="stmt"/>
      </file>
      <file name="PlaylistController.js" path="D:\Hactiv8\Phase 3\Final-Project-HCK87\server\controllers\PlaylistController.js">
        <metrics statements="331" coveredstatements="330" conditionals="243" coveredconditionals="201" methods="60" coveredmethods="60"/>
        <line num="1" count="4" type="stmt"/>
        <line num="2" count="4" type="stmt"/>
        <line num="3" count="4" type="stmt"/>
        <line num="4" count="4" type="stmt"/>
        <line num="5" count="4" type="stmt"/>
        <line num="6" count="4" type="stmt"/>
        <line num="11" count="81" type="stmt"/>
        <line num="12" count="81" type="stmt"/>
        <line num="13" count="81" type="stmt"/>
        <line num="17" count="11" type="stmt"/>
        <line num="18" count="11" type="stmt"/>
        <line num="19" count="11" type="stmt"/>
        <line num="23" count="38" type="stmt"/>
        <line num="24" count="38" type="stmt"/>
        <line num="25" count="38" type="stmt"/>
        <line num="29" count="21" type="stmt"/>
        <line num="30" count="21" type="stmt"/>
        <line num="43" count="20" type="stmt"/>
        <line num="46" count="3" type="stmt"/>
        <line num="51" count="21" type="stmt"/>
        <line num="52" count="21" type="stmt"/>
        <line num="53" count="21" type="stmt"/>
        <line num="54" count="21" type="stmt"/>
        <line num="56" count="18" type="stmt"/>
        <line num="58" count="18" type="cond" truecount="3" falsecount="1"/>
        <line num="59" count="0" type="stmt"/>
        <line num="66" count="18" type="stmt"/>
        <line num="67" count="18" type="cond" truecount="2" falsecount="0"/>
        <line num="69" count="18" type="cond" truecount="2" falsecount="0"/>
        <line num="71" count="16" type="stmt"/>
        <line num="78" count="16" type="cond" truecount="2" falsecount="0"/>
        <line num="84" count="14" type="stmt"/>
        <line num="85" count="14" type="stmt"/>
        <line num="90" count="18" type="cond" truecount="4" falsecount="0"/>
        <line num="91" count="3" type="cond" truecount="2" falsecount="0"/>
        <line num="95" count="3" type="stmt"/>
        <line num="104" count="3" type="cond" truecount="1" falsecount="1"/>
        <line num="110" count="2" type="stmt"/>
        <line num="111" count="2" type="stmt"/>
        <line num="115" count="17" type="cond" truecount="2" falsecount="0"/>
        <line num="116" count="1" type="stmt"/>
        <line num="120" count="16" type="stmt"/>
        <line num="130" count="16" type="cond" truecount="2" falsecount="0"/>
        <line num="135" count="1" type="stmt"/>
        <line num="141" count="15" type="stmt"/>
        <line num="142" count="15" type="cond" truecount="4" falsecount="0"/>
        <line num="143" count="1" type="stmt"/>
        <line num="146" count="14" type="stmt"/>
        <line num="147" count="14" type="stmt"/>
        <line num="149" count="14" type="stmt"/>
        <line num="150" count="19" type="stmt"/>
        <line num="152" count="19" type="cond" truecount="4" falsecount="0"/>
        <line num="153" count="2" type="stmt"/>
        <line num="154" count="2" type="stmt"/>
        <line num="158" count="17" type="stmt"/>
        <line num="166" count="16" type="cond" truecount="4" falsecount="0"/>
        <line num="167" count="1" type="stmt"/>
        <line num="168" count="1" type="stmt"/>
        <line num="172" count="15" type="stmt"/>
        <line num="173" count="16" type="cond" truecount="3" falsecount="0"/>
        <line num="176" count="15" type="cond" truecount="2" falsecount="0"/>
        <line num="177" count="13" type="stmt"/>
        <line num="192" count="1" type="cond" truecount="1" falsecount="1"/>
        <line num="194" count="1" type="stmt"/>
        <line num="198" count="14" type="stmt"/>
        <line num="201" count="14" type="stmt"/>
        <line num="203" count="14" type="cond" truecount="2" falsecount="0"/>
        <line num="204" count="2" type="stmt"/>
        <line num="211" count="12" type="stmt"/>
        <line num="214" count="13" type="stmt"/>
        <line num="219" count="12" type="stmt"/>
        <line num="222" count="13" type="stmt"/>
        <line num="224" count="12" type="cond" truecount="2" falsecount="0"/>
        <line num="225" count="1" type="stmt"/>
        <line num="228" count="1" type="stmt"/>
        <line num="237" count="11" type="cond" truecount="2" falsecount="0"/>
        <line num="238" count="1" type="stmt"/>
        <line num="241" count="11" type="stmt"/>
        <line num="242" count="11" type="stmt"/>
        <line num="243" count="11" type="stmt"/>
        <line num="249" count="10" type="stmt"/>
        <line num="250" count="8" type="stmt"/>
        <line num="251" count="8" type="cond" truecount="2" falsecount="0"/>
        <line num="253" count="8" type="stmt"/>
        <line num="254" count="8" type="stmt"/>
        <line num="262" count="8" type="cond" truecount="1" falsecount="1"/>
        <line num="274" count="2" type="cond" truecount="1" falsecount="1"/>
        <line num="284" count="8" type="stmt"/>
        <line num="286" count="3" type="stmt"/>
        <line num="287" count="3" type="stmt"/>
        <line num="291" count="11" type="stmt"/>
        <line num="293" count="11" type="stmt"/>
        <line num="294" count="11" type="stmt"/>
        <line num="299" count="11" type="stmt"/>
        <line num="300" count="11" type="stmt"/>
        <line num="302" count="11" type="stmt"/>
        <line num="303" count="11" type="stmt"/>
        <line num="305" count="8" type="stmt"/>
        <line num="306" count="8" type="cond" truecount="3" falsecount="1"/>
        <line num="307" count="8" type="stmt"/>
        <line num="317" count="8" type="cond" truecount="3" falsecount="1"/>
        <line num="318" count="8" type="stmt"/>
        <line num="321" count="8" type="cond" truecount="1" falsecount="1"/>
        <line num="322" count="8" type="cond" truecount="1" falsecount="1"/>
        <line num="347" count="11" type="stmt"/>
        <line num="348" count="11" type="stmt"/>
        <line num="351" count="11" type="stmt"/>
        <line num="353" count="11" type="cond" truecount="2" falsecount="0"/>
        <line num="354" count="8" type="stmt"/>
        <line num="362" count="8" type="stmt"/>
        <line num="363" count="8" type="stmt"/>
        <line num="367" count="11" type="stmt"/>
        <line num="368" count="11" type="stmt"/>
        <line num="370" count="11" type="cond" truecount="2" falsecount="0"/>
        <line num="371" count="8" type="stmt"/>
        <line num="373" count="8" type="stmt"/>
        <line num="375" count="8" type="stmt"/>
        <line num="382" count="8" type="cond" truecount="2" falsecount="0"/>
        <line num="384" count="7" type="stmt"/>
        <line num="392" count="8" type="cond" truecount="2" falsecount="0"/>
        <line num="393" count="7" type="stmt"/>
        <line num="394" count="7" type="cond" truecount="1" falsecount="1"/>
        <line num="395" count="7" type="stmt"/>
        <line num="401" count="1" type="stmt"/>
        <line num="406" count="11" type="stmt"/>
        <line num="408" count="8" type="stmt"/>
        <line num="415" count="11" type="stmt"/>
        <line num="417" count="11" type="stmt"/>
        <line num="427" count="9" type="stmt"/>
        <line num="433" count="2" type="stmt"/>
        <line num="434" count="2" type="stmt"/>
        <line num="435" count="2" type="stmt"/>
        <line num="436" count="2" type="stmt"/>
        <line num="437" count="2" type="stmt"/>
        <line num="438" count="2" type="stmt"/>
        <line num="445" count="2" type="stmt"/>
        <line num="446" count="1" type="stmt"/>
        <line num="448" count="1" type="stmt"/>
        <line num="453" count="10" type="stmt"/>
        <line num="454" count="10" type="stmt"/>
        <line num="455" count="10" type="stmt"/>
        <line num="456" count="10" type="stmt"/>
        <line num="460" count="10" type="stmt"/>
        <line num="467" count="9" type="stmt"/>
        <line num="469" count="8" type="stmt"/>
        <line num="470" count="8" type="cond" truecount="4" falsecount="0"/>
        <line num="471" count="1" type="stmt"/>
        <line num="475" count="7" type="stmt"/>
        <line num="476" count="7" type="cond" truecount="2" falsecount="0"/>
        <line num="478" count="7" type="stmt"/>
        <line num="480" count="7" type="cond" truecount="2" falsecount="0"/>
        <line num="482" count="6" type="stmt"/>
        <line num="483" count="3" type="stmt"/>
        <line num="485" count="2" type="stmt"/>
        <line num="487" count="5" type="stmt"/>
        <line num="489" count="5" type="cond" truecount="2" falsecount="0"/>
        <line num="490" count="1" type="stmt"/>
        <line num="502" count="4" type="stmt"/>
        <line num="510" count="5" type="stmt"/>
        <line num="513" count="9" type="stmt"/>
        <line num="514" count="4" type="stmt"/>
        <line num="516" count="3" type="stmt"/>
        <line num="518" count="8" type="stmt"/>
        <line num="519" count="13" type="stmt"/>
        <line num="522" count="8" type="cond" truecount="2" falsecount="0"/>
        <line num="523" count="6" type="stmt"/>
        <line num="534" count="2" type="stmt"/>
        <line num="536" count="8" type="stmt"/>
        <line num="539" count="5" type="stmt"/>
        <line num="541" count="2" type="stmt"/>
        <line num="543" count="2" type="stmt"/>
        <line num="548" count="9" type="stmt"/>
        <line num="550" count="1" type="stmt"/>
        <line num="554" count="10" type="stmt"/>
        <line num="555" count="10" type="stmt"/>
        <line num="556" count="10" type="stmt"/>
        <line num="557" count="10" type="stmt"/>
        <line num="559" count="10" type="stmt"/>
        <line num="563" count="9" type="cond" truecount="2" falsecount="0"/>
        <line num="564" count="1" type="stmt"/>
        <line num="568" count="8" type="cond" truecount="4" falsecount="0"/>
        <line num="569" count="7" type="stmt"/>
        <line num="571" count="7" type="stmt"/>
        <line num="572" count="7" type="cond" truecount="2" falsecount="0"/>
        <line num="574" count="7" type="cond" truecount="2" falsecount="0"/>
        <line num="576" count="8" type="stmt"/>
        <line num="577" count="4" type="stmt"/>
        <line num="579" count="3" type="stmt"/>
        <line num="581" count="7" type="stmt"/>
        <line num="583" count="7" type="cond" truecount="2" falsecount="0"/>
        <line num="584" count="2" type="stmt"/>
        <line num="596" count="5" type="stmt"/>
        <line num="604" count="7" type="stmt"/>
        <line num="607" count="6" type="stmt"/>
        <line num="608" count="3" type="stmt"/>
        <line num="610" count="3" type="stmt"/>
        <line num="612" count="6" type="stmt"/>
        <line num="613" count="6" type="stmt"/>
        <line num="616" count="6" type="cond" truecount="2" falsecount="0"/>
        <line num="617" count="3" type="stmt"/>
        <line num="628" count="3" type="stmt"/>
        <line num="630" count="6" type="stmt"/>
        <line num="633" count="1" type="stmt"/>
        <line num="635" count="1" type="stmt"/>
        <line num="639" count="8" type="stmt"/>
        <line num="641" count="1" type="stmt"/>
        <line num="646" count="9" type="stmt"/>
        <line num="647" count="9" type="stmt"/>
        <line num="648" count="9" type="stmt"/>
        <line num="649" count="9" type="stmt"/>
        <line num="650" count="9" type="stmt"/>
        <line num="653" count="9" type="stmt"/>
        <line num="655" count="8" type="cond" truecount="2" falsecount="0"/>
        <line num="656" count="2" type="stmt"/>
        <line num="659" count="6" type="stmt"/>
        <line num="663" count="5" type="cond" truecount="2" falsecount="0"/>
        <line num="664" count="1" type="stmt"/>
        <line num="668" count="4" type="stmt"/>
        <line num="670" count="4" type="cond" truecount="2" falsecount="0"/>
        <line num="672" count="4" type="cond" truecount="2" falsecount="0"/>
        <line num="673" count="1" type="stmt"/>
        <line num="677" count="3" type="stmt"/>
        <line num="680" count="3" type="cond" truecount="1" falsecount="1"/>
        <line num="681" count="3" type="cond" truecount="2" falsecount="0"/>
        <line num="682" count="1" type="stmt"/>
        <line num="685" count="3" type="stmt"/>
        <line num="687" count="3" type="stmt"/>
        <line num="689" count="2" type="stmt"/>
        <line num="694" count="4" type="stmt"/>
        <line num="695" count="4" type="stmt"/>
        <line num="696" count="4" type="stmt"/>
        <line num="697" count="4" type="stmt"/>
        <line num="700" count="2" type="cond" truecount="2" falsecount="0"/>
        <line num="701" count="1" type="stmt"/>
        <line num="703" count="1" type="stmt"/>
        <line num="705" count="2" type="stmt"/>
        <line num="711" count="7" type="stmt"/>
        <line num="712" count="7" type="stmt"/>
        <line num="713" count="7" type="stmt"/>
        <line num="714" count="7" type="stmt"/>
        <line num="716" count="7" type="stmt"/>
        <line num="717" count="7" type="stmt"/>
        <line num="718" count="7" type="stmt"/>
        <line num="720" count="7" type="stmt"/>
        <line num="721" count="7" type="stmt"/>
        <line num="722" count="7" type="stmt"/>
        <line num="723" count="7" type="stmt"/>
        <line num="726" count="7" type="cond" truecount="2" falsecount="0"/>
        <line num="727" count="7" type="stmt"/>
        <line num="729" count="7" type="cond" truecount="2" falsecount="0"/>
        <line num="730" count="1" type="stmt"/>
        <line num="731" count="1" type="stmt"/>
        <line num="735" count="6" type="cond" truecount="2" falsecount="0"/>
        <line num="736" count="1" type="stmt"/>
        <line num="737" count="1" type="stmt"/>
        <line num="740" count="5" type="stmt"/>
        <line num="741" count="5" type="stmt"/>
        <line num="744" count="4" type="stmt"/>
        <line num="746" count="4" type="cond" truecount="2" falsecount="0"/>
        <line num="747" count="1" type="stmt"/>
        <line num="748" count="1" type="stmt"/>
        <line num="752" count="3" type="cond" truecount="1" falsecount="1"/>
        <line num="753" count="3" type="stmt"/>
        <line num="755" count="3" type="cond" truecount="2" falsecount="0"/>
        <line num="756" count="1" type="stmt"/>
        <line num="757" count="1" type="stmt"/>
        <line num="761" count="2" type="stmt"/>
        <line num="762" count="2" type="stmt"/>
        <line num="766" count="2" type="stmt"/>
        <line num="768" count="2" type="stmt"/>
        <line num="769" count="2" type="stmt"/>
        <line num="771" count="1" type="stmt"/>
        <line num="772" count="1" type="stmt"/>
        <line num="773" count="1" type="stmt"/>
        <line num="774" count="1" type="stmt"/>
        <line num="775" count="1" type="stmt"/>
        <line num="781" count="5" type="stmt"/>
        <line num="782" count="5" type="stmt"/>
        <line num="783" count="5" type="stmt"/>
        <line num="784" count="5" type="stmt"/>
        <line num="786" count="5" type="stmt"/>
        <line num="790" count="4" type="cond" truecount="2" falsecount="0"/>
        <line num="791" count="1" type="stmt"/>
        <line num="795" count="3" type="cond" truecount="2" falsecount="0"/>
        <line num="796" count="1" type="stmt"/>
        <line num="802" count="2" type="cond" truecount="1" falsecount="1"/>
        <line num="803" count="2" type="cond" truecount="2" falsecount="0"/>
        <line num="804" count="1" type="stmt"/>
        <line num="810" count="1" type="stmt"/>
        <line num="815" count="1" type="stmt"/>
        <line num="817" count="1" type="stmt"/>
        <line num="823" count="6" type="stmt"/>
        <line num="824" count="6" type="stmt"/>
        <line num="825" count="6" type="stmt"/>
        <line num="826" count="6" type="stmt"/>
        <line num="827" count="6" type="stmt"/>
        <line num="829" count="6" type="stmt"/>
        <line num="833" count="4" type="cond" truecount="2" falsecount="0"/>
        <line num="834" count="1" type="stmt"/>
        <line num="838" count="3" type="cond" truecount="2" falsecount="0"/>
        <line num="839" count="1" type="stmt"/>
        <line num="845" count="2" type="stmt"/>
        <line num="850" count="1" type="stmt"/>
        <line num="852" count="3" type="stmt"/>
        <line num="858" count="7" type="stmt"/>
        <line num="859" count="7" type="stmt"/>
        <line num="860" count="7" type="stmt"/>
        <line num="861" count="7" type="stmt"/>
        <line num="862" count="7" type="stmt"/>
        <line num="863" count="7" type="stmt"/>
        <line num="866" count="7" type="stmt"/>
        <line num="872" count="7" type="stmt"/>
        <line num="875" count="7" type="stmt"/>
        <line num="877" count="6" type="cond" truecount="5" falsecount="0"/>
        <line num="879" count="3" type="stmt"/>
        <line num="880" count="5" type="cond" truecount="2" falsecount="0"/>
        <line num="881" count="2" type="stmt"/>
        <line num="883" count="3" type="stmt"/>
        <line num="887" count="3" type="stmt"/>
        <line num="898" count="6" type="stmt"/>
        <line num="905" count="6" type="stmt"/>
        <line num="908" count="6" type="stmt"/>
        <line num="910" count="6" type="cond" truecount="4" falsecount="0"/>
        <line num="911" count="2" type="stmt"/>
        <line num="920" count="8" type="stmt"/>
        <line num="921" count="4" type="stmt"/>
        <line num="923" count="4" type="stmt"/>
        <line num="927" count="6" type="stmt"/>
        <line num="933" count="6" type="stmt"/>
        <line num="938" count="1" type="stmt"/>
        <line num="943" count="4" type="stmt"/>
      </file>
      <file name="UserController.js" path="D:\Hactiv8\Phase 3\Final-Project-HCK87\server\controllers\UserController.js">
        <metrics statements="100" coveredstatements="97" conditionals="48" coveredconditionals="45" methods="15" coveredmethods="15"/>
        <line num="1" count="4" type="stmt"/>
        <line num="2" count="4" type="stmt"/>
        <line num="3" count="4" type="stmt"/>
        <line num="7" count="37" type="stmt"/>
        <line num="8" count="37" type="stmt"/>
        <line num="9" count="37" type="stmt"/>
        <line num="13" count="5" type="stmt"/>
        <line num="14" count="5" type="stmt"/>
        <line num="15" count="5" type="stmt"/>
        <line num="16" count="5" type="stmt"/>
        <line num="17" count="4" type="cond" truecount="2" falsecount="0"/>
        <line num="18" count="3" type="stmt"/>
        <line num="25" count="3" type="stmt"/>
        <line num="26" count="2" type="stmt"/>
        <line num="27" count="2" type="stmt"/>
        <line num="29" count="1" type="stmt"/>
        <line num="31" count="2" type="stmt"/>
        <line num="36" count="9" type="stmt"/>
        <line num="37" count="9" type="stmt"/>
        <line num="38" count="9" type="cond" truecount="2" falsecount="0"/>
        <line num="39" count="2" type="stmt"/>
        <line num="41" count="7" type="stmt"/>
        <line num="42" count="7" type="stmt"/>
        <line num="43" count="7" type="cond" truecount="2" falsecount="0"/>
        <line num="44" count="1" type="stmt"/>
        <line num="46" count="6" type="stmt"/>
        <line num="47" count="6" type="stmt"/>
        <line num="48" count="6" type="stmt"/>
        <line num="49" count="6" type="cond" truecount="1" falsecount="1"/>
        <line num="50" count="6" type="cond" truecount="2" falsecount="0"/>
        <line num="51" count="6" type="cond" truecount="2" falsecount="0"/>
        <line num="52" count="1" type="stmt"/>
        <line num="54" count="5" type="stmt"/>
        <line num="55" count="5" type="stmt"/>
        <line num="59" count="4" type="stmt"/>
        <line num="61" count="0" type="stmt"/>
        <line num="63" count="1" type="stmt"/>
        <line num="68" count="13" type="stmt"/>
        <line num="69" count="13" type="stmt"/>
        <line num="70" count="13" type="stmt"/>
        <line num="71" count="13" type="stmt"/>
        <line num="73" count="13" type="cond" truecount="1" falsecount="1"/>
        <line num="74" count="0" type="stmt"/>
        <line num="77" count="13" type="stmt"/>
        <line num="78" count="14" type="stmt"/>
        <line num="79" count="12" type="stmt"/>
        <line num="82" count="12" type="stmt"/>
        <line num="83" count="12" type="stmt"/>
        <line num="85" count="12" type="stmt"/>
        <line num="88" count="13" type="stmt"/>
        <line num="89" count="13" type="stmt"/>
        <line num="92" count="13" type="cond" truecount="4" falsecount="0"/>
        <line num="93" count="8" type="stmt"/>
        <line num="98" count="8" type="cond" truecount="2" falsecount="0"/>
        <line num="99" count="8" type="cond" truecount="2" falsecount="0"/>
        <line num="102" count="5" type="cond" truecount="2" falsecount="0"/>
        <line num="103" count="3" type="stmt"/>
        <line num="104" count="3" type="cond" truecount="2" falsecount="0"/>
        <line num="105" count="3" type="cond" truecount="2" falsecount="0"/>
        <line num="109" count="13" type="stmt"/>
        <line num="128" count="12" type="stmt"/>
        <line num="130" count="1" type="stmt"/>
        <line num="135" count="3" type="stmt"/>
        <line num="136" count="3" type="stmt"/>
        <line num="137" count="3" type="stmt"/>
        <line num="138" count="3" type="stmt"/>
        <line num="140" count="3" type="stmt"/>
        <line num="145" count="2" type="cond" truecount="2" falsecount="0"/>
        <line num="146" count="1" type="stmt"/>
        <line num="149" count="1" type="stmt"/>
        <line num="151" count="1" type="stmt"/>
        <line num="156" count="3" type="stmt"/>
        <line num="157" count="3" type="stmt"/>
        <line num="158" count="3" type="stmt"/>
        <line num="160" count="3" type="stmt"/>
        <line num="162" count="2" type="stmt"/>
        <line num="164" count="1" type="stmt"/>
        <line num="169" count="7" type="stmt"/>
        <line num="170" count="7" type="stmt"/>
        <line num="171" count="7" type="stmt"/>
        <line num="172" count="7" type="stmt"/>
        <line num="174" count="7" type="cond" truecount="1" falsecount="1"/>
        <line num="175" count="0" type="stmt"/>
        <line num="179" count="7" type="cond" truecount="4" falsecount="0"/>
        <line num="180" count="2" type="stmt"/>
        <line num="184" count="5" type="stmt"/>
        <line num="185" count="8" type="stmt"/>
        <line num="186" count="4" type="stmt"/>
        <line num="189" count="4" type="stmt"/>
        <line num="190" count="4" type="stmt"/>
        <line num="191" count="7" type="cond" truecount="4" falsecount="0"/>
        <line num="192" count="7" type="stmt"/>
        <line num="197" count="5" type="stmt"/>
        <line num="200" count="4" type="stmt"/>
        <line num="201" count="4" type="stmt"/>
        <line num="202" count="4" type="stmt"/>
        <line num="207" count="4" type="stmt"/>
        <line num="214" count="3" type="stmt"/>
        <line num="216" count="2" type="stmt"/>
        <line num="220" count="4" type="stmt"/>
      </file>
    </package>
    <package name="server.middleware">
      <metrics statements="23" coveredstatements="21" conditionals="6" coveredconditionals="4" methods="2" coveredmethods="2"/>
      <file name="auth.js" path="D:\Hactiv8\Phase 3\Final-Project-HCK87\server\middleware\auth.js">
        <metrics statements="13" coveredstatements="12" conditionals="4" coveredconditionals="3" methods="1" coveredmethods="1"/>
        <line num="1" count="4" type="stmt"/>
        <line num="3" count="4" type="stmt"/>
        <line num="4" count="41" type="stmt"/>
        <line num="5" count="41" type="cond" truecount="1" falsecount="1"/>
        <line num="6" count="0" type="stmt"/>
        <line num="8" count="41" type="stmt"/>
        <line num="9" count="41" type="stmt"/>
        <line num="10" count="41" type="stmt"/>
        <line num="12" count="41" type="cond" truecount="2" falsecount="0"/>
        <line num="13" count="6" type="stmt"/>
        <line num="16" count="35" type="stmt"/>
        <line num="17" count="35" type="stmt"/>
        <line num="20" count="4" type="stmt"/>
      </file>
      <file name="upload.js" path="D:\Hactiv8\Phase 3\Final-Project-HCK87\server\middleware\upload.js">
        <metrics statements="10" coveredstatements="9" conditionals="2" coveredconditionals="1" methods="1" coveredmethods="1"/>
        <line num="1" count="4" type="stmt"/>
        <line num="2" count="4" type="stmt"/>
        <line num="5" count="4" type="stmt"/>
        <line num="8" count="4" type="stmt"/>
        <line num="9" count="70" type="stmt"/>
        <line num="20" count="70" type="cond" truecount="1" falsecount="1"/>
        <line num="21" count="70" type="stmt"/>
        <line num="23" count="0" type="stmt"/>
        <line num="28" count="4" type="stmt"/>
        <line num="33" count="4" type="stmt"/>
      </file>
    </package>
    <package name="server.routes">
      <metrics statements="47" coveredstatements="46" conditionals="0" coveredconditionals="0" methods="1" coveredmethods="0"/>
      <file name="artists.js" path="D:\Hactiv8\Phase 3\Final-Project-HCK87\server\routes\artists.js">
        <metrics statements="4" coveredstatements="4" conditionals="0" coveredconditionals="0" methods="0" coveredmethods="0"/>
        <line num="1" count="4" type="stmt"/>
        <line num="2" count="4" type="stmt"/>
        <line num="6" count="4" type="stmt"/>
        <line num="8" count="4" type="stmt"/>
      </file>
      <file name="index.js" path="D:\Hactiv8\Phase 3\Final-Project-HCK87\server\routes\index.js">
        <metrics statements="12" coveredstatements="11" conditionals="0" coveredconditionals="0" methods="1" coveredmethods="0"/>
        <line num="1" count="4" type="stmt"/>
        <line num="2" count="4" type="stmt"/>
        <line num="3" count="4" type="stmt"/>
        <line num="4" count="4" type="stmt"/>
        <line num="5" count="4" type="stmt"/>
        <line num="7" count="4" type="stmt"/>
        <line num="8" count="0" type="stmt"/>
        <line num="11" count="4" type="stmt"/>
        <line num="12" count="4" type="stmt"/>
        <line num="13" count="4" type="stmt"/>
        <line num="14" count="4" type="stmt"/>
        <line num="16" count="4" type="stmt"/>
      </file>
      <file name="playlists.js" path="D:\Hactiv8\Phase 3\Final-Project-HCK87\server\routes\playlists.js">
        <metrics statements="13" coveredstatements="13" conditionals="0" coveredconditionals="0" methods="0" coveredmethods="0"/>
        <line num="1" count="4" type="stmt"/>
        <line num="2" count="4" type="stmt"/>
        <line num="4" count="4" type="stmt"/>
        <line num="5" count="4" type="stmt"/>
        <line num="6" count="4" type="stmt"/>
        <line num="7" count="4" type="stmt"/>
        <line num="10" count="4" type="stmt"/>
        <line num="11" count="4" type="stmt"/>
        <line num="12" count="4" type="stmt"/>
        <line num="15" count="4" type="stmt"/>
        <line num="16" count="4" type="stmt"/>
        <line num="17" count="4" type="stmt"/>
        <line num="19" count="4" type="stmt"/>
      </file>
      <file name="songs.js" path="D:\Hactiv8\Phase 3\Final-Project-HCK87\server\routes\songs.js">
        <metrics statements="8" coveredstatements="8" conditionals="0" coveredconditionals="0" methods="0" coveredmethods="0"/>
        <line num="1" count="4" type="stmt"/>
        <line num="2" count="4" type="stmt"/>
        <line num="3" count="4" type="stmt"/>
        <line num="5" count="4" type="stmt"/>
        <line num="6" count="4" type="stmt"/>
        <line num="7" count="4" type="stmt"/>
        <line num="8" count="4" type="stmt"/>
        <line num="11" count="4" type="stmt"/>
      </file>
      <file name="users.js" path="D:\Hactiv8\Phase 3\Final-Project-HCK87\server\routes\users.js">
        <metrics statements="10" coveredstatements="10" conditionals="0" coveredconditionals="0" methods="0" coveredmethods="0"/>
        <line num="1" count="4" type="stmt"/>
        <line num="2" count="4" type="stmt"/>
        <line num="4" count="4" type="stmt"/>
        <line num="6" count="4" type="stmt"/>
        <line num="7" count="4" type="stmt"/>
        <line num="8" count="4" type="stmt"/>
        <line num="9" count="4" type="stmt"/>
        <line num="10" count="4" type="stmt"/>
        <line num="11" count="4" type="stmt"/>
        <line num="13" count="4" type="stmt"/>
      </file>
    </package>
  </project>
</coverage>
