{"D:\\Hactiv8\\Phase 3\\Final-Project-HCK87\\server\\app.js": {"path":"D:\\Hactiv8\\Phase 3\\Final-Project-HCK87\\server\\app.js","statementMap":{"0":{"start":{"line":1,"column":0},"end":{"line":3,"column":1}},"1":{"start":{"line":2,"column":2},"end":{"line":2,"column":29}},"2":{"start":{"line":4,"column":16},"end":{"line":4,"column":34}},"3":{"start":{"line":5,"column":15},"end":{"line":5,"column":34}},"4":{"start":{"line":6,"column":21},"end":{"line":6,"column":46}},"5":{"start":{"line":7,"column":12},"end":{"line":7,"column":21}},"6":{"start":{"line":9,"column":0},"end":{"line":9,"column":27}},"7":{"start":{"line":10,"column":0},"end":{"line":10,"column":41}},"8":{"start":{"line":11,"column":0},"end":{"line":11,"column":63}},"9":{"start":{"line":13,"column":0},"end":{"line":13,"column":21}},"10":{"start":{"line":15,"column":0},"end":{"line":15,"column":16}},"11":{"start":{"line":17,"column":0},"end":{"line":17,"column":22}},"12":{"start":{"line":19,"column":0},"end":{"line":19,"column":21}}},"fnMap":{},"branchMap":{"0":{"loc":{"start":{"line":1,"column":0},"end":{"line":3,"column":1}},"type":"if","locations":[{"start":{"line":1,"column":0},"end":{"line":3,"column":1}},{"start":{},"end":{}}],"line":1}},"s":{"0":4,"1":4,"2":4,"3":4,"4":4,"5":4,"6":4,"7":4,"8":4,"9":4,"10":4,"11":4,"12":4},"f":{},"b":{"0":[4,0]},"_coverageSchema":"1a1c01bbd47fc00a2c39e90264f33305004495a9","hash":"b231c6be246978621018bfa7e8d890a1488b335c"}
,"D:\\Hactiv8\\Phase 3\\Final-Project-HCK87\\server\\errorHandler.js": {"path":"D:\\Hactiv8\\Phase 3\\Final-Project-HCK87\\server\\errorHandler.js","statementMap":{"0":{"start":{"line":1,"column":21},"end":{"line":26,"column":1}},"1":{"start":{"line":2,"column":2},"end":{"line":2,"column":29}},"2":{"start":{"line":3,"column":2},"end":{"line":24,"column":3}},"3":{"start":{"line":5,"column":6},"end":{"line":8,"column":7}},"4":{"start":{"line":10,"column":6},"end":{"line":13,"column":7}},"5":{"start":{"line":15,"column":6},"end":{"line":18,"column":7}},"6":{"start":{"line":20,"column":6},"end":{"line":23,"column":9}},"7":{"start":{"line":27,"column":0},"end":{"line":27,"column":30}}},"fnMap":{"0":{"name":"(anonymous_0)","decl":{"start":{"line":1,"column":21},"end":{"line":1,"column":22}},"loc":{"start":{"line":1,"column":46},"end":{"line":26,"column":1}},"line":1}},"branchMap":{"0":{"loc":{"start":{"line":3,"column":2},"end":{"line":24,"column":3}},"type":"switch","locations":[{"start":{"line":4,"column":4},"end":{"line":8,"column":7}},{"start":{"line":9,"column":4},"end":{"line":13,"column":7}},{"start":{"line":14,"column":4},"end":{"line":18,"column":7}},{"start":{"line":19,"column":4},"end":{"line":23,"column":9}}],"line":3},"1":{"loc":{"start":{"line":22,"column":15},"end":{"line":22,"column":79}},"type":"cond-expr","locations":[{"start":{"line":22,"column":56},"end":{"line":22,"column":67}},{"start":{"line":22,"column":70},"end":{"line":22,"column":79}}],"line":22}},"s":{"0":5,"1":44,"2":44,"3":1,"4":1,"5":1,"6":41,"7":5},"f":{"0":44},"b":{"0":[1,1,1,41],"1":[6,35]},"_coverageSchema":"1a1c01bbd47fc00a2c39e90264f33305004495a9","hash":"a9507078d03f997698284d89911e7d5c3a2c4672"}
,"D:\\Hactiv8\\Phase 3\\Final-Project-HCK87\\server\\config\\mongodb.js": {"path":"D:\\Hactiv8\\Phase 3\\Final-Project-HCK87\\server\\config\\mongodb.js","statementMap":{"0":{"start":{"line":1,"column":24},"end":{"line":1,"column":42}},"1":{"start":{"line":3,"column":12},"end":{"line":3,"column":35}},"2":{"start":{"line":4,"column":15},"end":{"line":4,"column":35}},"3":{"start":{"line":5,"column":9},"end":{"line":5,"column":13}},"4":{"start":{"line":8,"column":4},"end":{"line":13,"column":5}},"5":{"start":{"line":9,"column":8},"end":{"line":9,"column":49}},"6":{"start":{"line":10,"column":8},"end":{"line":10,"column":17}},"7":{"start":{"line":12,"column":8},"end":{"line":12,"column":58}},"8":{"start":{"line":17,"column":4},"end":{"line":17,"column":25}},"9":{"start":{"line":17,"column":13},"end":{"line":17,"column":25}},"10":{"start":{"line":18,"column":4},"end":{"line":18,"column":13}},"11":{"start":{"line":21,"column":0},"end":{"line":21,"column":24}}},"fnMap":{"0":{"name":"run","decl":{"start":{"line":7,"column":9},"end":{"line":7,"column":12}},"loc":{"start":{"line":7,"column":15},"end":{"line":14,"column":1}},"line":7},"1":{"name":"getDB","decl":{"start":{"line":16,"column":9},"end":{"line":16,"column":14}},"loc":{"start":{"line":16,"column":17},"end":{"line":19,"column":1}},"line":16}},"branchMap":{"0":{"loc":{"start":{"line":17,"column":4},"end":{"line":17,"column":25}},"type":"if","locations":[{"start":{"line":17,"column":4},"end":{"line":17,"column":25}},{"start":{},"end":{}}],"line":17}},"s":{"0":1,"1":1,"2":1,"3":1,"4":0,"5":0,"6":0,"7":0,"8":0,"9":0,"10":0,"11":1},"f":{"0":0,"1":0},"b":{"0":[0,0]},"_coverageSchema":"1a1c01bbd47fc00a2c39e90264f33305004495a9","hash":"45dcc9ba6739bbce62027642f41829b9d4eed591"}
,"D:\\Hactiv8\\Phase 3\\Final-Project-HCK87\\server\\controllers\\Controller.js": {"path":"D:\\Hactiv8\\Phase 3\\Final-Project-HCK87\\server\\controllers\\Controller.js","statementMap":{"0":{"start":{"line":1,"column":21},"end":{"line":1,"column":39}},"1":{"start":{"line":2,"column":18},"end":{"line":2,"column":46}},"2":{"start":{"line":3,"column":14},"end":{"line":3,"column":30}},"3":{"start":{"line":4,"column":17},"end":{"line":4,"column":37}},"4":{"start":{"line":8,"column":15},"end":{"line":8,"column":22}},"5":{"start":{"line":9,"column":23},"end":{"line":9,"column":45}},"6":{"start":{"line":10,"column":4},"end":{"line":10,"column":22}},"7":{"start":{"line":14,"column":15},"end":{"line":14,"column":22}},"8":{"start":{"line":15,"column":23},"end":{"line":15,"column":47}},"9":{"start":{"line":16,"column":4},"end":{"line":16,"column":22}},"10":{"start":{"line":20,"column":4},"end":{"line":209,"column":5}},"11":{"start":{"line":21,"column":23},"end":{"line":21,"column":36}},"12":{"start":{"line":23,"column":6},"end":{"line":23,"column":69}},"13":{"start":{"line":26,"column":6},"end":{"line":29,"column":7}},"14":{"start":{"line":27,"column":8},"end":{"line":27,"column":62}},"15":{"start":{"line":28,"column":8},"end":{"line":28,"column":77}},"16":{"start":{"line":31,"column":32},"end":{"line":31,"column":65}},"17":{"start":{"line":32,"column":21},"end":{"line":32,"column":85}},"18":{"start":{"line":34,"column":6},"end":{"line":37,"column":7}},"19":{"start":{"line":35,"column":8},"end":{"line":35,"column":63}},"20":{"start":{"line":36,"column":8},"end":{"line":36,"column":69}},"21":{"start":{"line":39,"column":6},"end":{"line":39,"column":55}},"22":{"start":{"line":42,"column":19},"end":{"line":42,"column":47}},"23":{"start":{"line":43,"column":22},"end":{"line":43,"column":47}},"24":{"start":{"line":44,"column":20},"end":{"line":44,"column":51}},"25":{"start":{"line":47,"column":6},"end":{"line":200,"column":7}},"26":{"start":{"line":48,"column":33},"end":{"line":48,"column":88}},"27":{"start":{"line":50,"column":8},"end":{"line":50,"column":86}},"28":{"start":{"line":51,"column":8},"end":{"line":51,"column":85}},"29":{"start":{"line":54,"column":23},"end":{"line":60,"column":9}},"30":{"start":{"line":63,"column":8},"end":{"line":75,"column":9}},"31":{"start":{"line":65,"column":31},"end":{"line":73,"column":11}},"32":{"start":{"line":74,"column":10},"end":{"line":74,"column":64}},"33":{"start":{"line":77,"column":25},"end":{"line":80,"column":10}},"34":{"start":{"line":83,"column":23},"end":{"line":83,"column":60}},"35":{"start":{"line":85,"column":8},"end":{"line":85,"column":71}},"36":{"start":{"line":88,"column":34},"end":{"line":115,"column":10}},"37":{"start":{"line":89,"column":24},"end":{"line":89,"column":58}},"38":{"start":{"line":90,"column":29},"end":{"line":90,"column":68}},"39":{"start":{"line":92,"column":10},"end":{"line":114,"column":12}},"40":{"start":{"line":104,"column":61},"end":{"line":104,"column":67}},"41":{"start":{"line":108,"column":49},"end":{"line":113,"column":15}},"42":{"start":{"line":117,"column":8},"end":{"line":117,"column":72}},"43":{"start":{"line":119,"column":8},"end":{"line":127,"column":11}},"44":{"start":{"line":130,"column":8},"end":{"line":142,"column":9}},"45":{"start":{"line":131,"column":10},"end":{"line":131,"column":66}},"46":{"start":{"line":132,"column":10},"end":{"line":141,"column":13}},"47":{"start":{"line":144,"column":8},"end":{"line":156,"column":9}},"48":{"start":{"line":145,"column":10},"end":{"line":145,"column":81}},"49":{"start":{"line":146,"column":10},"end":{"line":155,"column":13}},"50":{"start":{"line":158,"column":8},"end":{"line":170,"column":9}},"51":{"start":{"line":159,"column":10},"end":{"line":159,"column":81}},"52":{"start":{"line":160,"column":10},"end":{"line":169,"column":13}},"53":{"start":{"line":172,"column":8},"end":{"line":184,"column":9}},"54":{"start":{"line":173,"column":10},"end":{"line":173,"column":54}},"55":{"start":{"line":174,"column":10},"end":{"line":183,"column":13}},"56":{"start":{"line":186,"column":8},"end":{"line":186,"column":78}},"57":{"start":{"line":187,"column":8},"end":{"line":187,"column":78}},"58":{"start":{"line":188,"column":8},"end":{"line":188,"column":74}},"59":{"start":{"line":190,"column":8},"end":{"line":199,"column":11}},"60":{"start":{"line":202,"column":6},"end":{"line":202,"column":68}},"61":{"start":{"line":203,"column":6},"end":{"line":203,"column":49}},"62":{"start":{"line":205,"column":6},"end":{"line":208,"column":9}},"63":{"start":{"line":213,"column":4},"end":{"line":234,"column":5}},"64":{"start":{"line":214,"column":23},"end":{"line":229,"column":7}},"65":{"start":{"line":230,"column":6},"end":{"line":230,"column":40}},"66":{"start":{"line":232,"column":6},"end":{"line":232,"column":69}},"67":{"start":{"line":233,"column":6},"end":{"line":233,"column":18}},"68":{"start":{"line":238,"column":4},"end":{"line":262,"column":5}},"69":{"start":{"line":239,"column":23},"end":{"line":248,"column":8}},"70":{"start":{"line":250,"column":6},"end":{"line":257,"column":7}},"71":{"start":{"line":251,"column":23},"end":{"line":251,"column":53}},"72":{"start":{"line":252,"column":8},"end":{"line":256,"column":10}},"73":{"start":{"line":258,"column":6},"end":{"line":258,"column":18}},"74":{"start":{"line":260,"column":6},"end":{"line":260,"column":88}},"75":{"start":{"line":261,"column":6},"end":{"line":261,"column":18}},"76":{"start":{"line":266,"column":4},"end":{"line":292,"column":5}},"77":{"start":{"line":268,"column":23},"end":{"line":277,"column":8}},"78":{"start":{"line":279,"column":6},"end":{"line":287,"column":7}},"79":{"start":{"line":280,"column":22},"end":{"line":280,"column":51}},"80":{"start":{"line":281,"column":8},"end":{"line":286,"column":10}},"81":{"start":{"line":288,"column":6},"end":{"line":288,"column":18}},"82":{"start":{"line":290,"column":6},"end":{"line":290,"column":91}},"83":{"start":{"line":291,"column":6},"end":{"line":291,"column":18}},"84":{"start":{"line":296,"column":23},"end":{"line":296,"column":56}},"85":{"start":{"line":299,"column":17},"end":{"line":303,"column":30}},"86":{"start":{"line":306,"column":27},"end":{"line":306,"column":61}},"87":{"start":{"line":308,"column":4},"end":{"line":310,"column":5}},"88":{"start":{"line":309,"column":6},"end":{"line":309,"column":28}},"89":{"start":{"line":313,"column":22},"end":{"line":318,"column":5}},"90":{"start":{"line":320,"column":19},"end":{"line":320,"column":56}},"91":{"start":{"line":321,"column":4},"end":{"line":321,"column":52}},"92":{"start":{"line":325,"column":4},"end":{"line":363,"column":5}},"93":{"start":{"line":338,"column":10},"end":{"line":338,"column":18}},"94":{"start":{"line":339,"column":25},"end":{"line":339,"column":51}},"95":{"start":{"line":341,"column":19},"end":{"line":341,"column":68}},"96":{"start":{"line":342,"column":6},"end":{"line":359,"column":7}},"97":{"start":{"line":343,"column":24},"end":{"line":355,"column":9}},"98":{"start":{"line":356,"column":23},"end":{"line":356,"column":58}},"99":{"start":{"line":357,"column":30},"end":{"line":357,"column":68}},"100":{"start":{"line":358,"column":8},"end":{"line":358,"column":58}},"101":{"start":{"line":360,"column":6},"end":{"line":360,"column":40}},"102":{"start":{"line":362,"column":6},"end":{"line":362,"column":18}},"103":{"start":{"line":367,"column":4},"end":{"line":634,"column":5}},"104":{"start":{"line":368,"column":6},"end":{"line":370,"column":7}},"105":{"start":{"line":369,"column":8},"end":{"line":369,"column":75}},"106":{"start":{"line":372,"column":6},"end":{"line":372,"column":60}},"107":{"start":{"line":374,"column":23},"end":{"line":374,"column":37}},"108":{"start":{"line":375,"column":6},"end":{"line":378,"column":9}},"109":{"start":{"line":380,"column":29},"end":{"line":390,"column":8}},"110":{"start":{"line":392,"column":6},"end":{"line":397,"column":7}},"111":{"start":{"line":393,"column":8},"end":{"line":396,"column":11}},"112":{"start":{"line":399,"column":20},"end":{"line":399,"column":45}},"113":{"start":{"line":402,"column":19},"end":{"line":402,"column":35}},"114":{"start":{"line":403,"column":20},"end":{"line":403,"column":44}},"115":{"start":{"line":404,"column":25},"end":{"line":404,"column":59}},"116":{"start":{"line":407,"column":20},"end":{"line":407,"column":35}},"117":{"start":{"line":410,"column":28},"end":{"line":410,"column":84}},"118":{"start":{"line":413,"column":28},"end":{"line":413,"column":30}},"119":{"start":{"line":414,"column":6},"end":{"line":421,"column":7}},"120":{"start":{"line":415,"column":33},"end":{"line":417,"column":9}},"121":{"start":{"line":416,"column":17},"end":{"line":416,"column":66}},"122":{"start":{"line":418,"column":8},"end":{"line":420,"column":9}},"123":{"start":{"line":419,"column":10},"end":{"line":419,"column":82}},"124":{"start":{"line":424,"column":24},"end":{"line":424,"column":26}},"125":{"start":{"line":425,"column":6},"end":{"line":430,"column":7}},"126":{"start":{"line":426,"column":30},"end":{"line":426,"column":77}},"127":{"start":{"line":426,"column":60},"end":{"line":426,"column":76}},"128":{"start":{"line":427,"column":8},"end":{"line":429,"column":9}},"129":{"start":{"line":428,"column":10},"end":{"line":428,"column":42}},"130":{"start":{"line":433,"column":27},"end":{"line":433,"column":37}},"131":{"start":{"line":436,"column":20},"end":{"line":436,"column":54}},"132":{"start":{"line":439,"column":26},"end":{"line":439,"column":27}},"133":{"start":{"line":442,"column":26},"end":{"line":442,"column":28}},"134":{"start":{"line":445,"column":31},"end":{"line":445,"column":61}},"135":{"start":{"line":447,"column":6},"end":{"line":447,"column":79}},"136":{"start":{"line":451,"column":26},"end":{"line":454,"column":42}},"137":{"start":{"line":453,"column":23},"end":{"line":453,"column":34}},"138":{"start":{"line":454,"column":26},"end":{"line":454,"column":41}},"139":{"start":{"line":456,"column":6},"end":{"line":456,"column":51}},"140":{"start":{"line":459,"column":6},"end":{"line":459,"column":50}},"141":{"start":{"line":460,"column":27},"end":{"line":460,"column":61}},"142":{"start":{"line":463,"column":29},"end":{"line":463,"column":33}},"143":{"start":{"line":464,"column":6},"end":{"line":472,"column":7}},"144":{"start":{"line":465,"column":8},"end":{"line":465,"column":61}},"145":{"start":{"line":466,"column":8},"end":{"line":466,"column":83}},"146":{"start":{"line":467,"column":8},"end":{"line":471,"column":9}},"147":{"start":{"line":468,"column":10},"end":{"line":468,"column":66}},"148":{"start":{"line":470,"column":10},"end":{"line":470,"column":71}},"149":{"start":{"line":475,"column":24},"end":{"line":475,"column":26}},"150":{"start":{"line":476,"column":6},"end":{"line":476,"column":61}},"151":{"start":{"line":479,"column":36},"end":{"line":481,"column":7}},"152":{"start":{"line":480,"column":8},"end":{"line":480,"column":97}},"153":{"start":{"line":482,"column":33},"end":{"line":482,"column":73}},"154":{"start":{"line":485,"column":6},"end":{"line":508,"column":7}},"155":{"start":{"line":485,"column":19},"end":{"line":485,"column":20}},"156":{"start":{"line":486,"column":21},"end":{"line":486,"column":35}},"157":{"start":{"line":487,"column":28},"end":{"line":487,"column":49}},"158":{"start":{"line":490,"column":31},"end":{"line":490,"column":73}},"159":{"start":{"line":492,"column":23},"end":{"line":495,"column":10}},"160":{"start":{"line":497,"column":8},"end":{"line":497,"column":35}},"161":{"start":{"line":498,"column":8},"end":{"line":507,"column":10}},"162":{"start":{"line":511,"column":26},"end":{"line":513,"column":9}},"163":{"start":{"line":516,"column":25},"end":{"line":516,"column":51}},"164":{"start":{"line":517,"column":21},"end":{"line":517,"column":55}},"165":{"start":{"line":519,"column":6},"end":{"line":549,"column":7}},"166":{"start":{"line":521,"column":30},"end":{"line":521,"column":74}},"167":{"start":{"line":522,"column":32},"end":{"line":522,"column":76}},"168":{"start":{"line":523,"column":27},"end":{"line":523,"column":59}},"169":{"start":{"line":526,"column":24},"end":{"line":542,"column":9}},"170":{"start":{"line":544,"column":23},"end":{"line":544,"column":58}},"171":{"start":{"line":545,"column":8},"end":{"line":545,"column":58}},"172":{"start":{"line":546,"column":8},"end":{"line":546,"column":52}},"173":{"start":{"line":548,"column":8},"end":{"line":548,"column":57}},"174":{"start":{"line":552,"column":6},"end":{"line":577,"column":7}},"175":{"start":{"line":553,"column":8},"end":{"line":576,"column":9}},"176":{"start":{"line":554,"column":21},"end":{"line":554,"column":28}},"177":{"start":{"line":555,"column":34},"end":{"line":555,"column":56}},"178":{"start":{"line":556,"column":23},"end":{"line":558,"column":12}},"179":{"start":{"line":560,"column":10},"end":{"line":572,"column":11}},"180":{"start":{"line":561,"column":27},"end":{"line":561,"column":50}},"181":{"start":{"line":562,"column":34},"end":{"line":562,"column":59}},"182":{"start":{"line":565,"column":12},"end":{"line":571,"column":13}},"183":{"start":{"line":566,"column":14},"end":{"line":569,"column":16}},"184":{"start":{"line":570,"column":14},"end":{"line":570,"column":60}},"185":{"start":{"line":574,"column":10},"end":{"line":574,"column":77}},"186":{"start":{"line":581,"column":24},"end":{"line":581,"column":26}},"187":{"start":{"line":582,"column":27},"end":{"line":582,"column":29}},"188":{"start":{"line":584,"column":6},"end":{"line":590,"column":7}},"189":{"start":{"line":585,"column":34},"end":{"line":585,"column":67}},"190":{"start":{"line":586,"column":8},"end":{"line":586,"column":100}},"191":{"start":{"line":589,"column":8},"end":{"line":589,"column":57}},"192":{"start":{"line":593,"column":28},"end":{"line":593,"column":72}},"193":{"start":{"line":596,"column":6},"end":{"line":613,"column":9}},"194":{"start":{"line":615,"column":6},"end":{"line":615,"column":64}},"195":{"start":{"line":617,"column":6},"end":{"line":624,"column":7}},"196":{"start":{"line":619,"column":8},"end":{"line":619,"column":64}},"197":{"start":{"line":620,"column":8},"end":{"line":623,"column":11}},"198":{"start":{"line":626,"column":6},"end":{"line":631,"column":7}},"199":{"start":{"line":627,"column":8},"end":{"line":630,"column":11}},"200":{"start":{"line":633,"column":6},"end":{"line":633,"column":18}},"201":{"start":{"line":638,"column":4},"end":{"line":683,"column":5}},"202":{"start":{"line":639,"column":21},"end":{"line":639,"column":34}},"203":{"start":{"line":642,"column":6},"end":{"line":644,"column":7}},"204":{"start":{"line":643,"column":8},"end":{"line":643,"column":75}},"205":{"start":{"line":646,"column":25},"end":{"line":646,"column":51}},"206":{"start":{"line":647,"column":23},"end":{"line":647,"column":78}},"207":{"start":{"line":650,"column":6},"end":{"line":652,"column":7}},"208":{"start":{"line":651,"column":8},"end":{"line":651,"column":67}},"209":{"start":{"line":654,"column":24},"end":{"line":654,"column":26}},"210":{"start":{"line":655,"column":27},"end":{"line":655,"column":29}},"211":{"start":{"line":656,"column":6},"end":{"line":661,"column":7}},"212":{"start":{"line":657,"column":34},"end":{"line":657,"column":67}},"213":{"start":{"line":658,"column":8},"end":{"line":658,"column":100}},"214":{"start":{"line":660,"column":8},"end":{"line":660,"column":57}},"215":{"start":{"line":662,"column":28},"end":{"line":662,"column":72}},"216":{"start":{"line":663,"column":6},"end":{"line":680,"column":9}},"217":{"start":{"line":682,"column":6},"end":{"line":682,"column":18}},"218":{"start":{"line":687,"column":4},"end":{"line":755,"column":5}},"219":{"start":{"line":688,"column":17},"end":{"line":688,"column":24}},"220":{"start":{"line":689,"column":30},"end":{"line":689,"column":52}},"221":{"start":{"line":690,"column":30},"end":{"line":690,"column":56}},"222":{"start":{"line":691,"column":32},"end":{"line":691,"column":65}},"223":{"start":{"line":694,"column":23},"end":{"line":694,"column":63}},"224":{"start":{"line":697,"column":25},"end":{"line":697,"column":27}},"225":{"start":{"line":698,"column":6},"end":{"line":705,"column":9}},"226":{"start":{"line":699,"column":8},"end":{"line":704,"column":9}},"227":{"start":{"line":700,"column":10},"end":{"line":703,"column":13}},"228":{"start":{"line":701,"column":30},"end":{"line":701,"column":44}},"229":{"start":{"line":702,"column":12},"end":{"line":702,"column":69}},"230":{"start":{"line":708,"column":25},"end":{"line":711,"column":48}},"231":{"start":{"line":709,"column":24},"end":{"line":709,"column":35}},"232":{"start":{"line":711,"column":27},"end":{"line":711,"column":47}},"233":{"start":{"line":713,"column":6},"end":{"line":715,"column":7}},"234":{"start":{"line":714,"column":8},"end":{"line":714,"column":55}},"235":{"start":{"line":718,"column":23},"end":{"line":718,"column":89}},"236":{"start":{"line":721,"column":34},"end":{"line":742,"column":7}},"237":{"start":{"line":723,"column":31},"end":{"line":723,"column":33}},"238":{"start":{"line":724,"column":10},"end":{"line":729,"column":11}},"239":{"start":{"line":725,"column":32},"end":{"line":727,"column":24}},"240":{"start":{"line":728,"column":12},"end":{"line":728,"column":61}},"241":{"start":{"line":731,"column":32},"end":{"line":731,"column":72}},"242":{"start":{"line":733,"column":10},"end":{"line":740,"column":12}},"243":{"start":{"line":745,"column":29},"end":{"line":749,"column":8}},"244":{"start":{"line":746,"column":23},"end":{"line":746,"column":87}},"245":{"start":{"line":746,"column":52},"end":{"line":746,"column":86}},"246":{"start":{"line":747,"column":23},"end":{"line":747,"column":87}},"247":{"start":{"line":747,"column":52},"end":{"line":747,"column":86}},"248":{"start":{"line":748,"column":8},"end":{"line":748,"column":31}},"249":{"start":{"line":751,"column":6},"end":{"line":751,"column":65}},"250":{"start":{"line":753,"column":6},"end":{"line":753,"column":62}},"251":{"start":{"line":754,"column":6},"end":{"line":754,"column":18}},"252":{"start":{"line":759,"column":0},"end":{"line":759,"column":28}}},"fnMap":{"0":{"name":"(anonymous_0)","decl":{"start":{"line":7,"column":2},"end":{"line":7,"column":3}},"loc":{"start":{"line":7,"column":25},"end":{"line":11,"column":3}},"line":7},"1":{"name":"(anonymous_1)","decl":{"start":{"line":13,"column":2},"end":{"line":13,"column":3}},"loc":{"start":{"line":13,"column":32},"end":{"line":17,"column":3}},"line":13},"2":{"name":"(anonymous_2)","decl":{"start":{"line":19,"column":2},"end":{"line":19,"column":3}},"loc":{"start":{"line":19,"column":49},"end":{"line":210,"column":3}},"line":19},"3":{"name":"(anonymous_3)","decl":{"start":{"line":88,"column":45},"end":{"line":88,"column":46}},"loc":{"start":{"line":88,"column":56},"end":{"line":115,"column":9}},"line":88},"4":{"name":"(anonymous_4)","decl":{"start":{"line":104,"column":54},"end":{"line":104,"column":55}},"loc":{"start":{"line":104,"column":61},"end":{"line":104,"column":67}},"line":104},"5":{"name":"(anonymous_5)","decl":{"start":{"line":108,"column":37},"end":{"line":108,"column":38}},"loc":{"start":{"line":108,"column":49},"end":{"line":113,"column":15}},"line":108},"6":{"name":"(anonymous_6)","decl":{"start":{"line":212,"column":2},"end":{"line":212,"column":3}},"loc":{"start":{"line":212,"column":33},"end":{"line":235,"column":3}},"line":212},"7":{"name":"(anonymous_7)","decl":{"start":{"line":237,"column":2},"end":{"line":237,"column":3}},"loc":{"start":{"line":237,"column":54},"end":{"line":263,"column":3}},"line":237},"8":{"name":"(anonymous_8)","decl":{"start":{"line":265,"column":2},"end":{"line":265,"column":3}},"loc":{"start":{"line":265,"column":47},"end":{"line":293,"column":3}},"line":265},"9":{"name":"(anonymous_9)","decl":{"start":{"line":295,"column":2},"end":{"line":295,"column":3}},"loc":{"start":{"line":295,"column":46},"end":{"line":322,"column":3}},"line":295},"10":{"name":"(anonymous_10)","decl":{"start":{"line":324,"column":2},"end":{"line":324,"column":3}},"loc":{"start":{"line":324,"column":48},"end":{"line":364,"column":3}},"line":324},"11":{"name":"(anonymous_11)","decl":{"start":{"line":366,"column":2},"end":{"line":366,"column":3}},"loc":{"start":{"line":366,"column":45},"end":{"line":635,"column":3}},"line":366},"12":{"name":"(anonymous_12)","decl":{"start":{"line":416,"column":10},"end":{"line":416,"column":11}},"loc":{"start":{"line":416,"column":17},"end":{"line":416,"column":66}},"line":416},"13":{"name":"(anonymous_13)","decl":{"start":{"line":426,"column":53},"end":{"line":426,"column":54}},"loc":{"start":{"line":426,"column":60},"end":{"line":426,"column":76}},"line":426},"14":{"name":"(anonymous_14)","decl":{"start":{"line":453,"column":13},"end":{"line":453,"column":14}},"loc":{"start":{"line":453,"column":23},"end":{"line":453,"column":34}},"line":453},"15":{"name":"(anonymous_15)","decl":{"start":{"line":454,"column":16},"end":{"line":454,"column":17}},"loc":{"start":{"line":454,"column":26},"end":{"line":454,"column":41}},"line":454},"16":{"name":"(anonymous_16)","decl":{"start":{"line":479,"column":52},"end":{"line":479,"column":53}},"loc":{"start":{"line":480,"column":8},"end":{"line":480,"column":97}},"line":480},"17":{"name":"(anonymous_17)","decl":{"start":{"line":637,"column":2},"end":{"line":637,"column":3}},"loc":{"start":{"line":637,"column":40},"end":{"line":684,"column":3}},"line":637},"18":{"name":"(anonymous_18)","decl":{"start":{"line":686,"column":2},"end":{"line":686,"column":3}},"loc":{"start":{"line":686,"column":43},"end":{"line":756,"column":3}},"line":686},"19":{"name":"(anonymous_19)","decl":{"start":{"line":698,"column":23},"end":{"line":698,"column":24}},"loc":{"start":{"line":698,"column":33},"end":{"line":705,"column":7}},"line":698},"20":{"name":"(anonymous_20)","decl":{"start":{"line":700,"column":38},"end":{"line":700,"column":39}},"loc":{"start":{"line":700,"column":50},"end":{"line":703,"column":11}},"line":700},"21":{"name":"(anonymous_21)","decl":{"start":{"line":709,"column":14},"end":{"line":709,"column":15}},"loc":{"start":{"line":709,"column":24},"end":{"line":709,"column":35}},"line":709},"22":{"name":"(anonymous_22)","decl":{"start":{"line":711,"column":13},"end":{"line":711,"column":14}},"loc":{"start":{"line":711,"column":27},"end":{"line":711,"column":47}},"line":711},"23":{"name":"(anonymous_23)","decl":{"start":{"line":722,"column":21},"end":{"line":722,"column":22}},"loc":{"start":{"line":722,"column":37},"end":{"line":741,"column":9}},"line":722},"24":{"name":"(anonymous_24)","decl":{"start":{"line":745,"column":54},"end":{"line":745,"column":55}},"loc":{"start":{"line":745,"column":64},"end":{"line":749,"column":7}},"line":745},"25":{"name":"(anonymous_25)","decl":{"start":{"line":746,"column":44},"end":{"line":746,"column":45}},"loc":{"start":{"line":746,"column":52},"end":{"line":746,"column":86}},"line":746},"26":{"name":"(anonymous_26)","decl":{"start":{"line":747,"column":44},"end":{"line":747,"column":45}},"loc":{"start":{"line":747,"column":52},"end":{"line":747,"column":86}},"line":747}},"branchMap":{"0":{"loc":{"start":{"line":26,"column":6},"end":{"line":29,"column":7}},"type":"if","locations":[{"start":{"line":26,"column":6},"end":{"line":29,"column":7}},{"start":{},"end":{}}],"line":26},"1":{"loc":{"start":{"line":34,"column":6},"end":{"line":37,"column":7}},"type":"if","locations":[{"start":{"line":34,"column":6},"end":{"line":37,"column":7}},{"start":{},"end":{}}],"line":34},"2":{"loc":{"start":{"line":42,"column":19},"end":{"line":42,"column":47}},"type":"binary-expr","locations":[{"start":{"line":42,"column":19},"end":{"line":42,"column":33}},{"start":{"line":42,"column":37},"end":{"line":42,"column":47}}],"line":42},"3":{"loc":{"start":{"line":43,"column":22},"end":{"line":43,"column":47}},"type":"binary-expr","locations":[{"start":{"line":43,"column":22},"end":{"line":43,"column":39}},{"start":{"line":43,"column":43},"end":{"line":43,"column":47}}],"line":43},"4":{"loc":{"start":{"line":44,"column":20},"end":{"line":44,"column":51}},"type":"binary-expr","locations":[{"start":{"line":44,"column":20},"end":{"line":44,"column":45}},{"start":{"line":44,"column":49},"end":{"line":44,"column":51}}],"line":44},"5":{"loc":{"start":{"line":51,"column":64},"end":{"line":51,"column":81}},"type":"binary-expr","locations":[{"start":{"line":51,"column":64},"end":{"line":51,"column":71}},{"start":{"line":51,"column":75},"end":{"line":51,"column":81}}],"line":51},"6":{"loc":{"start":{"line":55,"column":18},"end":{"line":55,"column":73}},"type":"binary-expr","locations":[{"start":{"line":55,"column":18},"end":{"line":55,"column":50}},{"start":{"line":55,"column":54},"end":{"line":55,"column":73}}],"line":55},"7":{"loc":{"start":{"line":58,"column":16},"end":{"line":58,"column":27}},"type":"binary-expr","locations":[{"start":{"line":58,"column":16},"end":{"line":58,"column":21}},{"start":{"line":58,"column":25},"end":{"line":58,"column":27}}],"line":58},"8":{"loc":{"start":{"line":63,"column":8},"end":{"line":75,"column":9}},"type":"if","locations":[{"start":{"line":63,"column":8},"end":{"line":75,"column":9}},{"start":{},"end":{}}],"line":63},"9":{"loc":{"start":{"line":74,"column":31},"end":{"line":74,"column":63}},"type":"binary-expr","locations":[{"start":{"line":74,"column":31},"end":{"line":74,"column":52}},{"start":{"line":74,"column":56},"end":{"line":74,"column":63}}],"line":74},"10":{"loc":{"start":{"line":83,"column":23},"end":{"line":83,"column":60}},"type":"binary-expr","locations":[{"start":{"line":83,"column":23},"end":{"line":83,"column":54}},{"start":{"line":83,"column":58},"end":{"line":83,"column":60}}],"line":83},"11":{"loc":{"start":{"line":89,"column":24},"end":{"line":89,"column":58}},"type":"binary-expr","locations":[{"start":{"line":89,"column":24},"end":{"line":89,"column":52}},{"start":{"line":89,"column":56},"end":{"line":89,"column":58}}],"line":89},"12":{"loc":{"start":{"line":90,"column":29},"end":{"line":90,"column":68}},"type":"binary-expr","locations":[{"start":{"line":90,"column":29},"end":{"line":90,"column":62}},{"start":{"line":90,"column":66},"end":{"line":90,"column":68}}],"line":90},"13":{"loc":{"start":{"line":94,"column":19},"end":{"line":94,"column":54}},"type":"binary-expr","locations":[{"start":{"line":94,"column":19},"end":{"line":94,"column":29}},{"start":{"line":94,"column":33},"end":{"line":94,"column":54}}],"line":94},"14":{"loc":{"start":{"line":95,"column":22},"end":{"line":95,"column":89}},"type":"binary-expr","locations":[{"start":{"line":95,"column":22},"end":{"line":95,"column":50}},{"start":{"line":95,"column":54},"end":{"line":95,"column":83}},{"start":{"line":95,"column":87},"end":{"line":95,"column":89}}],"line":95},"15":{"loc":{"start":{"line":97,"column":20},"end":{"line":97,"column":45}},"type":"binary-expr","locations":[{"start":{"line":97,"column":20},"end":{"line":97,"column":30}},{"start":{"line":97,"column":34},"end":{"line":97,"column":45}}],"line":97},"16":{"loc":{"start":{"line":98,"column":20},"end":{"line":98,"column":42}},"type":"binary-expr","locations":[{"start":{"line":98,"column":20},"end":{"line":98,"column":36}},{"start":{"line":98,"column":40},"end":{"line":98,"column":42}}],"line":98},"17":{"loc":{"start":{"line":99,"column":22},"end":{"line":99,"column":71}},"type":"binary-expr","locations":[{"start":{"line":99,"column":22},"end":{"line":99,"column":44}},{"start":{"line":99,"column":48},"end":{"line":99,"column":65}},{"start":{"line":99,"column":69},"end":{"line":99,"column":71}}],"line":99},"18":{"loc":{"start":{"line":100,"column":23},"end":{"line":100,"column":78}},"type":"binary-expr","locations":[{"start":{"line":100,"column":23},"end":{"line":100,"column":42}},{"start":{"line":100,"column":46},"end":{"line":100,"column":72}},{"start":{"line":100,"column":76},"end":{"line":100,"column":78}}],"line":100},"19":{"loc":{"start":{"line":101,"column":24},"end":{"line":101,"column":54}},"type":"binary-expr","locations":[{"start":{"line":101,"column":24},"end":{"line":101,"column":48}},{"start":{"line":101,"column":52},"end":{"line":101,"column":54}}],"line":101},"20":{"loc":{"start":{"line":102,"column":25},"end":{"line":102,"column":56}},"type":"binary-expr","locations":[{"start":{"line":102,"column":25},"end":{"line":102,"column":50}},{"start":{"line":102,"column":54},"end":{"line":102,"column":56}}],"line":102},"21":{"loc":{"start":{"line":104,"column":20},"end":{"line":104,"column":85}},"type":"binary-expr","locations":[{"start":{"line":104,"column":20},"end":{"line":104,"column":68}},{"start":{"line":104,"column":72},"end":{"line":104,"column":85}}],"line":104},"22":{"loc":{"start":{"line":105,"column":25},"end":{"line":105,"column":61}},"type":"binary-expr","locations":[{"start":{"line":105,"column":25},"end":{"line":105,"column":35}},{"start":{"line":105,"column":39},"end":{"line":105,"column":55}},{"start":{"line":105,"column":59},"end":{"line":105,"column":61}}],"line":105},"23":{"loc":{"start":{"line":106,"column":17},"end":{"line":106,"column":32}},"type":"binary-expr","locations":[{"start":{"line":106,"column":17},"end":{"line":106,"column":26}},{"start":{"line":106,"column":30},"end":{"line":106,"column":32}}],"line":106},"24":{"loc":{"start":{"line":108,"column":14},"end":{"line":113,"column":23}},"type":"binary-expr","locations":[{"start":{"line":108,"column":14},"end":{"line":113,"column":17}},{"start":{"line":113,"column":21},"end":{"line":113,"column":23}}],"line":108},"25":{"loc":{"start":{"line":123,"column":23},"end":{"line":123,"column":45}},"type":"binary-expr","locations":[{"start":{"line":123,"column":23},"end":{"line":123,"column":39}},{"start":{"line":123,"column":43},"end":{"line":123,"column":45}}],"line":123},"26":{"loc":{"start":{"line":130,"column":8},"end":{"line":142,"column":9}},"type":"if","locations":[{"start":{"line":130,"column":8},"end":{"line":142,"column":9}},{"start":{},"end":{}}],"line":130},"27":{"loc":{"start":{"line":136,"column":25},"end":{"line":136,"column":47}},"type":"binary-expr","locations":[{"start":{"line":136,"column":25},"end":{"line":136,"column":41}},{"start":{"line":136,"column":45},"end":{"line":136,"column":47}}],"line":136},"28":{"loc":{"start":{"line":144,"column":8},"end":{"line":156,"column":9}},"type":"if","locations":[{"start":{"line":144,"column":8},"end":{"line":156,"column":9}},{"start":{},"end":{}}],"line":144},"29":{"loc":{"start":{"line":150,"column":25},"end":{"line":150,"column":47}},"type":"binary-expr","locations":[{"start":{"line":150,"column":25},"end":{"line":150,"column":41}},{"start":{"line":150,"column":45},"end":{"line":150,"column":47}}],"line":150},"30":{"loc":{"start":{"line":158,"column":8},"end":{"line":170,"column":9}},"type":"if","locations":[{"start":{"line":158,"column":8},"end":{"line":170,"column":9}},{"start":{},"end":{}}],"line":158},"31":{"loc":{"start":{"line":164,"column":25},"end":{"line":164,"column":47}},"type":"binary-expr","locations":[{"start":{"line":164,"column":25},"end":{"line":164,"column":41}},{"start":{"line":164,"column":45},"end":{"line":164,"column":47}}],"line":164},"32":{"loc":{"start":{"line":172,"column":8},"end":{"line":184,"column":9}},"type":"if","locations":[{"start":{"line":172,"column":8},"end":{"line":184,"column":9}},{"start":{},"end":{}}],"line":172},"33":{"loc":{"start":{"line":178,"column":25},"end":{"line":178,"column":47}},"type":"binary-expr","locations":[{"start":{"line":178,"column":25},"end":{"line":178,"column":41}},{"start":{"line":178,"column":45},"end":{"line":178,"column":47}}],"line":178},"34":{"loc":{"start":{"line":194,"column":23},"end":{"line":194,"column":45}},"type":"binary-expr","locations":[{"start":{"line":194,"column":23},"end":{"line":194,"column":39}},{"start":{"line":194,"column":43},"end":{"line":194,"column":45}}],"line":194},"35":{"loc":{"start":{"line":250,"column":6},"end":{"line":257,"column":7}},"type":"if","locations":[{"start":{"line":250,"column":6},"end":{"line":257,"column":7}},{"start":{},"end":{}}],"line":250},"36":{"loc":{"start":{"line":254,"column":21},"end":{"line":254,"column":48}},"type":"binary-expr","locations":[{"start":{"line":254,"column":21},"end":{"line":254,"column":42}},{"start":{"line":254,"column":46},"end":{"line":254,"column":48}}],"line":254},"37":{"loc":{"start":{"line":255,"column":23},"end":{"line":255,"column":57}},"type":"binary-expr","locations":[{"start":{"line":255,"column":23},"end":{"line":255,"column":51}},{"start":{"line":255,"column":55},"end":{"line":255,"column":57}}],"line":255},"38":{"loc":{"start":{"line":279,"column":6},"end":{"line":287,"column":7}},"type":"if","locations":[{"start":{"line":279,"column":6},"end":{"line":287,"column":7}},{"start":{},"end":{}}],"line":279},"39":{"loc":{"start":{"line":283,"column":23},"end":{"line":283,"column":56}},"type":"binary-expr","locations":[{"start":{"line":283,"column":23},"end":{"line":283,"column":50}},{"start":{"line":283,"column":54},"end":{"line":283,"column":56}}],"line":283},"40":{"loc":{"start":{"line":284,"column":23},"end":{"line":284,"column":38}},"type":"binary-expr","locations":[{"start":{"line":284,"column":23},"end":{"line":284,"column":32}},{"start":{"line":284,"column":36},"end":{"line":284,"column":38}}],"line":284},"41":{"loc":{"start":{"line":285,"column":17},"end":{"line":285,"column":52}},"type":"binary-expr","locations":[{"start":{"line":285,"column":17},"end":{"line":285,"column":33}},{"start":{"line":285,"column":37},"end":{"line":285,"column":52}}],"line":285},"42":{"loc":{"start":{"line":308,"column":4},"end":{"line":310,"column":5}},"type":"if","locations":[{"start":{"line":308,"column":4},"end":{"line":310,"column":5}},{"start":{},"end":{}}],"line":308},"43":{"loc":{"start":{"line":316,"column":17},"end":{"line":316,"column":43}},"type":"binary-expr","locations":[{"start":{"line":316,"column":17},"end":{"line":316,"column":37}},{"start":{"line":316,"column":41},"end":{"line":316,"column":43}}],"line":316},"44":{"loc":{"start":{"line":342,"column":6},"end":{"line":359,"column":7}},"type":"if","locations":[{"start":{"line":342,"column":6},"end":{"line":359,"column":7}},{"start":{},"end":{}}],"line":342},"45":{"loc":{"start":{"line":368,"column":6},"end":{"line":370,"column":7}},"type":"if","locations":[{"start":{"line":368,"column":6},"end":{"line":370,"column":7}},{"start":{},"end":{}}],"line":368},"46":{"loc":{"start":{"line":392,"column":6},"end":{"line":397,"column":7}},"type":"if","locations":[{"start":{"line":392,"column":6},"end":{"line":397,"column":7}},{"start":{},"end":{}}],"line":392},"47":{"loc":{"start":{"line":392,"column":10},"end":{"line":392,"column":60}},"type":"binary-expr","locations":[{"start":{"line":392,"column":10},"end":{"line":392,"column":30}},{"start":{"line":392,"column":34},"end":{"line":392,"column":60}}],"line":392},"48":{"loc":{"start":{"line":402,"column":19},"end":{"line":402,"column":35}},"type":"binary-expr","locations":[{"start":{"line":402,"column":19},"end":{"line":402,"column":29}},{"start":{"line":402,"column":33},"end":{"line":402,"column":35}}],"line":402},"49":{"loc":{"start":{"line":403,"column":20},"end":{"line":403,"column":44}},"type":"binary-expr","locations":[{"start":{"line":403,"column":20},"end":{"line":403,"column":31}},{"start":{"line":403,"column":35},"end":{"line":403,"column":44}}],"line":403},"50":{"loc":{"start":{"line":404,"column":25},"end":{"line":404,"column":59}},"type":"binary-expr","locations":[{"start":{"line":404,"column":25},"end":{"line":404,"column":39}},{"start":{"line":404,"column":43},"end":{"line":404,"column":59}}],"line":404},"51":{"loc":{"start":{"line":410,"column":28},"end":{"line":410,"column":84}},"type":"binary-expr","locations":[{"start":{"line":410,"column":28},"end":{"line":410,"column":52}},{"start":{"line":410,"column":56},"end":{"line":410,"column":78}},{"start":{"line":410,"column":82},"end":{"line":410,"column":84}}],"line":410},"52":{"loc":{"start":{"line":414,"column":6},"end":{"line":421,"column":7}},"type":"if","locations":[{"start":{"line":414,"column":6},"end":{"line":421,"column":7}},{"start":{},"end":{}}],"line":414},"53":{"loc":{"start":{"line":414,"column":10},"end":{"line":414,"column":60}},"type":"binary-expr","locations":[{"start":{"line":414,"column":10},"end":{"line":414,"column":28}},{"start":{"line":414,"column":32},"end":{"line":414,"column":60}}],"line":414},"54":{"loc":{"start":{"line":416,"column":17},"end":{"line":416,"column":66}},"type":"binary-expr","locations":[{"start":{"line":416,"column":17},"end":{"line":416,"column":44}},{"start":{"line":416,"column":48},"end":{"line":416,"column":66}}],"line":416},"55":{"loc":{"start":{"line":418,"column":8},"end":{"line":420,"column":9}},"type":"if","locations":[{"start":{"line":418,"column":8},"end":{"line":420,"column":9}},{"start":{},"end":{}}],"line":418},"56":{"loc":{"start":{"line":418,"column":12},"end":{"line":418,"column":51}},"type":"binary-expr","locations":[{"start":{"line":418,"column":12},"end":{"line":418,"column":28}},{"start":{"line":418,"column":32},"end":{"line":418,"column":51}}],"line":418},"57":{"loc":{"start":{"line":425,"column":6},"end":{"line":430,"column":7}},"type":"if","locations":[{"start":{"line":425,"column":6},"end":{"line":430,"column":7}},{"start":{},"end":{}}],"line":425},"58":{"loc":{"start":{"line":427,"column":8},"end":{"line":429,"column":9}},"type":"if","locations":[{"start":{"line":427,"column":8},"end":{"line":429,"column":9}},{"start":{},"end":{}}],"line":427},"59":{"loc":{"start":{"line":427,"column":12},"end":{"line":427,"column":46}},"type":"binary-expr","locations":[{"start":{"line":427,"column":12},"end":{"line":427,"column":25}},{"start":{"line":427,"column":29},"end":{"line":427,"column":46}}],"line":427},"60":{"loc":{"start":{"line":436,"column":20},"end":{"line":436,"column":54}},"type":"binary-expr","locations":[{"start":{"line":436,"column":20},"end":{"line":436,"column":41}},{"start":{"line":436,"column":45},"end":{"line":436,"column":54}}],"line":436},"61":{"loc":{"start":{"line":445,"column":31},"end":{"line":445,"column":61}},"type":"binary-expr","locations":[{"start":{"line":445,"column":31},"end":{"line":445,"column":55}},{"start":{"line":445,"column":59},"end":{"line":445,"column":61}}],"line":445},"62":{"loc":{"start":{"line":464,"column":6},"end":{"line":472,"column":7}},"type":"if","locations":[{"start":{"line":464,"column":6},"end":{"line":472,"column":7}},{"start":{},"end":{}}],"line":464},"63":{"loc":{"start":{"line":464,"column":10},"end":{"line":464,"column":30}},"type":"binary-expr","locations":[{"start":{"line":464,"column":10},"end":{"line":464,"column":22}},{"start":{"line":464,"column":26},"end":{"line":464,"column":30}}],"line":464},"64":{"loc":{"start":{"line":467,"column":8},"end":{"line":471,"column":9}},"type":"if","locations":[{"start":{"line":467,"column":8},"end":{"line":471,"column":9}},{"start":{"line":469,"column":15},"end":{"line":471,"column":9}}],"line":467},"65":{"loc":{"start":{"line":480,"column":8},"end":{"line":480,"column":97}},"type":"cond-expr","locations":[{"start":{"line":480,"column":23},"end":{"line":480,"column":73}},{"start":{"line":480,"column":76},"end":{"line":480,"column":97}}],"line":480},"66":{"loc":{"start":{"line":490,"column":31},"end":{"line":490,"column":73}},"type":"binary-expr","locations":[{"start":{"line":490,"column":31},"end":{"line":490,"column":53}},{"start":{"line":490,"column":57},"end":{"line":490,"column":73}}],"line":490},"67":{"loc":{"start":{"line":506,"column":10},"end":{"line":506,"column":63}},"type":"cond-expr","locations":[{"start":{"line":506,"column":24},"end":{"line":506,"column":41}},{"start":{"line":506,"column":44},"end":{"line":506,"column":63}}],"line":506},"68":{"loc":{"start":{"line":519,"column":6},"end":{"line":549,"column":7}},"type":"if","locations":[{"start":{"line":519,"column":6},"end":{"line":549,"column":7}},{"start":{"line":547,"column":13},"end":{"line":549,"column":7}}],"line":519},"69":{"loc":{"start":{"line":521,"column":30},"end":{"line":521,"column":74}},"type":"binary-expr","locations":[{"start":{"line":521,"column":30},"end":{"line":521,"column":59}},{"start":{"line":521,"column":63},"end":{"line":521,"column":74}}],"line":521},"70":{"loc":{"start":{"line":522,"column":32},"end":{"line":522,"column":76}},"type":"binary-expr","locations":[{"start":{"line":522,"column":32},"end":{"line":522,"column":61}},{"start":{"line":522,"column":65},"end":{"line":522,"column":76}}],"line":522},"71":{"loc":{"start":{"line":523,"column":27},"end":{"line":523,"column":59}},"type":"binary-expr","locations":[{"start":{"line":523,"column":27},"end":{"line":523,"column":50}},{"start":{"line":523,"column":54},"end":{"line":523,"column":59}}],"line":523},"72":{"loc":{"start":{"line":536,"column":23},"end":{"line":536,"column":58}},"type":"binary-expr","locations":[{"start":{"line":536,"column":23},"end":{"line":536,"column":52}},{"start":{"line":536,"column":56},"end":{"line":536,"column":58}}],"line":536},"73":{"loc":{"start":{"line":552,"column":6},"end":{"line":577,"column":7}},"type":"if","locations":[{"start":{"line":552,"column":6},"end":{"line":577,"column":7}},{"start":{},"end":{}}],"line":552},"74":{"loc":{"start":{"line":560,"column":10},"end":{"line":572,"column":11}},"type":"if","locations":[{"start":{"line":560,"column":10},"end":{"line":572,"column":11}},{"start":{},"end":{}}],"line":560},"75":{"loc":{"start":{"line":562,"column":34},"end":{"line":562,"column":59}},"type":"binary-expr","locations":[{"start":{"line":562,"column":34},"end":{"line":562,"column":53}},{"start":{"line":562,"column":57},"end":{"line":562,"column":59}}],"line":562},"76":{"loc":{"start":{"line":565,"column":12},"end":{"line":571,"column":13}},"type":"if","locations":[{"start":{"line":565,"column":12},"end":{"line":571,"column":13}},{"start":{},"end":{}}],"line":565},"77":{"loc":{"start":{"line":584,"column":6},"end":{"line":590,"column":7}},"type":"if","locations":[{"start":{"line":584,"column":6},"end":{"line":590,"column":7}},{"start":{},"end":{}}],"line":584},"78":{"loc":{"start":{"line":584,"column":10},"end":{"line":584,"column":63}},"type":"binary-expr","locations":[{"start":{"line":584,"column":10},"end":{"line":584,"column":29}},{"start":{"line":584,"column":33},"end":{"line":584,"column":63}}],"line":584},"79":{"loc":{"start":{"line":589,"column":25},"end":{"line":589,"column":56}},"type":"binary-expr","locations":[{"start":{"line":589,"column":25},"end":{"line":589,"column":50}},{"start":{"line":589,"column":54},"end":{"line":589,"column":56}}],"line":589},"80":{"loc":{"start":{"line":593,"column":28},"end":{"line":593,"column":72}},"type":"binary-expr","locations":[{"start":{"line":593,"column":28},"end":{"line":593,"column":52}},{"start":{"line":593,"column":56},"end":{"line":593,"column":72}}],"line":593},"81":{"loc":{"start":{"line":607,"column":21},"end":{"line":607,"column":47}},"type":"binary-expr","locations":[{"start":{"line":607,"column":21},"end":{"line":607,"column":41}},{"start":{"line":607,"column":45},"end":{"line":607,"column":47}}],"line":607},"82":{"loc":{"start":{"line":617,"column":6},"end":{"line":624,"column":7}},"type":"if","locations":[{"start":{"line":617,"column":6},"end":{"line":624,"column":7}},{"start":{},"end":{}}],"line":617},"83":{"loc":{"start":{"line":622,"column":17},"end":{"line":622,"column":64}},"type":"binary-expr","locations":[{"start":{"line":622,"column":17},"end":{"line":622,"column":44}},{"start":{"line":622,"column":48},"end":{"line":622,"column":64}}],"line":622},"84":{"loc":{"start":{"line":626,"column":6},"end":{"line":631,"column":7}},"type":"if","locations":[{"start":{"line":626,"column":6},"end":{"line":631,"column":7}},{"start":{},"end":{}}],"line":626},"85":{"loc":{"start":{"line":642,"column":6},"end":{"line":644,"column":7}},"type":"if","locations":[{"start":{"line":642,"column":6},"end":{"line":644,"column":7}},{"start":{},"end":{}}],"line":642},"86":{"loc":{"start":{"line":650,"column":6},"end":{"line":652,"column":7}},"type":"if","locations":[{"start":{"line":650,"column":6},"end":{"line":652,"column":7}},{"start":{},"end":{}}],"line":650},"87":{"loc":{"start":{"line":656,"column":6},"end":{"line":661,"column":7}},"type":"if","locations":[{"start":{"line":656,"column":6},"end":{"line":661,"column":7}},{"start":{},"end":{}}],"line":656},"88":{"loc":{"start":{"line":656,"column":10},"end":{"line":656,"column":63}},"type":"binary-expr","locations":[{"start":{"line":656,"column":10},"end":{"line":656,"column":29}},{"start":{"line":656,"column":33},"end":{"line":656,"column":63}}],"line":656},"89":{"loc":{"start":{"line":660,"column":25},"end":{"line":660,"column":56}},"type":"binary-expr","locations":[{"start":{"line":660,"column":25},"end":{"line":660,"column":50}},{"start":{"line":660,"column":54},"end":{"line":660,"column":56}}],"line":660},"90":{"loc":{"start":{"line":662,"column":28},"end":{"line":662,"column":72}},"type":"binary-expr","locations":[{"start":{"line":662,"column":28},"end":{"line":662,"column":52}},{"start":{"line":662,"column":56},"end":{"line":662,"column":72}}],"line":662},"91":{"loc":{"start":{"line":674,"column":21},"end":{"line":674,"column":47}},"type":"binary-expr","locations":[{"start":{"line":674,"column":21},"end":{"line":674,"column":41}},{"start":{"line":674,"column":45},"end":{"line":674,"column":47}}],"line":674},"92":{"loc":{"start":{"line":699,"column":8},"end":{"line":704,"column":9}},"type":"if","locations":[{"start":{"line":699,"column":8},"end":{"line":704,"column":9}},{"start":{},"end":{}}],"line":699},"93":{"loc":{"start":{"line":699,"column":12},"end":{"line":699,"column":69}},"type":"binary-expr","locations":[{"start":{"line":699,"column":12},"end":{"line":699,"column":31}},{"start":{"line":699,"column":35},"end":{"line":699,"column":69}}],"line":699},"94":{"loc":{"start":{"line":702,"column":37},"end":{"line":702,"column":63}},"type":"binary-expr","locations":[{"start":{"line":702,"column":37},"end":{"line":702,"column":58}},{"start":{"line":702,"column":62},"end":{"line":702,"column":63}}],"line":702},"95":{"loc":{"start":{"line":713,"column":6},"end":{"line":715,"column":7}},"type":"if","locations":[{"start":{"line":713,"column":6},"end":{"line":715,"column":7}},{"start":{},"end":{}}],"line":713},"96":{"loc":{"start":{"line":724,"column":10},"end":{"line":729,"column":11}},"type":"if","locations":[{"start":{"line":724,"column":10},"end":{"line":729,"column":11}},{"start":{},"end":{}}],"line":724},"97":{"loc":{"start":{"line":724,"column":14},"end":{"line":724,"column":59}},"type":"binary-expr","locations":[{"start":{"line":724,"column":14},"end":{"line":724,"column":29}},{"start":{"line":724,"column":33},"end":{"line":724,"column":59}}],"line":724},"98":{"loc":{"start":{"line":728,"column":29},"end":{"line":728,"column":60}},"type":"binary-expr","locations":[{"start":{"line":728,"column":29},"end":{"line":728,"column":54}},{"start":{"line":728,"column":58},"end":{"line":728,"column":60}}],"line":728},"99":{"loc":{"start":{"line":731,"column":32},"end":{"line":731,"column":72}},"type":"binary-expr","locations":[{"start":{"line":731,"column":32},"end":{"line":731,"column":52}},{"start":{"line":731,"column":56},"end":{"line":731,"column":72}}],"line":731}},"s":{"0":4,"1":4,"2":4,"3":4,"4":121,"5":121,"6":121,"7":157,"8":157,"9":157,"10":20,"11":20,"12":20,"13":20,"14":2,"15":2,"16":18,"17":18,"18":16,"19":2,"20":2,"21":14,"22":14,"23":14,"24":14,"25":14,"26":14,"27":14,"28":14,"29":14,"30":14,"31":2,"32":2,"33":14,"34":8,"35":8,"36":8,"37":7,"38":7,"39":7,"40":3,"41":2,"42":8,"43":8,"44":6,"45":1,"46":1,"47":5,"48":1,"49":1,"50":4,"51":1,"52":1,"53":3,"54":1,"55":1,"56":2,"57":2,"58":2,"59":2,"60":2,"61":2,"62":2,"63":65,"64":65,"65":64,"66":1,"67":1,"68":67,"69":67,"70":66,"71":4,"72":4,"73":2,"74":61,"75":61,"76":60,"77":60,"78":57,"79":15,"80":15,"81":3,"82":45,"83":45,"84":69,"85":69,"86":69,"87":69,"88":2,"89":67,"90":67,"91":67,"92":4,"93":4,"94":4,"95":4,"96":3,"97":2,"98":2,"99":2,"100":2,"101":1,"102":1,"103":71,"104":71,"105":1,"106":70,"107":70,"108":70,"109":70,"110":66,"111":1,"112":65,"113":65,"114":65,"115":65,"116":65,"117":65,"118":65,"119":65,"120":10,"121":10,"122":10,"123":5,"124":65,"125":65,"126":63,"127":11,"128":63,"129":3,"130":65,"131":65,"132":65,"133":65,"134":65,"135":65,"136":65,"137":72,"138":72,"139":65,"140":65,"141":65,"142":65,"143":65,"144":60,"145":60,"146":60,"147":12,"148":48,"149":65,"150":65,"151":65,"152":69,"153":65,"154":65,"155":65,"156":69,"157":69,"158":69,"159":69,"160":69,"161":69,"162":65,"163":65,"164":65,"165":65,"166":63,"167":63,"168":63,"169":63,"170":63,"171":63,"172":63,"173":2,"174":65,"175":3,"176":3,"177":3,"178":3,"179":3,"180":3,"181":3,"182":3,"183":2,"184":1,"185":1,"186":65,"187":65,"188":65,"189":65,"190":65,"191":65,"192":65,"193":65,"194":4,"195":4,"196":2,"197":2,"198":2,"199":1,"200":1,"201":4,"202":4,"203":4,"204":1,"205":3,"206":3,"207":3,"208":1,"209":2,"210":2,"211":2,"212":2,"213":2,"214":1,"215":1,"216":1,"217":1,"218":3,"219":3,"220":3,"221":3,"222":3,"223":3,"224":2,"225":2,"226":2,"227":2,"228":3,"229":3,"230":2,"231":1,"232":2,"233":2,"234":1,"235":1,"236":1,"237":2,"238":2,"239":1,"240":1,"241":2,"242":2,"243":1,"244":1,"245":2,"246":1,"247":1,"248":1,"249":1,"250":1,"251":1,"252":4},"f":{"0":121,"1":157,"2":20,"3":7,"4":3,"5":2,"6":65,"7":67,"8":60,"9":69,"10":4,"11":71,"12":10,"13":11,"14":72,"15":72,"16":69,"17":4,"18":3,"19":2,"20":3,"21":1,"22":2,"23":2,"24":1,"25":2,"26":1},"b":{"0":[2,18],"1":[2,14],"2":[14,14],"3":[14,12],"4":[14,13],"5":[14,12],"6":[14,0],"7":[14,0],"8":[2,12],"9":[2,0],"10":[8,2],"11":[7,0],"12":[7,4],"13":[7,0],"14":[7,3,1],"15":[7,0],"16":[7,1],"17":[7,3,2],"18":[7,2,1],"19":[7,3],"20":[7,3],"21":[7,4],"22":[7,6,6],"23":[7,2],"24":[7,5],"25":[8,2],"26":[1,5],"27":[1,0],"28":[1,4],"29":[1,0],"30":[1,3],"31":[1,0],"32":[1,2],"33":[1,0],"34":[2,1],"35":[4,2],"36":[4,1],"37":[4,1],"38":[15,3],"39":[15,1],"40":[13,1],"41":[13,1],"42":[2,67],"43":[67,62],"44":[2,1],"45":[1,70],"46":[1,65],"47":[66,66],"48":[65,3],"49":[65,1],"50":[65,1],"51":[65,3,2],"52":[10,55],"53":[65,63],"54":[10,6],"55":[5,5],"56":[10,7],"57":[63,2],"58":[3,60],"59":[63,4],"60":[65,3],"61":[65,61],"62":[60,5],"63":[65,63],"64":[12,48],"65":[67,2],"66":[69,66],"67":[4,65],"68":[63,2],"69":[63,54],"70":[63,53],"71":[63,52],"72":[63,53],"73":[3,62],"74":[3,0],"75":[3,0],"76":[2,1],"77":[65,0],"78":[65,65],"79":[65,46],"80":[65,0],"81":[65,54],"82":[2,2],"83":[2,0],"84":[1,1],"85":[1,3],"86":[1,2],"87":[2,0],"88":[2,2],"89":[1,0],"90":[1,0],"91":[1,1],"92":[2,0],"93":[2,2],"94":[3,2],"95":[1,1],"96":[1,1],"97":[2,2],"98":[1,0],"99":[2,0]},"_coverageSchema":"1a1c01bbd47fc00a2c39e90264f33305004495a9","hash":"e9f1ddbd2d4f68c4c7dfd95f102f4fb2c05c085c"}
,"D:\\Hactiv8\\Phase 3\\Final-Project-HCK87\\server\\controllers\\PlaylistController.js": {"path":"D:\\Hactiv8\\Phase 3\\Final-Project-HCK87\\server\\controllers\\PlaylistController.js","statementMap":{"0":{"start":{"line":1,"column":21},"end":{"line":1,"column":39}},"1":{"start":{"line":2,"column":18},"end":{"line":2,"column":46}},"2":{"start":{"line":3,"column":27},"end":{"line":3,"column":43}},"3":{"start":{"line":4,"column":19},"end":{"line":4,"column":42}},"4":{"start":{"line":5,"column":18},"end":{"line":5,"column":47}},"5":{"start":{"line":6,"column":22},"end":{"line":6,"column":55}},"6":{"start":{"line":11,"column":15},"end":{"line":11,"column":22}},"7":{"start":{"line":12,"column":23},"end":{"line":12,"column":49}},"8":{"start":{"line":13,"column":4},"end":{"line":13,"column":22}},"9":{"start":{"line":17,"column":15},"end":{"line":17,"column":22}},"10":{"start":{"line":18,"column":23},"end":{"line":18,"column":47}},"11":{"start":{"line":19,"column":4},"end":{"line":19,"column":22}},"12":{"start":{"line":23,"column":15},"end":{"line":23,"column":22}},"13":{"start":{"line":24,"column":23},"end":{"line":24,"column":45}},"14":{"start":{"line":25,"column":4},"end":{"line":25,"column":22}},"15":{"start":{"line":29,"column":4},"end":{"line":47,"column":5}},"16":{"start":{"line":30,"column":19},"end":{"line":41,"column":7}},"17":{"start":{"line":43,"column":6},"end":{"line":43,"column":36}},"18":{"start":{"line":46,"column":6},"end":{"line":46,"column":18}},"19":{"start":{"line":51,"column":4},"end":{"line":428,"column":5}},"20":{"start":{"line":52,"column":30},"end":{"line":52,"column":56}},"21":{"start":{"line":53,"column":25},"end":{"line":53,"column":59}},"22":{"start":{"line":54,"column":20},"end":{"line":54,"column":62}},"23":{"start":{"line":56,"column":47},"end":{"line":56,"column":55}},"24":{"start":{"line":58,"column":6},"end":{"line":63,"column":7}},"25":{"start":{"line":59,"column":8},"end":{"line":62,"column":10}},"26":{"start":{"line":66,"column":20},"end":{"line":66,"column":24}},"27":{"start":{"line":67,"column":22},"end":{"line":67,"column":33}},"28":{"start":{"line":69,"column":6},"end":{"line":87,"column":7}},"29":{"start":{"line":71,"column":26},"end":{"line":76,"column":9}},"30":{"start":{"line":78,"column":8},"end":{"line":86,"column":9}},"31":{"start":{"line":84,"column":10},"end":{"line":84,"column":54}},"32":{"start":{"line":85,"column":10},"end":{"line":85,"column":58}},"33":{"start":{"line":90,"column":6},"end":{"line":113,"column":7}},"34":{"start":{"line":91,"column":28},"end":{"line":93,"column":28}},"35":{"start":{"line":95,"column":26},"end":{"line":102,"column":9}},"36":{"start":{"line":104,"column":8},"end":{"line":112,"column":9}},"37":{"start":{"line":110,"column":10},"end":{"line":110,"column":54}},"38":{"start":{"line":111,"column":10},"end":{"line":111,"column":58}},"39":{"start":{"line":115,"column":6},"end":{"line":117,"column":7}},"40":{"start":{"line":116,"column":8},"end":{"line":116,"column":74}},"41":{"start":{"line":120,"column":27},"end":{"line":127,"column":7}},"42":{"start":{"line":130,"column":6},"end":{"line":139,"column":7}},"43":{"start":{"line":135,"column":8},"end":{"line":138,"column":10}},"44":{"start":{"line":141,"column":24},"end":{"line":141,"column":51}},"45":{"start":{"line":142,"column":6},"end":{"line":144,"column":7}},"46":{"start":{"line":143,"column":8},"end":{"line":143,"column":65}},"47":{"start":{"line":146,"column":36},"end":{"line":199,"column":7}},"48":{"start":{"line":147,"column":34},"end":{"line":147,"column":36}},"49":{"start":{"line":149,"column":8},"end":{"line":196,"column":9}},"50":{"start":{"line":150,"column":10},"end":{"line":195,"column":11}},"51":{"start":{"line":152,"column":12},"end":{"line":155,"column":13}},"52":{"start":{"line":153,"column":14},"end":{"line":153,"column":70}},"53":{"start":{"line":154,"column":14},"end":{"line":154,"column":23}},"54":{"start":{"line":158,"column":31},"end":{"line":163,"column":13}},"55":{"start":{"line":166,"column":12},"end":{"line":169,"column":13}},"56":{"start":{"line":167,"column":14},"end":{"line":167,"column":73}},"57":{"start":{"line":168,"column":14},"end":{"line":168,"column":23}},"58":{"start":{"line":172,"column":34},"end":{"line":174,"column":13}},"59":{"start":{"line":173,"column":24},"end":{"line":173,"column":71}},"60":{"start":{"line":176,"column":12},"end":{"line":190,"column":13}},"61":{"start":{"line":177,"column":14},"end":{"line":189,"column":17}},"62":{"start":{"line":192,"column":12},"end":{"line":192,"column":99}},"63":{"start":{"line":194,"column":12},"end":{"line":194,"column":21}},"64":{"start":{"line":198,"column":8},"end":{"line":198,"column":33}},"65":{"start":{"line":201,"column":21},"end":{"line":201,"column":55}},"66":{"start":{"line":203,"column":6},"end":{"line":208,"column":7}},"67":{"start":{"line":204,"column":8},"end":{"line":207,"column":10}},"68":{"start":{"line":211,"column":32},"end":{"line":217,"column":18}},"69":{"start":{"line":214,"column":35},"end":{"line":214,"column":56}},"70":{"start":{"line":219,"column":34},"end":{"line":219,"column":94}},"71":{"start":{"line":219,"column":71},"end":{"line":219,"column":92}},"72":{"start":{"line":222,"column":27},"end":{"line":222,"column":96}},"73":{"start":{"line":222,"column":48},"end":{"line":222,"column":95}},"74":{"start":{"line":224,"column":6},"end":{"line":234,"column":7}},"75":{"start":{"line":225,"column":8},"end":{"line":233,"column":11}},"76":{"start":{"line":228,"column":51},"end":{"line":232,"column":11}},"77":{"start":{"line":237,"column":6},"end":{"line":239,"column":7}},"78":{"start":{"line":238,"column":8},"end":{"line":238,"column":89}},"79":{"start":{"line":241,"column":26},"end":{"line":289,"column":7}},"80":{"start":{"line":242,"column":8},"end":{"line":288,"column":9}},"81":{"start":{"line":243,"column":23},"end":{"line":248,"column":11}},"82":{"start":{"line":249,"column":25},"end":{"line":249,"column":40}},"83":{"start":{"line":250,"column":25},"end":{"line":283,"column":14}},"84":{"start":{"line":251,"column":28},"end":{"line":251,"column":42}},"85":{"start":{"line":253,"column":28},"end":{"line":253,"column":36}},"86":{"start":{"line":254,"column":14},"end":{"line":282,"column":16}},"87":{"start":{"line":262,"column":50},"end":{"line":267,"column":19}},"88":{"start":{"line":274,"column":55},"end":{"line":278,"column":21}},"89":{"start":{"line":284,"column":10},"end":{"line":284,"column":24}},"90":{"start":{"line":286,"column":10},"end":{"line":286,"column":93}},"91":{"start":{"line":287,"column":10},"end":{"line":287,"column":20}},"92":{"start":{"line":291,"column":24},"end":{"line":296,"column":7}},"93":{"start":{"line":293,"column":10},"end":{"line":293,"column":64}},"94":{"start":{"line":294,"column":10},"end":{"line":294,"column":20}},"95":{"start":{"line":299,"column":25},"end":{"line":299,"column":34}},"96":{"start":{"line":300,"column":23},"end":{"line":300,"column":32}},"97":{"start":{"line":302,"column":6},"end":{"line":344,"column":9}},"98":{"start":{"line":303,"column":8},"end":{"line":343,"column":11}},"99":{"start":{"line":305,"column":10},"end":{"line":314,"column":13}},"100":{"start":{"line":306,"column":12},"end":{"line":313,"column":13}},"101":{"start":{"line":307,"column":14},"end":{"line":312,"column":17}},"102":{"start":{"line":317,"column":10},"end":{"line":342,"column":11}},"103":{"start":{"line":318,"column":12},"end":{"line":341,"column":15}},"104":{"start":{"line":321,"column":51},"end":{"line":321,"column":63}},"105":{"start":{"line":321,"column":80},"end":{"line":321,"column":82}},"106":{"start":{"line":322,"column":56},"end":{"line":322,"column":62}},"107":{"start":{"line":347,"column":28},"end":{"line":347,"column":59}},"108":{"start":{"line":348,"column":26},"end":{"line":348,"column":55}},"109":{"start":{"line":351,"column":31},"end":{"line":351,"column":71}},"110":{"start":{"line":353,"column":6},"end":{"line":364,"column":7}},"111":{"start":{"line":354,"column":24},"end":{"line":360,"column":11}},"112":{"start":{"line":354,"column":55},"end":{"line":360,"column":9}},"113":{"start":{"line":362,"column":8},"end":{"line":362,"column":50}},"114":{"start":{"line":363,"column":8},"end":{"line":363,"column":69}},"115":{"start":{"line":367,"column":29},"end":{"line":367,"column":67}},"116":{"start":{"line":368,"column":28},"end":{"line":368,"column":29}},"117":{"start":{"line":370,"column":6},"end":{"line":403,"column":7}},"118":{"start":{"line":371,"column":28},"end":{"line":371,"column":30}},"119":{"start":{"line":373,"column":8},"end":{"line":390,"column":9}},"120":{"start":{"line":375,"column":31},"end":{"line":380,"column":12}},"121":{"start":{"line":382,"column":10},"end":{"line":389,"column":11}},"122":{"start":{"line":384,"column":12},"end":{"line":388,"column":15}},"123":{"start":{"line":392,"column":8},"end":{"line":402,"column":9}},"124":{"start":{"line":393,"column":29},"end":{"line":393,"column":72}},"125":{"start":{"line":394,"column":10},"end":{"line":394,"column":58}},"126":{"start":{"line":395,"column":10},"end":{"line":399,"column":12}},"127":{"start":{"line":401,"column":10},"end":{"line":401,"column":83}},"128":{"start":{"line":406,"column":30},"end":{"line":412,"column":9}},"129":{"start":{"line":406,"column":59},"end":{"line":412,"column":7}},"130":{"start":{"line":408,"column":48},"end":{"line":411,"column":9}},"131":{"start":{"line":415,"column":24},"end":{"line":415,"column":68}},"132":{"start":{"line":417,"column":6},"end":{"line":425,"column":9}},"133":{"start":{"line":427,"column":6},"end":{"line":427,"column":18}},"134":{"start":{"line":433,"column":4},"end":{"line":449,"column":5}},"135":{"start":{"line":434,"column":25},"end":{"line":434,"column":59}},"136":{"start":{"line":435,"column":23},"end":{"line":435,"column":49}},"137":{"start":{"line":436,"column":6},"end":{"line":436,"column":28}},"138":{"start":{"line":437,"column":31},"end":{"line":437,"column":39}},"139":{"start":{"line":438,"column":22},"end":{"line":444,"column":7}},"140":{"start":{"line":445,"column":21},"end":{"line":445,"column":56}},"141":{"start":{"line":446,"column":6},"end":{"line":446,"column":74}},"142":{"start":{"line":448,"column":6},"end":{"line":448,"column":18}},"143":{"start":{"line":453,"column":4},"end":{"line":551,"column":5}},"144":{"start":{"line":454,"column":25},"end":{"line":454,"column":59}},"145":{"start":{"line":455,"column":29},"end":{"line":455,"column":67}},"146":{"start":{"line":456,"column":23},"end":{"line":456,"column":49}},"147":{"start":{"line":460,"column":24},"end":{"line":464,"column":18}},"148":{"start":{"line":467,"column":33},"end":{"line":546,"column":7}},"149":{"start":{"line":469,"column":10},"end":{"line":544,"column":11}},"150":{"start":{"line":470,"column":12},"end":{"line":472,"column":13}},"151":{"start":{"line":471,"column":14},"end":{"line":471,"column":49}},"152":{"start":{"line":475,"column":31},"end":{"line":475,"column":49}},"153":{"start":{"line":476,"column":32},"end":{"line":476,"column":81}},"154":{"start":{"line":478,"column":34},"end":{"line":478,"column":36}},"155":{"start":{"line":480,"column":12},"end":{"line":537,"column":13}},"156":{"start":{"line":482,"column":28},"end":{"line":482,"column":93}},"157":{"start":{"line":482,"column":59},"end":{"line":482,"column":69}},"158":{"start":{"line":482,"column":88},"end":{"line":482,"column":92}},"159":{"start":{"line":483,"column":32},"end":{"line":483,"column":93}},"160":{"start":{"line":485,"column":14},"end":{"line":510,"column":51}},"161":{"start":{"line":487,"column":35},"end":{"line":487,"column":85}},"162":{"start":{"line":487,"column":60},"end":{"line":487,"column":84}},"163":{"start":{"line":489,"column":18},"end":{"line":499,"column":19}},"164":{"start":{"line":490,"column":20},"end":{"line":498,"column":22}},"165":{"start":{"line":502,"column":18},"end":{"line":508,"column":20}},"166":{"start":{"line":510,"column":35},"end":{"line":510,"column":49}},"167":{"start":{"line":513,"column":30},"end":{"line":513,"column":85}},"168":{"start":{"line":513,"column":63},"end":{"line":513,"column":84}},"169":{"start":{"line":514,"column":32},"end":{"line":514,"column":94}},"170":{"start":{"line":516,"column":14},"end":{"line":536,"column":51}},"171":{"start":{"line":518,"column":35},"end":{"line":520,"column":19}},"172":{"start":{"line":519,"column":30},"end":{"line":519,"column":72}},"173":{"start":{"line":522,"column":18},"end":{"line":532,"column":19}},"174":{"start":{"line":523,"column":20},"end":{"line":531,"column":22}},"175":{"start":{"line":534,"column":18},"end":{"line":534,"column":30}},"176":{"start":{"line":536,"column":35},"end":{"line":536,"column":49}},"177":{"start":{"line":539,"column":12},"end":{"line":539,"column":60}},"178":{"start":{"line":541,"column":12},"end":{"line":541,"column":77}},"179":{"start":{"line":543,"column":12},"end":{"line":543,"column":47}},"180":{"start":{"line":548,"column":6},"end":{"line":548,"column":57}},"181":{"start":{"line":550,"column":6},"end":{"line":550,"column":18}},"182":{"start":{"line":554,"column":4},"end":{"line":642,"column":5}},"183":{"start":{"line":555,"column":25},"end":{"line":555,"column":59}},"184":{"start":{"line":556,"column":29},"end":{"line":556,"column":67}},"185":{"start":{"line":557,"column":25},"end":{"line":557,"column":47}},"186":{"start":{"line":559,"column":23},"end":{"line":561,"column":8}},"187":{"start":{"line":563,"column":6},"end":{"line":565,"column":7}},"188":{"start":{"line":564,"column":8},"end":{"line":564,"column":71}},"189":{"start":{"line":568,"column":6},"end":{"line":637,"column":7}},"190":{"start":{"line":569,"column":8},"end":{"line":636,"column":9}},"191":{"start":{"line":571,"column":29},"end":{"line":571,"column":47}},"192":{"start":{"line":572,"column":30},"end":{"line":572,"column":79}},"193":{"start":{"line":574,"column":10},"end":{"line":631,"column":11}},"194":{"start":{"line":576,"column":26},"end":{"line":576,"column":91}},"195":{"start":{"line":576,"column":57},"end":{"line":576,"column":67}},"196":{"start":{"line":576,"column":86},"end":{"line":576,"column":90}},"197":{"start":{"line":577,"column":30},"end":{"line":577,"column":91}},"198":{"start":{"line":579,"column":12},"end":{"line":604,"column":49}},"199":{"start":{"line":581,"column":33},"end":{"line":581,"column":83}},"200":{"start":{"line":581,"column":58},"end":{"line":581,"column":82}},"201":{"start":{"line":583,"column":16},"end":{"line":593,"column":17}},"202":{"start":{"line":584,"column":18},"end":{"line":592,"column":20}},"203":{"start":{"line":596,"column":16},"end":{"line":602,"column":18}},"204":{"start":{"line":604,"column":33},"end":{"line":604,"column":47}},"205":{"start":{"line":607,"column":28},"end":{"line":607,"column":83}},"206":{"start":{"line":607,"column":61},"end":{"line":607,"column":82}},"207":{"start":{"line":608,"column":30},"end":{"line":608,"column":92}},"208":{"start":{"line":610,"column":12},"end":{"line":630,"column":49}},"209":{"start":{"line":612,"column":33},"end":{"line":614,"column":17}},"210":{"start":{"line":613,"column":28},"end":{"line":613,"column":70}},"211":{"start":{"line":616,"column":16},"end":{"line":626,"column":17}},"212":{"start":{"line":617,"column":18},"end":{"line":625,"column":20}},"213":{"start":{"line":628,"column":16},"end":{"line":628,"column":28}},"214":{"start":{"line":630,"column":33},"end":{"line":630,"column":47}},"215":{"start":{"line":633,"column":10},"end":{"line":633,"column":86}},"216":{"start":{"line":635,"column":10},"end":{"line":635,"column":31}},"217":{"start":{"line":639,"column":6},"end":{"line":639,"column":47}},"218":{"start":{"line":641,"column":6},"end":{"line":641,"column":18}},"219":{"start":{"line":646,"column":4},"end":{"line":690,"column":5}},"220":{"start":{"line":647,"column":25},"end":{"line":647,"column":59}},"221":{"start":{"line":648,"column":25},"end":{"line":648,"column":47}},"222":{"start":{"line":649,"column":23},"end":{"line":649,"column":49}},"223":{"start":{"line":650,"column":27},"end":{"line":650,"column":35}},"224":{"start":{"line":653,"column":21},"end":{"line":653,"column":33}},"225":{"start":{"line":655,"column":6},"end":{"line":657,"column":7}},"226":{"start":{"line":656,"column":8},"end":{"line":656,"column":72}},"227":{"start":{"line":659,"column":31},"end":{"line":661,"column":8}},"228":{"start":{"line":663,"column":6},"end":{"line":665,"column":7}},"229":{"start":{"line":664,"column":8},"end":{"line":664,"column":71}},"230":{"start":{"line":668,"column":27},"end":{"line":668,"column":44}},"231":{"start":{"line":670,"column":8},"end":{"line":670,"column":96}},"232":{"start":{"line":670,"column":51},"end":{"line":670,"column":86}},"233":{"start":{"line":672,"column":6},"end":{"line":674,"column":7}},"234":{"start":{"line":673,"column":8},"end":{"line":673,"column":88}},"235":{"start":{"line":677,"column":24},"end":{"line":677,"column":67}},"236":{"start":{"line":680,"column":24},"end":{"line":680,"column":56}},"237":{"start":{"line":681,"column":6},"end":{"line":683,"column":7}},"238":{"start":{"line":682,"column":8},"end":{"line":682,"column":54}},"239":{"start":{"line":685,"column":6},"end":{"line":685,"column":79}},"240":{"start":{"line":687,"column":6},"end":{"line":687,"column":74}},"241":{"start":{"line":689,"column":6},"end":{"line":689,"column":18}},"242":{"start":{"line":694,"column":4},"end":{"line":706,"column":5}},"243":{"start":{"line":695,"column":25},"end":{"line":695,"column":59}},"244":{"start":{"line":696,"column":25},"end":{"line":696,"column":47}},"245":{"start":{"line":697,"column":21},"end":{"line":699,"column":8}},"246":{"start":{"line":700,"column":6},"end":{"line":702,"column":7}},"247":{"start":{"line":701,"column":8},"end":{"line":701,"column":71}},"248":{"start":{"line":703,"column":6},"end":{"line":703,"column":60}},"249":{"start":{"line":705,"column":6},"end":{"line":705,"column":18}},"250":{"start":{"line":711,"column":4},"end":{"line":776,"column":5}},"251":{"start":{"line":712,"column":6},"end":{"line":712,"column":55}},"252":{"start":{"line":713,"column":25},"end":{"line":713,"column":59}},"253":{"start":{"line":714,"column":6},"end":{"line":714,"column":56}},"254":{"start":{"line":716,"column":25},"end":{"line":716,"column":47}},"255":{"start":{"line":717,"column":33},"end":{"line":717,"column":59}},"256":{"start":{"line":718,"column":26},"end":{"line":718,"column":47}},"257":{"start":{"line":720,"column":6},"end":{"line":720,"column":67}},"258":{"start":{"line":721,"column":6},"end":{"line":721,"column":83}},"259":{"start":{"line":722,"column":6},"end":{"line":722,"column":69}},"260":{"start":{"line":723,"column":6},"end":{"line":723,"column":63}},"261":{"start":{"line":726,"column":29},"end":{"line":726,"column":62}},"262":{"start":{"line":727,"column":6},"end":{"line":727,"column":53}},"263":{"start":{"line":729,"column":6},"end":{"line":732,"column":7}},"264":{"start":{"line":730,"column":8},"end":{"line":730,"column":50}},"265":{"start":{"line":731,"column":8},"end":{"line":731,"column":74}},"266":{"start":{"line":735,"column":6},"end":{"line":738,"column":7}},"267":{"start":{"line":736,"column":8},"end":{"line":736,"column":70}},"268":{"start":{"line":737,"column":8},"end":{"line":737,"column":79}},"269":{"start":{"line":740,"column":6},"end":{"line":740,"column":41}},"270":{"start":{"line":741,"column":31},"end":{"line":743,"column":8}},"271":{"start":{"line":744,"column":6},"end":{"line":744,"column":57}},"272":{"start":{"line":746,"column":6},"end":{"line":749,"column":7}},"273":{"start":{"line":747,"column":8},"end":{"line":747,"column":49}},"274":{"start":{"line":748,"column":8},"end":{"line":748,"column":71}},"275":{"start":{"line":752,"column":24},"end":{"line":752,"column":56}},"276":{"start":{"line":753,"column":6},"end":{"line":753,"column":52}},"277":{"start":{"line":755,"column":6},"end":{"line":758,"column":7}},"278":{"start":{"line":756,"column":8},"end":{"line":756,"column":57}},"279":{"start":{"line":757,"column":8},"end":{"line":757,"column":95}},"280":{"start":{"line":761,"column":6},"end":{"line":761,"column":42}},"281":{"start":{"line":762,"column":27},"end":{"line":765,"column":7}},"282":{"start":{"line":766,"column":6},"end":{"line":766,"column":50}},"283":{"start":{"line":768,"column":6},"end":{"line":768,"column":57}},"284":{"start":{"line":769,"column":6},"end":{"line":769,"column":81}},"285":{"start":{"line":771,"column":6},"end":{"line":771,"column":60}},"286":{"start":{"line":772,"column":6},"end":{"line":772,"column":59}},"287":{"start":{"line":773,"column":6},"end":{"line":773,"column":53}},"288":{"start":{"line":774,"column":6},"end":{"line":774,"column":49}},"289":{"start":{"line":775,"column":6},"end":{"line":775,"column":18}},"290":{"start":{"line":781,"column":4},"end":{"line":818,"column":5}},"291":{"start":{"line":782,"column":25},"end":{"line":782,"column":59}},"292":{"start":{"line":783,"column":25},"end":{"line":783,"column":47}},"293":{"start":{"line":784,"column":23},"end":{"line":784,"column":49}},"294":{"start":{"line":786,"column":31},"end":{"line":788,"column":8}},"295":{"start":{"line":790,"column":6},"end":{"line":792,"column":7}},"296":{"start":{"line":791,"column":8},"end":{"line":791,"column":71}},"297":{"start":{"line":795,"column":6},"end":{"line":799,"column":7}},"298":{"start":{"line":796,"column":8},"end":{"line":798,"column":11}},"299":{"start":{"line":802,"column":24},"end":{"line":802,"column":56}},"300":{"start":{"line":803,"column":6},"end":{"line":807,"column":7}},"301":{"start":{"line":804,"column":8},"end":{"line":806,"column":11}},"302":{"start":{"line":810,"column":6},"end":{"line":813,"column":8}},"303":{"start":{"line":815,"column":6},"end":{"line":815,"column":74}},"304":{"start":{"line":817,"column":6},"end":{"line":817,"column":18}},"305":{"start":{"line":823,"column":4},"end":{"line":853,"column":5}},"306":{"start":{"line":824,"column":25},"end":{"line":824,"column":59}},"307":{"start":{"line":825,"column":25},"end":{"line":825,"column":47}},"308":{"start":{"line":826,"column":21},"end":{"line":826,"column":39}},"309":{"start":{"line":827,"column":23},"end":{"line":827,"column":49}},"310":{"start":{"line":829,"column":31},"end":{"line":831,"column":8}},"311":{"start":{"line":833,"column":6},"end":{"line":835,"column":7}},"312":{"start":{"line":834,"column":8},"end":{"line":834,"column":71}},"313":{"start":{"line":838,"column":6},"end":{"line":842,"column":7}},"314":{"start":{"line":839,"column":8},"end":{"line":841,"column":82}},"315":{"start":{"line":845,"column":6},"end":{"line":848,"column":8}},"316":{"start":{"line":850,"column":6},"end":{"line":850,"column":83}},"317":{"start":{"line":852,"column":6},"end":{"line":852,"column":18}},"318":{"start":{"line":858,"column":4},"end":{"line":939,"column":5}},"319":{"start":{"line":859,"column":23},"end":{"line":859,"column":49}},"320":{"start":{"line":860,"column":25},"end":{"line":860,"column":59}},"321":{"start":{"line":861,"column":29},"end":{"line":861,"column":67}},"322":{"start":{"line":862,"column":17},"end":{"line":862,"column":24}},"323":{"start":{"line":863,"column":29},"end":{"line":863,"column":51}},"324":{"start":{"line":866,"column":34},"end":{"line":870,"column":7}},"325":{"start":{"line":872,"column":29},"end":{"line":872,"column":31}},"326":{"start":{"line":875,"column":19},"end":{"line":875,"column":72}},"327":{"start":{"line":877,"column":6},"end":{"line":895,"column":7}},"328":{"start":{"line":879,"column":32},"end":{"line":884,"column":10}},"329":{"start":{"line":880,"column":10},"end":{"line":882,"column":11}},"330":{"start":{"line":881,"column":12},"end":{"line":881,"column":36}},"331":{"start":{"line":883,"column":10},"end":{"line":883,"column":20}},"332":{"start":{"line":887,"column":8},"end":{"line":894,"column":21}},"333":{"start":{"line":898,"column":32},"end":{"line":902,"column":18}},"334":{"start":{"line":905,"column":27},"end":{"line":905,"column":70}},"335":{"start":{"line":908,"column":33},"end":{"line":931,"column":7}},"336":{"start":{"line":910,"column":10},"end":{"line":917,"column":11}},"337":{"start":{"line":911,"column":12},"end":{"line":916,"column":14}},"338":{"start":{"line":920,"column":27},"end":{"line":920,"column":94}},"339":{"start":{"line":920,"column":72},"end":{"line":920,"column":93}},"340":{"start":{"line":921,"column":25},"end":{"line":921,"column":88}},"341
[...]
8":{"start":{"line":164,"column":6},"end":{"line":164,"column":18}},"79":{"start":{"line":169,"column":4},"end":{"line":217,"column":5}},"80":{"start":{"line":170,"column":22},"end":{"line":170,"column":34}},"81":{"start":{"line":171,"column":25},"end":{"line":171,"column":55}},"82":{"start":{"line":172,"column":19},"end":{"line":172,"column":61}},"83":{"start":{"line":174,"column":6},"end":{"line":176,"column":7}},"84":{"start":{"line":175,"column":8},"end":{"line":175,"column":67}},"85":{"start":{"line":179,"column":6},"end":{"line":181,"column":7}},"86":{"start":{"line":180,"column":8},"end":{"line":180,"column":53}},"87":{"start":{"line":184,"column":29},"end":{"line":184,"column":55}},"88":{"start":{"line":185,"column":22},"end":{"line":185,"column":71}},"89":{"start":{"line":185,"column":54},"end":{"line":185,"column":70}},"90":{"start":{"line":186,"column":20},"end":{"line":186,"column":82}},"91":{"start":{"line":189,"column":26},"end":{"line":189,"column":35}},"92":{"start":{"line":190,"column":6},"end":{"line":194,"column":9}},"93":{"start":{"line":191,"column":8},"end":{"line":193,"column":9}},"94":{"start":{"line":192,"column":10},"end":{"line":192,"column":74}},"95":{"start":{"line":192,"column":42},"end":{"line":192,"column":72}},"96":{"start":{"line":197,"column":30},"end":{"line":197,"column":83}},"97":{"start":{"line":197,"column":66},"end":{"line":197,"column":82}},"98":{"start":{"line":200,"column":17},"end":{"line":200,"column":24}},"99":{"start":{"line":201,"column":32},"end":{"line":201,"column":56}},"100":{"start":{"line":202,"column":22},"end":{"line":204,"column":18}},"101":{"start":{"line":207,"column":26},"end":{"line":212,"column":9}},"102":{"start":{"line":207,"column":51},"end":{"line":212,"column":7}},"103":{"start":{"line":214,"column":6},"end":{"line":214,"column":60}},"104":{"start":{"line":216,"column":6},"end":{"line":216,"column":18}},"105":{"start":{"line":220,"column":0},"end":{"line":220,"column":32}}},"fnMap":{"0":{"name":"(anonymous_0)","decl":{"start":{"line":6,"column":2},"end":{"line":6,"column":3}},"loc":{"start":{"line":6,"column":25},"end":{"line":10,"column":3}},"line":6},"1":{"name":"(anonymous_1)","decl":{"start":{"line":12,"column":2},"end":{"line":12,"column":3}},"loc":{"start":{"line":12,"column":40},"end":{"line":33,"column":3}},"line":12},"2":{"name":"(anonymous_2)","decl":{"start":{"line":35,"column":2},"end":{"line":35,"column":3}},"loc":{"start":{"line":35,"column":50},"end":{"line":65,"column":3}},"line":35},"3":{"name":"(anonymous_3)","decl":{"start":{"line":67,"column":2},"end":{"line":67,"column":3}},"loc":{"start":{"line":67,"column":48},"end":{"line":132,"column":3}},"line":67},"4":{"name":"(anonymous_4)","decl":{"start":{"line":78,"column":46},"end":{"line":78,"column":47}},"loc":{"start":{"line":78,"column":54},"end":{"line":78,"column":70}},"line":78},"5":{"name":"(anonymous_5)","decl":{"start":{"line":86,"column":18},"end":{"line":86,"column":19}},"loc":{"start":{"line":86,"column":34},"end":{"line":125,"column":9}},"line":86},"6":{"name":"(anonymous_6)","decl":{"start":{"line":98,"column":68},"end":{"line":98,"column":69}},"loc":{"start":{"line":98,"column":75},"end":{"line":98,"column":81}},"line":98},"7":{"name":"(anonymous_7)","decl":{"start":{"line":134,"column":2},"end":{"line":134,"column":3}},"loc":{"start":{"line":134,"column":49},"end":{"line":153,"column":3}},"line":134},"8":{"name":"(anonymous_8)","decl":{"start":{"line":155,"column":2},"end":{"line":155,"column":3}},"loc":{"start":{"line":155,"column":47},"end":{"line":166,"column":3}},"line":155},"9":{"name":"(anonymous_9)","decl":{"start":{"line":168,"column":2},"end":{"line":168,"column":3}},"loc":{"start":{"line":168,"column":53},"end":{"line":218,"column":3}},"line":168},"10":{"name":"(anonymous_10)","decl":{"start":{"line":185,"column":46},"end":{"line":185,"column":47}},"loc":{"start":{"line":185,"column":54},"end":{"line":185,"column":70}},"line":185},"11":{"name":"(anonymous_11)","decl":{"start":{"line":190,"column":20},"end":{"line":190,"column":21}},"loc":{"start":{"line":190,"column":30},"end":{"line":194,"column":7}},"line":190},"12":{"name":"(anonymous_12)","decl":{"start":{"line":192,"column":34},"end":{"line":192,"column":35}},"loc":{"start":{"line":192,"column":42},"end":{"line":192,"column":72}},"line":192},"13":{"name":"(anonymous_13)","decl":{"start":{"line":197,"column":58},"end":{"line":197,"column":59}},"loc":{"start":{"line":197,"column":66},"end":{"line":197,"column":82}},"line":197},"14":{"name":"(anonymous_14)","decl":{"start":{"line":207,"column":38},"end":{"line":207,"column":39}},"loc":{"start":{"line":207,"column":51},"end":{"line":212,"column":7}},"line":207}},"branchMap":{"0":{"loc":{"start":{"line":17,"column":6},"end":{"line":28,"column":7}},"type":"if","locations":[{"start":{"line":17,"column":6},"end":{"line":28,"column":7}},{"start":{},"end":{}}],"line":17},"1":{"loc":{"start":{"line":38,"column":6},"end":{"line":40,"column":7}},"type":"if","locations":[{"start":{"line":38,"column":6},"end":{"line":40,"column":7}},{"start":{},"end":{}}],"line":38},"2":{"loc":{"start":{"line":43,"column":6},"end":{"line":45,"column":7}},"type":"if","locations":[{"start":{"line":43,"column":6},"end":{"line":45,"column":7}},{"start":{},"end":{}}],"line":43},"3":{"loc":{"start":{"line":49,"column":6},"end":{"line":60,"column":7}},"type":"if","locations":[{"start":{"line":49,"column":6},"end":{"line":60,"column":7}},{"start":{},"end":{}}],"line":49},"4":{"loc":{"start":{"line":50,"column":37},"end":{"line":50,"column":62}},"type":"binary-expr","locations":[{"start":{"line":50,"column":37},"end":{"line":50,"column":56}},{"start":{"line":50,"column":60},"end":{"line":50,"column":62}}],"line":50},"5":{"loc":{"start":{"line":51,"column":8},"end":{"line":53,"column":9}},"type":"if","locations":[{"start":{"line":51,"column":8},"end":{"line":53,"column":9}},{"start":{},"end":{}}],"line":51},"6":{"loc":{"start":{"line":73,"column":6},"end":{"line":75,"column":7}},"type":"if","locations":[{"start":{"line":73,"column":6},"end":{"line":75,"column":7}},{"start":{},"end":{}}],"line":73},"7":{"loc":{"start":{"line":92,"column":10},"end":{"line":106,"column":11}},"type":"if","locations":[{"start":{"line":92,"column":10},"end":{"line":106,"column":11}},{"start":{"line":102,"column":15},"end":{"line":106,"column":11}}],"line":92},"8":{"loc":{"start":{"line":92,"column":14},"end":{"line":92,"column":59}},"type":"binary-expr","locations":[{"start":{"line":92,"column":14},"end":{"line":92,"column":29}},{"start":{"line":92,"column":33},"end":{"line":92,"column":59}}],"line":92},"9":{"loc":{"start":{"line":98,"column":28},"end":{"line":98,"column":93}},"type":"binary-expr","locations":[{"start":{"line":98,"column":28},"end":{"line":98,"column":48}},{"start":{"line":98,"column":52},"end":{"line":98,"column":93}}],"line":98},"10":{"loc":{"start":{"line":99,"column":29},"end":{"line":99,"column":60}},"type":"binary-expr","locations":[{"start":{"line":99,"column":29},"end":{"line":99,"column":54}},{"start":{"line":99,"column":58},"end":{"line":99,"column":60}}],"line":99},"11":{"loc":{"start":{"line":102,"column":15},"end":{"line":106,"column":11}},"type":"if","locations":[{"start":{"line":102,"column":15},"end":{"line":106,"column":11}},{"start":{},"end":{}}],"line":102},"12":{"loc":{"start":{"line":104,"column":28},"end":{"line":104,"column":64}},"type":"binary-expr","locations":[{"start":{"line":104,"column":28},"end":{"line":104,"column":44}},{"start":{"line":104,"column":48},"end":{"line":104,"column":64}}],"line":104},"13":{"loc":{"start":{"line":105,"column":29},"end":{"line":105,"column":56}},"type":"binary-expr","locations":[{"start":{"line":105,"column":29},"end":{"line":105,"column":50}},{"start":{"line":105,"column":54},"end":{"line":105,"column":56}}],"line":105},"14":{"loc":{"start":{"line":118,"column":25},"end":{"line":118,"column":47}},"type":"binary-expr","locations":[{"start":{"line":118,"column":25},"end":{"line":118,"column":41}},{"start":{"line":118,"column":45},"end":{"line":118,"column":47}}],"line":118},"15":{"loc":{"start":{"line":119,"column":29},"end":{"line":119,"column":55}},"type":"binary-expr","locations":[{"start":{"line":119,"column":29},"end":{"line":119,"column":49}},{"start":{"line":119,"column":53},"end":{"line":119,"column":55}}],"line":119},"16":{"loc":{"start":{"line":120,"column":25},"end":{"line":120,"column":47}},"type":"binary-expr","locations":[{"start":{"line":120,"column":25},"end":{"line":120,"column":41}},{"start":{"line":120,"column":45},"end":{"line":120,"column":47}}],"line":120},"17":{"loc":{"start":{"line":121,"column":21},"end":{"line":121,"column":43}},"type":"binary-expr","locations":[{"start":{"line":121,"column":21},"end":{"line":121,"column":37}},{"start":{"line":121,"column":41},"end":{"line":121,"column":43}}],"line":121},"18":{"loc":{"start":{"line":145,"column":6},"end":{"line":147,"column":7}},"type":"if","locations":[{"start":{"line":145,"column":6},"end":{"line":147,"column":7}},{"start":{},"end":{}}],"line":145},"19":{"loc":{"start":{"line":174,"column":6},"end":{"line":176,"column":7}},"type":"if","locations":[{"start":{"line":174,"column":6},"end":{"line":176,"column":7}},{"start":{},"end":{}}],"line":174},"20":{"loc":{"start":{"line":179,"column":6},"end":{"line":181,"column":7}},"type":"if","locations":[{"start":{"line":179,"column":6},"end":{"line":181,"column":7}},{"start":{},"end":{}}],"line":179},"21":{"loc":{"start":{"line":179,"column":10},"end":{"line":179,"column":66}},"type":"binary-expr","locations":[{"start":{"line":179,"column":10},"end":{"line":179,"column":30}},{"start":{"line":179,"column":34},"end":{"line":179,"column":66}}],"line":179},"22":{"loc":{"start":{"line":191,"column":8},"end":{"line":193,"column":9}},"type":"if","locations":[{"start":{"line":191,"column":8},"end":{"line":193,"column":9}},{"start":{},"end":{}}],"line":191},"23":{"loc":{"start":{"line":191,"column":12},"end":{"line":191,"column":61}},"type":"binary-expr","locations":[{"start":{"line":191,"column":12},"end":{"line":191,"column":27}},{"start":{"line":191,"column":31},"end":{"line":191,"column":61}}],"line":191}},"s":{"0":4,"1":4,"2":4,"3":37,"4":37,"5":37,"6":5,"7":5,"8":5,"9":5,"10":4,"11":3,"12":3,"13":2,"14":2,"15":1,"16":2,"17":9,"18":9,"19":9,"20":2,"21":7,"22":7,"23":7,"24":1,"25":6,"26":6,"27":6,"28":6,"29":6,"30":6,"31":1,"32":5,"33":5,"34":4,"35":0,"36":1,"37":13,"38":13,"39":13,"40":13,"41":13,"42":0,"43":13,"44":13,"45":14,"46":12,"47":12,"48":12,"49":12,"50":13,"51":13,"52":13,"53":8,"54":8,"55":3,"56":8,"57":5,"58":3,"59":3,"60":3,"61":13,"62":12,"63":1,"64":3,"65":3,"66":3,"67":3,"68":3,"69":2,"70":1,"71":1,"72":1,"73":3,"74":3,"75":3,"76":3,"77":2,"78":1,"79":7,"80":7,"81":7,"82":7,"83":7,"84":0,"85":7,"86":2,"87":5,"88":5,"89":8,"90":4,"91":4,"92":4,"93":7,"94":5,"95":7,"96":4,"97":5,"98":4,"99":4,"100":4,"101":3,"102":4,"103":3,"104":2,"105":4},"f":{"0":37,"1":5,"2":9,"3":13,"4":14,"5":13,"6":3,"7":3,"8":3,"9":7,"10":8,"11":7,"12":7,"13":5,"14":4},"b":{"0":[3,1],"1":[2,7],"2":[1,6],"3":[6,0],"4":[6,2],"5":[1,5],"6":[0,13],"7":[8,5],"8":[13,9],"9":[8,2],"10":[8,3],"11":[3,2],"12":[3,1],"13":[3,1],"14":[13,11],"15":[13,12],"16":[13,12],"17":[13,12],"18":[1,1],"19":[0,7],"20":[2,5],"21":[7,6],"22":[5,2],"23":[7,5]},"_coverageSchema":"1a1c01bbd47fc00a2c39e90264f33305004495a9","hash":"1ba842b5bc0020fb19f1ec25e2de646f8ff76f69"}
,"D:\\Hactiv8\\Phase 3\\Final-Project-HCK87\\server\\middleware\\auth.js": {"path":"D:\\Hactiv8\\Phase 3\\Final-Project-HCK87\\server\\middleware\\auth.js","statementMap":{"0":{"start":{"line":1,"column":18},"end":{"line":1,"column":46}},"1":{"start":{"line":3,"column":21},"end":{"line":18,"column":1}},"2":{"start":{"line":4,"column":19},"end":{"line":4,"column":45}},"3":{"start":{"line":5,"column":2},"end":{"line":7,"column":3}},"4":{"start":{"line":6,"column":4},"end":{"line":6,"column":67}},"5":{"start":{"line":8,"column":13},"end":{"line":8,"column":20}},"6":{"start":{"line":9,"column":21},"end":{"line":9,"column":43}},"7":{"start":{"line":10,"column":15},"end":{"line":10,"column":64}},"8":{"start":{"line":12,"column":2},"end":{"line":14,"column":3}},"9":{"start":{"line":13,"column":4},"end":{"line":13,"column":63}},"10":{"start":{"line":16,"column":2},"end":{"line":16,"column":18}},"11":{"start":{"line":17,"column":2},"end":{"line":17,"column":9}},"12":{"start":{"line":20,"column":0},"end":{"line":20,"column":34}}},"fnMap":{"0":{"name":"(anonymous_0)","decl":{"start":{"line":3,"column":21},"end":{"line":3,"column":22}},"loc":{"start":{"line":3,"column":47},"end":{"line":18,"column":1}},"line":3}},"branchMap":{"0":{"loc":{"start":{"line":5,"column":2},"end":{"line":7,"column":3}},"type":"if","locations":[{"start":{"line":5,"column":2},"end":{"line":7,"column":3}},{"start":{},"end":{}}],"line":5},"1":{"loc":{"start":{"line":12,"column":2},"end":{"line":14,"column":3}},"type":"if","locations":[{"start":{"line":12,"column":2},"end":{"line":14,"column":3}},{"start":{},"end":{}}],"line":12}},"s":{"0":4,"1":4,"2":41,"3":41,"4":0,"5":41,"6":41,"7":41,"8":41,"9":6,"10":35,"11":35,"12":4},"f":{"0":41},"b":{"0":[0,41],"1":[6,35]},"_coverageSchema":"1a1c01bbd47fc00a2c39e90264f33305004495a9","hash":"4933926b77707b8803477813b26792a79fd97afb"}
,"D:\\Hactiv8\\Phase 3\\Final-Project-HCK87\\server\\middleware\\upload.js": {"path":"D:\\Hactiv8\\Phase 3\\Final-Project-HCK87\\server\\middleware\\upload.js","statementMap":{"0":{"start":{"line":1,"column":15},"end":{"line":1,"column":32}},"1":{"start":{"line":2,"column":13},"end":{"line":2,"column":28}},"2":{"start":{"line":5,"column":16},"end":{"line":5,"column":38}},"3":{"start":{"line":8,"column":19},"end":{"line":25,"column":1}},"4":{"start":{"line":9,"column":23},"end":{"line":18,"column":3}},"5":{"start":{"line":20,"column":2},"end":{"line":24,"column":3}},"6":{"start":{"line":21,"column":4},"end":{"line":21,"column":19}},"7":{"start":{"line":23,"column":4},"end":{"line":23,"column":77}},"8":{"start":{"line":28,"column":15},"end":{"line":31,"column":2}},"9":{"start":{"line":33,"column":0},"end":{"line":33,"column":24}}},"fnMap":{"0":{"name":"(anonymous_0)","decl":{"start":{"line":8,"column":19},"end":{"line":8,"column":20}},"loc":{"start":{"line":8,"column":38},"end":{"line":25,"column":1}},"line":8}},"branchMap":{"0":{"loc":{"start":{"line":20,"column":2},"end":{"line":24,"column":3}},"type":"if","locations":[{"start":{"line":20,"column":2},"end":{"line":24,"column":3}},{"start":{"line":22,"column":9},"end":{"line":24,"column":3}}],"line":20}},"s":{"0":4,"1":4,"2":4,"3":4,"4":70,"5":70,"6":70,"7":0,"8":4,"9":4},"f":{"0":70},"b":{"0":[70,0]},"_coverageSchema":"1a1c01bbd47fc00a2c39e90264f33305004495a9","hash":"eb6af49051dedc73ddacdce7ac546825262d1c37"}
,"D:\\Hactiv8\\Phase 3\\Final-Project-HCK87\\server\\routes\\artists.js": {"path":"D:\\Hactiv8\\Phase 3\\Final-Project-HCK87\\server\\routes\\artists.js","statementMap":{"0":{"start":{"line":1,"column":19},"end":{"line":1,"column":55}},"1":{"start":{"line":2,"column":15},"end":{"line":2,"column":42}},"2":{"start":{"line":6,"column":0},"end":{"line":6,"column":58}},"3":{"start":{"line":8,"column":0},"end":{"line":8,"column":24}}},"fnMap":{},"branchMap":{},"s":{"0":4,"1":4,"2":4,"3":4},"f":{},"b":{},"_coverageSchema":"1a1c01bbd47fc00a2c39e90264f33305004495a9","hash":"52ac07830629056e58b972c949dd96d30190b4b5"}
,"D:\\Hactiv8\\Phase 3\\Final-Project-HCK87\\server\\routes\\index.js": {"path":"D:\\Hactiv8\\Phase 3\\Final-Project-HCK87\\server\\routes\\index.js","statementMap":{"0":{"start":{"line":1,"column":15},"end":{"line":1,"column":42}},"1":{"start":{"line":2,"column":13},"end":{"line":2,"column":31}},"2":{"start":{"line":3,"column":13},"end":{"line":3,"column":31}},"3":{"start":{"line":4,"column":17},"end":{"line":4,"column":39}},"4":{"start":{"line":5,"column":15},"end":{"line":5,"column":35}},"5":{"start":{"line":7,"column":0},"end":{"line":9,"column":3}},"6":{"start":{"line":8,"column":2},"end":{"line":8,"column":62}},"7":{"start":{"line":11,"column":0},"end":{"line":11,"column":27}},"8":{"start":{"line":12,"column":0},"end":{"line":12,"column":27}},"9":{"start":{"line":13,"column":0},"end":{"line":13,"column":35}},"10":{"start":{"line":14,"column":0},"end":{"line":14,"column":31}},"11":{"start":{"line":16,"column":0},"end":{"line":16,"column":24}}},"fnMap":{"0":{"name":"(anonymous_0)","decl":{"start":{"line":7,"column":16},"end":{"line":7,"column":17}},"loc":{"start":{"line":7,"column":30},"end":{"line":9,"column":1}},"line":7}},"branchMap":{},"s":{"0":4,"1":4,"2":4,"3":4,"4":4,"5":4,"6":0,"7":4,"8":4,"9":4,"10":4,"11":4},"f":{"0":0},"b":{},"_coverageSchema":"1a1c01bbd47fc00a2c39e90264f33305004495a9","hash":"2395b9755b41f45cbf4fd359f108da4cc4cc5c09"}
,"D:\\Hactiv8\\Phase 3\\Final-Project-HCK87\\server\\routes\\playlists.js": {"path":"D:\\Hactiv8\\Phase 3\\Final-Project-HCK87\\server\\routes\\playlists.js","statementMap":{"0":{"start":{"line":1,"column":27},"end":{"line":1,"column":71}},"1":{"start":{"line":2,"column":15},"end":{"line":2,"column":42}},"2":{"start":{"line":4,"column":0},"end":{"line":4,"column":52}},"3":{"start":{"line":5,"column":0},"end":{"line":5,"column":62}},"4":{"start":{"line":6,"column":0},"end":{"line":6,"column":59}},"5":{"start":{"line":7,"column":0},"end":{"line":7,"column":59}},"6":{"start":{"line":10,"column":0},"end":{"line":10,"column":75}},"7":{"start":{"line":11,"column":0},"end":{"line":11,"column":82}},"8":{"start":{"line":12,"column":0},"end":{"line":12,"column":89}},"9":{"start":{"line":15,"column":0},"end":{"line":15,"column":68}},"10":{"start":{"line":16,"column":0},"end":{"line":16,"column":70}},"11":{"start":{"line":17,"column":0},"end":{"line":17,"column":67}},"12":{"start":{"line":19,"column":0},"end":{"line":19,"column":24}}},"fnMap":{},"branchMap":{},"s":{"0":4,"1":4,"2":4,"3":4,"4":4,"5":4,"6":4,"7":4,"8":4,"9":4,"10":4,"11":4,"12":4},"f":{},"b":{},"_coverageSchema":"1a1c01bbd47fc00a2c39e90264f33305004495a9","hash":"f68ecd06e88d2c9fadb9151c714d752057477c4d"}
,"D:\\Hactiv8\\Phase 3\\Final-Project-HCK87\\server\\routes\\songs.js": {"path":"D:\\Hactiv8\\Phase 3\\Final-Project-HCK87\\server\\routes\\songs.js","statementMap":{"0":{"start":{"line":1,"column":19},"end":{"line":1,"column":55}},"1":{"start":{"line":2,"column":15},"end":{"line":2,"column":46}},"2":{"start":{"line":3,"column":15},"end":{"line":3,"column":42}},"3":{"start":{"line":5,"column":0},"end":{"line":5,"column":51}},"4":{"start":{"line":6,"column":0},"end":{"line":6,"column":40}},"5":{"start":{"line":7,"column":0},"end":{"line":7,"column":46}},"6":{"start":{"line":8,"column":0},"end":{"line":8,"column":76}},"7":{"start":{"line":11,"column":0},"end":{"line":11,"column":24}}},"fnMap":{},"branchMap":{},"s":{"0":4,"1":4,"2":4,"3":4,"4":4,"5":4,"6":4,"7":4},"f":{},"b":{},"_coverageSchema":"1a1c01bbd47fc00a2c39e90264f33305004495a9","hash":"6f6108d5e90fc73749d1f0db753f0ca5b7cb00f1"}
,"D:\\Hactiv8\\Phase 3\\Final-Project-HCK87\\server\\routes\\users.js": {"path":"D:\\Hactiv8\\Phase 3\\Final-Project-HCK87\\server\\routes\\users.js","statementMap":{"0":{"start":{"line":1,"column":23},"end":{"line":1,"column":63}},"1":{"start":{"line":2,"column":25},"end":{"line":2,"column":54}},"2":{"start":{"line":4,"column":15},"end":{"line":4,"column":42}},"3":{"start":{"line":6,"column":0},"end":{"line":6,"column":42}},"4":{"start":{"line":7,"column":0},"end":{"line":7,"column":80}},"5":{"start":{"line":8,"column":0},"end":{"line":8,"column":77}},"6":{"start":{"line":9,"column":0},"end":{"line":9,"column":88}},"7":{"start":{"line":10,"column":0},"end":{"line":10,"column":90}},"8":{"start":{"line":11,"column":0},"end":{"line":11,"column":79}},"9":{"start":{"line":13,"column":0},"end":{"line":13,"column":24}}},"fnMap":{},"branchMap":{},"s":{"0":4,"1":4,"2":4,"3":4,"4":4,"5":4,"6":4,"7":4,"8":4,"9":4},"f":{},"b":{},"_coverageSchema":"1a1c01bbd47fc00a2c39e90264f33305004495a9","hash":"407d04ad92f98bf77424010c9601e42263621bea"}
}
