TN:
SF:app.js
FNF:0
FNH:0
DA:1,4
DA:2,4
DA:4,4
DA:5,4
DA:6,4
DA:7,4
DA:9,4
DA:10,4
DA:11,4
DA:13,4
DA:15,4
DA:17,4
DA:19,4
LF:13
LH:13
BRDA:1,0,0,4
BRDA:1,0,1,0
BRF:2
BRH:1
end_of_record
TN:
SF:errorHandler.js
FN:1,(anonymous_0)
FNF:1
FNH:1
FNDA:44,(anonymous_0)
DA:1,5
DA:2,44
DA:3,44
DA:5,1
DA:10,1
DA:15,1
DA:20,41
DA:27,5
LF:8
LH:8
BRDA:3,0,0,1
BRDA:3,0,1,1
BRDA:3,0,2,1
BRDA:3,0,3,41
BRDA:22,1,0,6
BRDA:22,1,1,35
BRF:6
BRH:6
end_of_record
TN:
SF:config\mongodb.js
FN:7,run
FN:16,getDB
FNF:2
FNH:0
FNDA:0,run
FNDA:0,getDB
DA:1,1
DA:3,1
DA:4,1
DA:5,1
DA:8,0
DA:9,0
DA:10,0
DA:12,0
DA:17,0
DA:18,0
DA:21,1
LF:11
LH:5
BRDA:17,0,0,0
BRDA:17,0,1,0
BRF:2
BRH:0
end_of_record
TN:
SF:controllers\Controller.js
FN:7,(anonymous_0)
FN:13,(anonymous_1)
FN:19,(anonymous_2)
FN:88,(anonymous_3)
FN:104,(anonymous_4)
FN:108,(anonymous_5)
FN:212,(anonymous_6)
FN:237,(anonymous_7)
FN:265,(anonymous_8)
FN:295,(anonymous_9)
FN:324,(anonymous_10)
FN:366,(anonymous_11)
FN:416,(anonymous_12)
FN:426,(anonymous_13)
FN:453,(anonymous_14)
FN:454,(anonymous_15)
FN:479,(anonymous_16)
FN:637,(anonymous_17)
FN:686,(anonymous_18)
FN:698,(anonymous_19)
FN:700,(anonymous_20)
FN:709,(anonymous_21)
FN:711,(anonymous_22)
FN:722,(anonymous_23)
FN:745,(anonymous_24)
FN:746,(anonymous_25)
FN:747,(anonymous_26)
FNF:27
FNH:27
FNDA:121,(anonymous_0)
FNDA:157,(anonymous_1)
FNDA:20,(anonymous_2)
FNDA:7,(anonymous_3)
FNDA:3,(anonymous_4)
FNDA:2,(anonymous_5)
FNDA:65,(anonymous_6)
FNDA:67,(anonymous_7)
FNDA:60,(anonymous_8)
FNDA:69,(anonymous_9)
FNDA:4,(anonymous_10)
FNDA:71,(anonymous_11)
FNDA:10,(anonymous_12)
FNDA:11,(anonymous_13)
FNDA:72,(anonymous_14)
FNDA:72,(anonymous_15)
FNDA:69,(anonymous_16)
FNDA:4,(anonymous_17)
FNDA:3,(anonymous_18)
FNDA:2,(anonymous_19)
FNDA:3,(anonymous_20)
FNDA:1,(anonymous_21)
FNDA:2,(anonymous_22)
FNDA:2,(anonymous_23)
FNDA:1,(anonymous_24)
FNDA:2,(anonymous_25)
FNDA:1,(anonymous_26)
DA:1,4
DA:2,4
DA:3,4
DA:4,4
DA:8,121
DA:9,121
DA:10,121
DA:14,157
DA:15,157
DA:16,157
DA:20,20
DA:21,20
DA:23,20
DA:26,20
DA:27,2
DA:28,2
DA:31,18
DA:32,18
DA:34,16
DA:35,2
DA:36,2
DA:39,14
DA:42,14
DA:43,14
DA:44,14
DA:47,14
DA:48,14
DA:50,14
DA:51,14
DA:54,14
DA:63,14
DA:65,2
DA:74,2
DA:77,14
DA:83,8
DA:85,8
DA:88,8
DA:89,7
DA:90,7
DA:92,7
DA:104,3
DA:108,2
DA:117,8
DA:119,8
DA:130,6
DA:131,1
DA:132,1
DA:144,5
DA:145,1
DA:146,1
DA:158,4
DA:159,1
DA:160,1
DA:172,3
DA:173,1
DA:174,1
DA:186,2
DA:187,2
DA:188,2
DA:190,2
DA:202,2
DA:203,2
DA:205,2
DA:213,65
DA:214,65
DA:230,64
DA:232,1
DA:233,1
DA:238,67
DA:239,67
DA:250,66
DA:251,4
DA:252,4
DA:258,2
DA:260,61
DA:261,61
DA:266,60
DA:268,60
DA:279,57
DA:280,15
DA:281,15
DA:288,3
DA:290,45
DA:291,45
DA:296,69
DA:299,69
DA:306,69
DA:308,69
DA:309,2
DA:313,67
DA:320,67
DA:321,67
DA:325,4
DA:338,4
DA:339,4
DA:341,4
DA:342,3
DA:343,2
DA:356,2
DA:357,2
DA:358,2
DA:360,1
DA:362,1
DA:367,71
DA:368,71
DA:369,1
DA:372,70
DA:374,70
DA:375,70
DA:380,70
DA:392,66
DA:393,1
DA:399,65
DA:402,65
DA:403,65
DA:404,65
DA:407,65
DA:410,65
DA:413,65
DA:414,65
DA:415,10
DA:416,10
DA:418,10
DA:419,5
DA:424,65
DA:425,65
DA:426,63
DA:427,63
DA:428,3
DA:433,65
DA:436,65
DA:439,65
DA:442,65
DA:445,65
DA:447,65
DA:451,65
DA:453,72
DA:454,72
DA:456,65
DA:459,65
DA:460,65
DA:463,65
DA:464,65
DA:465,60
DA:466,60
DA:467,60
DA:468,12
DA:470,48
DA:475,65
DA:476,65
DA:479,65
DA:480,69
DA:482,65
DA:485,65
DA:486,69
DA:487,69
DA:490,69
DA:492,69
DA:497,69
DA:498,69
DA:511,65
DA:516,65
DA:517,65
DA:519,65
DA:521,63
DA:522,63
DA:523,63
DA:526,63
DA:544,63
DA:545,63
DA:546,63
DA:548,2
DA:552,65
DA:553,3
DA:554,3
DA:555,3
DA:556,3
DA:560,3
DA:561,3
DA:562,3
DA:565,3
DA:566,2
DA:570,1
DA:574,1
DA:581,65
DA:582,65
DA:584,65
DA:585,65
DA:586,65
DA:589,65
DA:593,65
DA:596,65
DA:615,4
DA:617,4
DA:619,2
DA:620,2
DA:626,2
DA:627,1
DA:633,1
DA:638,4
DA:639,4
DA:642,4
DA:643,1
DA:646,3
DA:647,3
DA:650,3
DA:651,1
DA:654,2
DA:655,2
DA:656,2
DA:657,2
DA:658,2
DA:660,1
DA:662,1
DA:663,1
DA:682,1
DA:687,3
DA:688,3
DA:689,3
DA:690,3
DA:691,3
DA:694,3
DA:697,2
DA:698,2
DA:699,2
DA:700,2
DA:701,3
DA:702,3
DA:708,2
DA:709,1
DA:711,2
DA:713,2
DA:714,1
DA:718,1
DA:721,1
DA:723,2
DA:724,2
DA:725,1
DA:728,1
DA:731,2
DA:733,2
DA:745,1
DA:746,2
DA:747,1
DA:748,1
DA:751,1
DA:753,1
DA:754,1
DA:759,4
LF:249
LH:249
BRDA:26,0,0,2
BRDA:26,0,1,18
BRDA:34,1,0,2
BRDA:34,1,1,14
BRDA:42,2,0,14
BRDA:42,2,1,14
BRDA:43,3,0,14
BRDA:43,3,1,12
BRDA:44,4,0,14
BRDA:44,4,1,13
BRDA:51,5,0,14
BRDA:51,5,1,12
BRDA:55,6,0,14
BRDA:55,6,1,0
BRDA:58,7,0,14
BRDA:58,7,1,0
BRDA:63,8,0,2
BRDA:63,8,1,12
BRDA:74,9,0,2
BRDA:74,9,1,0
BRDA:83,10,0,8
BRDA:83,10,1,2
BRDA:89,11,0,7
BRDA:89,11,1,0
BRDA:90,12,0,7
BRDA:90,12,1,4
BRDA:94,13,0,7
BRDA:94,13,1,0
BRDA:95,14,0,7
BRDA:95,14,1,3
BRDA:95,14,2,1
BRDA:97,15,0,7
BRDA:97,15,1,0
BRDA:98,16,0,7
BRDA:98,16,1,1
BRDA:99,17,0,7
BRDA:99,17,1,3
BRDA:99,17,2,2
BRDA:100,18,0,7
BRDA:100,18,1,2
BRDA:100,18,2,1
BRDA:101,19,0,7
BRDA:101,19,1,3
BRDA:102,20,0,7
BRDA:102,20,1,3
BRDA:104,21,0,7
BRDA:104,21,1,4
BRDA:105,22,0,7
BRDA:105,22,1,6
BRDA:105,22,2,6
BRDA:106,23,0,7
BRDA:106,23,1,2
BRDA:108,24,0,7
BRDA:108,24,1,5
BRDA:123,25,0,8
BRDA:123,25,1,2
BRDA:130,26,0,1
BRDA:130,26,1,5
BRDA:136,27,0,1
BRDA:136,27,1,0
BRDA:144,28,0,1
BRDA:144,28,1,4
BRDA:150,29,0,1
BRDA:150,29,1,0
BRDA:158,30,0,1
BRDA:158,30,1,3
BRDA:164,31,0,1
BRDA:164,31,1,0
BRDA:172,32,0,1
BRDA:172,32,1,2
BRDA:178,33,0,1
BRDA:178,33,1,0
BRDA:194,34,0,2
BRDA:194,34,1,1
BRDA:250,35,0,4
BRDA:250,35,1,2
BRDA:254,36,0,4
BRDA:254,36,1,1
BRDA:255,37,0,4
BRDA:255,37,1,1
BRDA:279,38,0,15
BRDA:279,38,1,3
BRDA:283,39,0,15
BRDA:283,39,1,1
BRDA:284,40,0,13
BRDA:284,40,1,1
BRDA:285,41,0,13
BRDA:285,41,1,1
BRDA:308,42,0,2
BRDA:308,42,1,67
BRDA:316,43,0,67
BRDA:316,43,1,62
BRDA:342,44,0,2
BRDA:342,44,1,1
BRDA:368,45,0,1
BRDA:368,45,1,70
BRDA:392,46,0,1
BRDA:392,46,1,65
BRDA:392,47,0,66
BRDA:392,47,1,66
BRDA:402,48,0,65
BRDA:402,48,1,3
BRDA:403,49,0,65
BRDA:403,49,1,1
BRDA:404,50,0,65
BRDA:404,50,1,1
BRDA:410,51,0,65
BRDA:410,51,1,3
BRDA:410,51,2,2
BRDA:414,52,0,10
BRDA:414,52,1,55
BRDA:414,53,0,65
BRDA:414,53,1,63
BRDA:416,54,0,10
BRDA:416,54,1,6
BRDA:418,55,0,5
BRDA:418,55,1,5
BRDA:418,56,0,10
BRDA:418,56,1,7
BRDA:425,57,0,63
BRDA:425,57,1,2
BRDA:427,58,0,3
BRDA:427,58,1,60
BRDA:427,59,0,63
BRDA:427,59,1,4
BRDA:436,60,0,65
BRDA:436,60,1,3
BRDA:445,61,0,65
BRDA:445,61,1,61
BRDA:464,62,0,60
BRDA:464,62,1,5
BRDA:464,63,0,65
BRDA:464,63,1,63
BRDA:467,64,0,12
BRDA:467,64,1,48
BRDA:480,65,0,67
BRDA:480,65,1,2
BRDA:490,66,0,69
BRDA:490,66,1,66
BRDA:506,67,0,4
BRDA:506,67,1,65
BRDA:519,68,0,63
BRDA:519,68,1,2
BRDA:521,69,0,63
BRDA:521,69,1,54
BRDA:522,70,0,63
BRDA:522,70,1,53
BRDA:523,71,0,63
BRDA:523,71,1,52
BRDA:536,72,0,63
BRDA:536,72,1,53
BRDA:552,73,0,3
BRDA:552,73,1,62
BRDA:560,74,0,3
BRDA:560,74,1,0
BRDA:562,75,0,3
BRDA:562,75,1,0
BRDA:565,76,0,2
BRDA:565,76,1,1
BRDA:584,77,0,65
BRDA:584,77,1,0
BRDA:584,78,0,65
BRDA:584,78,1,65
BRDA:589,79,0,65
BRDA:589,79,1,46
BRDA:593,80,0,65
BRDA:593,80,1,0
BRDA:607,81,0,65
BRDA:607,81,1,54
BRDA:617,82,0,2
BRDA:617,82,1,2
BRDA:622,83,0,2
BRDA:622,83,1,0
BRDA:626,84,0,1
BRDA:626,84,1,1
BRDA:642,85,0,1
BRDA:642,85,1,3
BRDA:650,86,0,1
BRDA:650,86,1,2
BRDA:656,87,0,2
BRDA:656,87,1,0
BRDA:656,88,0,2
BRDA:656,88,1,2
BRDA:660,89,0,1
BRDA:660,89,1,0
BRDA:662,90,0,1
BRDA:662,90,1,0
BRDA:674,91,0,1
BRDA:674,91,1,1
BRDA:699,92,0,2
BRDA:699,92,1,0
BRDA:699,93,0,2
BRDA:699,93,1,2
BRDA:702,94,0,3
BRDA:702,94,1,2
BRDA:713,95,0,1
BRDA:713,95,1,1
BRDA:724,96,0,1
BRDA:724,96,1,1
BRDA:724,97,0,2
BRDA:724,97,1,2
BRDA:728,98,0,1
BRDA:728,98,1,0
BRDA:731,99,0,2
BRDA:731,99,1,0
BRF:205
BRH:184
end_of_record
TN:
SF:controllers\PlaylistController.js
FN:9,(anonymous_0)
FN:16,(anonymous_1)
FN:22,(anonymous_2)
FN:28,(anonymous_3)
FN:50,(anonymous_4)
FN:146,(anonymous_5)
FN:173,(anonymous_6)
FN:214,(anonymous_7)
FN:219,(anonymous_8)
FN:222,(anonymous_9)
FN:228,(anonymous_10)
FN:241,(anonymous_11)
FN:251,(anonymous_12)
FN:252,(anonymous_13)
FN:262,(anonymous_14)
FN:274,(anonymous_15)
FN:292,(anonymous_16)
FN:302,(anonymous_17)
FN:303,(anonymous_18)
FN:305,(anonymous_19)
FN:321,(anonymous_20)
FN:321,(anonymous_21)
FN:322,(anonymous_22)
FN:354,(anonymous_23)
FN:406,(anonymous_24)
FN:408,(anonymous_25)
FN:432,(anonymous_26)
FN:452,(anonymous_27)
FN:468,(anonymous_28)
FN:482,(anonymous_29)
FN:482,(anonymous_30)
FN:486,(anonymous_31)
FN:487,(anonymous_32)
FN:510,(anonymous_33)
FN:513,(anonymous_34)
FN:517,(anonymous_35)
FN:519,(anonymous_36)
FN:536,(anonymous_37)
FN:553,(anonymous_38)
FN:576,(anonymous_39)
FN:576,(anonymous_40)
FN:580,(anonymous_41)
FN:581,(anonymous_42)
FN:604,(anonymous_43)
FN:607,(anonymous_44)
FN:611,(anonymous_45)
FN:613,(anonymous_46)
FN:630,(anonymous_47)
FN:645,(anonymous_48)
FN:670,(anonymous_49)
FN:693,(anonymous_50)
FN:710,(anonymous_51)
FN:780,(anonymous_52)
FN:822,(anonymous_53)
FN:857,(anonymous_54)
FN:879,(anonymous_55)
FN:909,(anonymous_56)
FN:920,(anonymous_57)
FN:927,(anonymous_58)
FN:927,(anonymous_59)
FNF:60
FNH:60
FNDA:81,(anonymous_0)
FNDA:11,(anonymous_1)
FNDA:38,(anonymous_2)
FNDA:21,(anonymous_3)
FNDA:21,(anonymous_4)
FNDA:14,(anonymous_5)
FNDA:16,(anonymous_6)
FNDA:13,(anonymous_7)
FNDA:2,(anonymous_8)
FNDA:13,(anonymous_9)
FNDA:1,(anonymous_10)
FNDA:11,(anonymous_11)
FNDA:8,(anonymous_12)
FNDA:8,(anonymous_13)
FNDA:8,(anonymous_14)
FNDA:2,(anonymous_15)
FNDA:11,(anonymous_16)
FNDA:11,(anonymous_17)
FNDA:8,(anonymous_18)
FNDA:8,(anonymous_19)
FNDA:8,(anonymous_20)
FNDA:8,(anonymous_21)
FNDA:8,(anonymous_22)
FNDA:8,(anonymous_23)
FNDA:11,(anonymous_24)
FNDA:8,(anonymous_25)
FNDA:2,(anonymous_26)
FNDA:10,(anonymous_27)
FNDA:8,(anonymous_28)
FNDA:6,(anonymous_29)
FNDA:6,(anonymous_30)
FNDA:5,(anonymous_31)
FNDA:3,(anonymous_32)
FNDA:5,(anonymous_33)
FNDA:9,(anonymous_34)
FNDA:8,(anonymous_35)
FNDA:13,(anonymous_36)
FNDA:8,(anonymous_37)
FNDA:10,(anonymous_38)
FNDA:8,(anonymous_39)
FNDA:8,(anonymous_40)
FNDA:7,(anonymous_41)
FNDA:5,(anonymous_42)
FNDA:7,(anonymous_43)
FNDA:6,(anonymous_44)
FNDA:6,(anonymous_45)
FNDA:6,(anonymous_46)
FNDA:6,(anonymous_47)
FNDA:9,(anonymous_48)
FNDA:1,(anonymous_49)
FNDA:4,(anonymous_50)
FNDA:7,(anonymous_51)
FNDA:5,(anonymous_52)
FNDA:6,(anonymous_53)
FNDA:7,(anonymous_54)
FNDA:5,(anonymous_55)
FNDA:6,(anonymous_56)
FNDA:8,(anonymous_57)
FNDA:6,(anonymous_58)
FNDA:6,(anonymous_59)
DA:1,4
DA:2,4
DA:3,4
DA:4,4
DA:5,4
DA:6,4
DA:11,81
DA:12,81
DA:13,81
DA:17,11
DA:18,11
DA:19,11
DA:23,38
DA:24,38
DA:25,38
DA:29,21
DA:30,21
DA:43,20
DA:46,3
DA:51,21
DA:52,21
DA:53,21
DA:54,21
DA:56,18
DA:58,18
DA:59,0
DA:66,18
DA:67,18
DA:69,18
DA:71,16
DA:78,16
DA:84,14
DA:85,14
DA:90,18
DA:91,3
DA:95,3
DA:104,3
DA:110,2
DA:111,2
DA:115,17
DA:116,1
DA:120,16
DA:130,16
DA:135,1
DA:141,15
DA:142,15
DA:143,1
DA:146,14
DA:147,14
DA:149,14
DA:150,19
DA:152,19
DA:153,2
DA:154,2
DA:158,17
DA:166,16
DA:167,1
DA:168,1
DA:172,15
DA:173,16
DA:176,15
DA:177,13
DA:192,1
DA:194,1
DA:198,14
DA:201,14
DA:203,14
DA:204,2
DA:211,12
DA:214,13
DA:219,12
DA:222,13
DA:224,12
DA:225,1
DA:228,1
DA:237,11
DA:238,1
DA:241,11
DA:242,11
DA:243,11
DA:249,10
DA:250,8
DA:251,8
DA:253,8
DA:254,8
DA:262,8
DA:274,2
DA:284,8
DA:286,3
DA:287,3
DA:291,11
DA:293,11
DA:294,11
DA:299,11
DA:300,11
DA:302,11
DA:303,11
DA:305,8
DA:306,8
DA:307,8
DA:317,8
DA:318,8
DA:321,8
DA:322,8
DA:347,11
DA:348,11
DA:351,11
DA:353,11
DA:354,8
DA:362,8
DA:363,8
DA:367,11
DA:368,11
DA:370,11
DA:371,8
DA:373,8
DA:375,8
DA:382,8
DA:384,7
DA:392,8
DA:393,7
DA:394,7
DA:395,7
DA:401,1
DA:406,11
DA:408,8
DA:415,11
DA:417,11
DA:427,9
DA:433,2
DA:434,2
DA:435,2
DA:436,2
DA:437,2
DA:438,2
DA:445,2
DA:446,1
DA:448,1
DA:453,10
DA:454,10
DA:455,10
DA:456,10
DA:460,10
DA:467,9
DA:469,8
DA:470,8
DA:471,1
DA:475,7
DA:476,7
DA:478,7
DA:480,7
DA:482,6
DA:483,3
DA:485,2
DA:487,5
DA:489,5
DA:490,1
DA:502,4
DA:510,5
DA:513,9
DA:514,4
DA:516,3
DA:518,8
DA:519,13
DA:522,8
DA:523,6
DA:534,2
DA:536,8
DA:539,5
DA:541,2
DA:543,2
DA:548,9
DA:550,1
DA:554,10
DA:555,10
DA:556,10
DA:557,10
DA:559,10
DA:563,9
DA:564,1
DA:568,8
DA:569,7
DA:571,7
DA:572,7
DA:574,7
DA:576,8
DA:577,4
DA:579,3
DA:581,7
DA:583,7
DA:584,2
DA:596,5
DA:604,7
DA:607,6
DA:608,3
DA:610,3
DA:612,6
DA:613,6
DA:616,6
DA:617,3
DA:628,3
DA:630,6
DA:633,1
DA:635,1
DA:639,8
DA:641,1
DA:646,9
DA:647,9
DA:648,9
DA:649,9
DA:650,9
DA:653,9
DA:655,8
DA:656,2
DA:659,6
DA:663,5
DA:664,1
DA:668,4
DA:670,4
DA:672,4
DA:673,1
DA:677,3
DA:680,3
DA:681,3
DA:682,1
DA:685,3
DA:687,3
DA:689,2
DA:694,4
DA:695,4
DA:696,4
DA:697,4
DA:700,2
DA:701,1
DA:703,1
DA:705,2
DA:711,7
DA:712,7
DA:713,7
DA:714,7
DA:716,7
DA:717,7
DA:718,7
DA:720,7
DA:721,7
DA:722,7
DA:723,7
DA:726,7
DA:727,7
DA:729,7
DA:730,1
DA:731,1
DA:735,6
DA:736,1
DA:737,1
DA:740,5
DA:741,5
DA:744,4
DA:746,4
DA:747,1
DA:748,1
DA:752,3
DA:753,3
DA:755,3
DA:756,1
DA:757,1
DA:761,2
DA:762,2
DA:766,2
DA:768,2
DA:769,2
DA:771,1
DA:772,1
DA:773,1
DA:774,1
DA:775,1
DA:781,5
DA:782,5
DA:783,5
DA:784,5
DA:786,5
DA:790,4
DA:791,1
DA:795,3
DA:796,1
DA:802,2
DA:803,2
DA:804,1
DA:810,1
DA:815,1
DA:817,1
DA:823,6
DA:824,6
DA:825,6
DA:826,6
DA:827,6
DA:829,6
DA:833,4
DA:834,1
DA:838,3
DA:839,1
DA:845,2
DA:850,1
DA:852,3
DA:858,7
DA:859,7
DA:860,7
DA:861,7
DA:862,7
DA:863,7
DA:866,7
DA:872,7
DA:875,7
DA:877,6
DA:879,3
DA:880,5
DA:881,2
DA:883,3
DA:887,3
DA:898,6
DA:905,6
DA:908,6
DA:910,6
DA:911,2
DA:920,8
DA:921,4
DA:923,4
DA:927,6
DA:933,6
DA:938,1
DA:943,4
LF:331
LH:330
BRDA:58,0,0,0
BRDA:58,0,1,18
BRDA:58,1,0,18
BRDA:58,1,1,2
BRDA:67,2,0,18
BRDA:67,2,1,12
BRDA:69,3,0,16
BRDA:69,3,1,2
BRDA:78,4,0,14
BRDA:78,4,1,2
BRDA:79,5,0,16
BRDA:79,5,1,16
BRDA:79,5,2,16
BRDA:79,5,3,16
BRDA:90,6,0,3
BRDA:90,6,1,15
BRDA:90,7,0,18
BRDA:90,7,1,4
BRDA:91,8,0,1
BRDA:91,8,1,2
BRDA:104,9,0,2
BRDA:104,9,1,0
BRDA:105,10,0,3
BRDA:105,10,1,2
BRDA:105,10,2,2
BRDA:105,10,3,2
BRDA:115,11,0,1
BRDA:115,11,1,16
BRDA:130,12,0,1
BRDA:130,12,1,15
BRDA:131,13,0,16
BRDA:131,13,1,16
BRDA:131,13,2,15
BRDA:142,14,0,1
BRDA:142,14,1,14
BRDA:142,15,0,15
BRDA:142,15,1,15
BRDA:152,16,0,2
BRDA:152,16,1,17
BRDA:152,17,0,19
BRDA:152,17,1,18
BRDA:166,18,0,1
BRDA:166,18,1,15
BRDA:166,19,0,16
BRDA:166,19,1,16
BRDA:173,20,0,16
BRDA:173,20,1,16
BRDA:173,20,2,16
BRDA:176,21,0,13
BRDA:176,21,1,2
BRDA:178,22,0,13
BRDA:178,22,1,2
BRDA:179,23,0,13
BRDA:179,23,1,9
BRDA:180,24,0,13
BRDA:180,24,1,12
BRDA:182,25,0,13
BRDA:182,25,1,0
BRDA:183,26,0,13
BRDA:183,26,1,2
BRDA:184,27,0,13
BRDA:184,27,1,2
BRDA:185,28,0,13
BRDA:185,28,1,2
BRDA:186,29,0,13
BRDA:186,29,1,2
BRDA:187,30,0,13
BRDA:187,30,1,2
BRDA:188,31,0,13
BRDA:188,31,1,4
BRDA:192,32,0,1
BRDA:192,32,1,0
BRDA:203,33,0,2
BRDA:203,33,1,12
BRDA:224,34,0,1
BRDA:224,34,1,11
BRDA:237,35,0,1
BRDA:237,35,1,10
BRDA:251,36,0,8
BRDA:251,36,1,8
BRDA:255,37,0,8
BRDA:255,37,1,0
BRDA:256,38,0,8
BRDA:256,38,1,0
BRDA:257,39,0,8
BRDA:257,39,1,0
BRDA:258,40,0,8
BRDA:258,40,1,0
BRDA:259,41,0,8
BRDA:259,41,1,0
BRDA:260,42,0,8
BRDA:260,42,1,0
BRDA:262,43,0,8
BRDA:262,43,1,0
BRDA:263,44,0,8
BRDA:263,44,1,0
BRDA:264,45,0,8
BRDA:264,45,1,0
BRDA:265,46,0,8
BRDA:265,46,1,0
BRDA:266,47,0,8
BRDA:266,47,1,0
BRDA:269,48,0,8
BRDA:269,48,1,0
BRDA:270,49,0,8
BRDA:270,49,1,0
BRDA:271,50,0,8
BRDA:271,50,1,0
BRDA:272,51,0,8
BRDA:272,51,1,0
BRDA:274,52,0,8
BRDA:274,52,1,0
BRDA:280,53,0,8
BRDA:280,53,1,8
BRDA:281,54,0,8
BRDA:281,54,1,0
BRDA:306,55,0,8
BRDA:306,55,1,0
BRDA:306,56,0,8
BRDA:306,56,1,8
BRDA:317,57,0,8
BRDA:317,57,1,0
BRDA:317,58,0,8
BRDA:317,58,1,8
BRDA:319,59,0,8
BRDA:319,59,1,0
BRDA:320,60,0,8
BRDA:320,60,1,0
BRDA:321,61,0,8
BRDA:321,61,1,0
BRDA:322,62,0,8
BRDA:322,62,1,0
BRDA:323,63,0,8
BRDA:323,63,1,0
BRDA:324,64,0,8
BRDA:324,64,1,0
BRDA:325,65,0,8
BRDA:325,65,1,6
BRDA:326,66,0,8
BRDA:326,66,1,0
BRDA:327,67,0,8
BRDA:327,67,1,0
BRDA:328,68,0,8
BRDA:328,68,1,0
BRDA:329,69,0,8
BRDA:329,69,1,0
BRDA:333,70,0,8
BRDA:333,70,1,0
BRDA:333,71,0,8
BRDA:333,71,1,8
BRDA:339,72,0,8
BRDA:339,72,1,0
BRDA:353,73,0,8
BRDA:353,73,1,3
BRDA:370,74,0,8
BRDA:370,74,1,3
BRDA:378,75,0,8
BRDA:378,75,1,0
BRDA:382,76,0,7
BRDA:382,76,1,1
BRDA:392,77,0,7
BRDA:392,77,1,1
BRDA:394,78,0,7
BRDA:394,78,1,0
BRDA:409,79,0,8
BRDA:409,79,1,0
BRDA:410,80,0,8
BRDA:410,80,1,0
BRDA:470,81,0,1
BRDA:470,81,1,7
BRDA:470,82,0,8
BRDA:470,82,1,8
BRDA:476,83,0,7
BRDA:476,83,1,7
BRDA:480,84,0,3
BRDA:480,84,1,4
BRDA:489,85,0,1
BRDA:489,85,1,4
BRDA:522,86,0,6
BRDA:522,86,1,2
BRDA:563,87,0,1
BRDA:563,87,1,8
BRDA:568,88,0,7
BRDA:568,88,1,1
BRDA:568,89,0,8
BRDA:568,89,1,8
BRDA:572,90,0,7
BRDA:572,90,1,7
BRDA:574,91,0,4
BRDA:574,91,1,3
BRDA:583,92,0,2
BRDA:583,92,1,5
BRDA:616,93,0,3
BRDA:616,93,1,3
BRDA:655,94,0,2
BRDA:655,94,1,6
BRDA:663,95,0,1
BRDA:663,95,1,4
BRDA:670,96,0,4
BRDA:670,96,1,3
BRDA:672,97,0,1
BRDA:672,97,1,3
BRDA:680,98,0,3
BRDA:680,98,1,0
BRDA:681,99,0,1
BRDA:681,99,1,2
BRDA:700,100,0,1
BRDA:700,100,1,1
BRDA:726,101,0,7
BRDA:726,101,1,7
BRDA:729,102,0,1
BRDA:729,102,1,6
BRDA:735,103,0,1
BRDA:735,103,1,5
BRDA:746,104,0,1
BRDA:746,104,1,3
BRDA:752,105,0,3
BRDA:752,105,1,0
BRDA:755,106,0,1
BRDA:755,106,1,2
BRDA:790,107,0,1
BRDA:790,107,1,3
BRDA:795,108,0,1
BRDA:795,108,1,2
BRDA:802,109,0,2
BRDA:802,109,1,0
BRDA:803,110,0,1
BRDA:803,110,1,1
BRDA:833,111,0,1
BRDA:833,111,1,3
BRDA:838,112,0,1
BRDA:838,112,1,2
BRDA:877,113,0,3
BRDA:877,113,1,3
BRDA:877,114,0,6
BRDA:877,114,1,5
BRDA:877,114,2,5
BRDA:880,115,0,2
BRDA:880,115,1,3
BRDA:910,116,0,2
BRDA:910,116,1,4
BRDA:910,117,0,6
BRDA:910,117,1,6
BRF:243
BRH:201
end_of_record
TN:
SF:controllers\UserController.js
FN:6,(anonymous_0)
FN:12,(anonymous_1)
FN:35,(anonymous_2)
FN:67,(anonymous_3)
FN:78,(anonymous_4)
FN:86,(anonymous_5)
FN:98,(anonymous_6)
FN:134,(anonymous_7)
FN:155,(anonymous_8)
FN:168,(anonymous_9)
FN:185,(anonymous_10)
FN:190,(anonymous_11)
FN:192,(anonymous_12)
FN:197,(anonymous_13)
FN:207,(anonymous_14)
FNF:15
FNH:15
FNDA:37,(anonymous_0)
FNDA:5,(anonymous_1)
FNDA:9,(anonymous_2)
FNDA:13,(anonymous_3)
FNDA:14,(anonymous_4)
FNDA:13,(anonymous_5)
FNDA:3,(anonymous_6)
FNDA:3,(anonymous_7)
FNDA:3,(anonymous_8)
FNDA:7,(anonymous_9)
FNDA:8,(anonymous_10)
FNDA:7,(anonymous_11)
FNDA:7,(anonymous_12)
FNDA:5,(anonymous_13)
FNDA:4,(anonymous_14)
DA:1,4
DA:2,4
DA:3,4
DA:7,37
DA:8,37
DA:9,37
DA:13,5
DA:14,5
DA:15,5
DA:16,5
DA:17,4
DA:18,3
DA:25,3
DA:26,2
DA:27,2
DA:29,1
DA:31,2
DA:36,9
DA:37,9
DA:38,9
DA:39,2
DA:41,7
DA:42,7
DA:43,7
DA:44,1
DA:46,6
DA:47,6
DA:48,6
DA:49,6
DA:50,6
DA:51,6
DA:52,1
DA:54,5
DA:55,5
DA:59,4
DA:61,0
DA:63,1
DA:68,13
DA:69,13
DA:70,13
DA:71,13
DA:73,13
DA:74,0
DA:77,13
DA:78,14
DA:79,12
DA:82,12
DA:83,12
DA:85,12
DA:88,13
DA:89,13
DA:92,13
DA:93,8
DA:98,8
DA:99,8
DA:102,5
DA:103,3
DA:104,3
DA:105,3
DA:109,13
DA:128,12
DA:130,1
DA:135,3
DA:136,3
DA:137,3
DA:138,3
DA:140,3
DA:145,2
DA:146,1
DA:149,1
DA:151,1
DA:156,3
DA:157,3
DA:158,3
DA:160,3
DA:162,2
DA:164,1
DA:169,7
DA:170,7
DA:171,7
DA:172,7
DA:174,7
DA:175,0
DA:179,7
DA:180,2
DA:184,5
DA:185,8
DA:186,4
DA:189,4
DA:190,4
DA:191,7
DA:192,7
DA:197,5
DA:200,4
DA:201,4
DA:202,4
DA:207,4
DA:214,3
DA:216,2
DA:220,4
LF:100
LH:97
BRDA:17,0,0,3
BRDA:17,0,1,1
BRDA:38,1,0,2
BRDA:38,1,1,7
BRDA:43,2,0,1
BRDA:43,2,1,6
BRDA:49,3,0,6
BRDA:49,3,1,0
BRDA:50,4,0,6
BRDA:50,4,1,2
BRDA:51,5,0,1
BRDA:51,5,1,5
BRDA:73,6,0,0
BRDA:73,6,1,13
BRDA:92,7,0,8
BRDA:92,7,1,5
BRDA:92,8,0,13
BRDA:92,8,1,9
BRDA:98,9,0,8
BRDA:98,9,1,2
BRDA:99,10,0,8
BRDA:99,10,1,3
BRDA:102,11,0,3
BRDA:102,11,1,2
BRDA:104,12,0,3
BRDA:104,12,1,1
BRDA:105,13,0,3
BRDA:105,13,1,1
BRDA:118,14,0,13
BRDA:118,14,1,11
BRDA:119,15,0,13
BRDA:119,15,1,12
BRDA:120,16,0,13
BRDA:120,16,1,12
BRDA:121,17,0,13
BRDA:121,17,1,12
BRDA:145,18,0,1
BRDA:145,18,1,1
BRDA:174,19,0,0
BRDA:174,19,1,7
BRDA:179,20,0,2
BRDA:179,20,1,5
BRDA:179,21,0,7
BRDA:179,21,1,6
BRDA:191,22,0,5
BRDA:191,22,1,2
BRDA:191,23,0,7
BRDA:191,23,1,5
BRF:48
BRH:45
end_of_record
TN:
SF:middleware\auth.js
FN:3,(anonymous_0)
FNF:1
FNH:1
FNDA:41,(anonymous_0)
DA:1,4
DA:3,4
DA:4,41
DA:5,41
DA:6,0
DA:8,41
DA:9,41
DA:10,41
DA:12,41
DA:13,6
DA:16,35
DA:17,35
DA:20,4
LF:13
LH:12
BRDA:5,0,0,0
BRDA:5,0,1,41
BRDA:12,1,0,6
BRDA:12,1,1,35
BRF:4
BRH:3
end_of_record
TN:
SF:middleware\upload.js
FN:8,(anonymous_0)
FNF:1
FNH:1
FNDA:70,(anonymous_0)
DA:1,4
DA:2,4
DA:5,4
DA:8,4
DA:9,70
DA:20,70
DA:21,70
DA:23,0
DA:28,4
DA:33,4
LF:10
LH:9
BRDA:20,0,0,70
BRDA:20,0,1,0
BRF:2
BRH:1
end_of_record
TN:
SF:routes\artists.js
FNF:0
FNH:0
DA:1,4
DA:2,4
DA:6,4
DA:8,4
LF:4
LH:4
BRF:0
BRH:0
end_of_record
TN:
SF:routes\index.js
FN:7,(anonymous_0)
FNF:1
FNH:0
FNDA:0,(anonymous_0)
DA:1,4
DA:2,4
DA:3,4
DA:4,4
DA:5,4
DA:7,4
DA:8,0
DA:11,4
DA:12,4
DA:13,4
DA:14,4
DA:16,4
LF:12
LH:11
BRF:0
BRH:0
end_of_record
TN:
SF:routes\playlists.js
FNF:0
FNH:0
DA:1,4
DA:2,4
DA:4,4
DA:5,4
DA:6,4
DA:7,4
DA:10,4
DA:11,4
DA:12,4
DA:15,4
DA:16,4
DA:17,4
DA:19,4
LF:13
LH:13
BRF:0
BRH:0
end_of_record
TN:
SF:routes\songs.js
FNF:0
FNH:0
DA:1,4
DA:2,4
DA:3,4
DA:5,4
DA:6,4
DA:7,4
DA:8,4
DA:11,4
LF:8
LH:8
BRF:0
BRH:0
end_of_record
TN:
SF:routes\users.js
FNF:0
FNH:0
DA:1,4
DA:2,4
DA:4,4
DA:6,4
DA:7,4
DA:8,4
DA:9,4
DA:10,4
DA:11,4
DA:13,4
LF:10
LH:10
BRF:0
BRH:0
end_of_record
