TN:
SF:app.js
FNF:0
FNH:0
DA:1,4
DA:2,4
DA:4,4
DA:5,4
DA:6,4
DA:7,4
DA:9,4
DA:10,4
DA:11,4
DA:13,4
DA:15,4
DA:17,4
DA:19,4
LF:13
LH:13
BRDA:1,0,0,4
BRDA:1,0,1,0
BRF:2
BRH:1
end_of_record
TN:
SF:errorHandler.js
FN:1,(anonymous_0)
FNF:1
FNH:1
FNDA:4,(anonymous_0)
DA:1,4
DA:2,4
DA:3,4
DA:5,0
DA:10,0
DA:15,0
DA:20,4
DA:27,4
LF:8
LH:5
BRDA:3,0,0,0
BRDA:3,0,1,0
BRDA:3,0,2,0
BRDA:3,0,3,4
BRDA:22,1,0,0
BRDA:22,1,1,4
BRF:6
BRH:2
end_of_record
TN:
SF:config\mongodb.js
FN:7,run
FN:16,getDB
FNF:2
FNH:0
FNDA:0,run
FNDA:0,getDB
DA:1,1
DA:3,1
DA:4,1
DA:5,1
DA:8,0
DA:9,0
DA:10,0
DA:12,0
DA:17,0
DA:18,0
DA:21,1
LF:11
LH:5
BRDA:17,0,0,0
BRDA:17,0,1,0
BRF:2
BRH:0
end_of_record
TN:
SF:controllers\Controller.js
FN:7,(anonymous_0)
FN:13,(anonymous_1)
FN:19,(anonymous_2)
FN:88,(anonymous_3)
FN:104,(anonymous_4)
FN:108,(anonymous_5)
FN:212,(anonymous_6)
FN:237,(anonymous_7)
FN:265,(anonymous_8)
FN:295,(anonymous_9)
FN:324,(anonymous_10)
FN:366,(anonymous_11)
FN:416,(anonymous_12)
FN:426,(anonymous_13)
FN:453,(anonymous_14)
FN:454,(anonymous_15)
FN:479,(anonymous_16)
FN:637,(anonymous_17)
FN:686,(anonymous_18)
FN:698,(anonymous_19)
FN:700,(anonymous_20)
FN:709,(anonymous_21)
FN:711,(anonymous_22)
FN:722,(anonymous_23)
FN:745,(anonymous_24)
FN:746,(anonymous_25)
FN:747,(anonymous_26)
FNF:27
FNH:26
FNDA:15,(anonymous_0)
FNDA:13,(anonymous_1)
FNDA:6,(anonymous_2)
FNDA:2,(anonymous_3)
FNDA:2,(anonymous_4)
FNDA:0,(anonymous_5)
FNDA:2,(anonymous_6)
FNDA:2,(anonymous_7)
FNDA:2,(anonymous_8)
FNDA:2,(anonymous_9)
FNDA:3,(anonymous_10)
FNDA:5,(anonymous_11)
FNDA:1,(anonymous_12)
FNDA:2,(anonymous_13)
FNDA:2,(anonymous_14)
FNDA:2,(anonymous_15)
FNDA:2,(anonymous_16)
FNDA:3,(anonymous_17)
FNDA:3,(anonymous_18)
FNDA:2,(anonymous_19)
FNDA:3,(anonymous_20)
FNDA:1,(anonymous_21)
FNDA:2,(anonymous_22)
FNDA:2,(anonymous_23)
FNDA:1,(anonymous_24)
FNDA:2,(anonymous_25)
FNDA:1,(anonymous_26)
DA:1,4
DA:2,4
DA:3,4
DA:4,4
DA:8,15
DA:9,15
DA:10,15
DA:14,13
DA:15,13
DA:16,13
DA:20,6
DA:21,6
DA:23,6
DA:26,6
DA:27,1
DA:28,1
DA:31,5
DA:32,5
DA:34,4
DA:35,1
DA:36,1
DA:39,3
DA:42,3
DA:43,3
DA:44,3
DA:47,3
DA:48,3
DA:50,3
DA:51,3
DA:54,3
DA:63,3
DA:65,0
DA:74,0
DA:77,3
DA:83,2
DA:85,2
DA:88,2
DA:89,2
DA:90,2
DA:92,2
DA:104,2
DA:108,0
DA:117,2
DA:119,2
DA:130,1
DA:131,0
DA:132,0
DA:144,1
DA:145,0
DA:146,0
DA:158,1
DA:159,0
DA:160,0
DA:172,1
DA:173,0
DA:174,0
DA:186,1
DA:187,1
DA:188,1
DA:190,1
DA:202,1
DA:203,1
DA:205,1
DA:213,2
DA:214,2
DA:230,2
DA:232,0
DA:233,0
DA:238,2
DA:239,2
DA:250,2
DA:251,0
DA:252,0
DA:258,0
DA:260,2
DA:261,2
DA:266,2
DA:268,2
DA:279,2
DA:280,0
DA:281,0
DA:288,0
DA:290,2
DA:291,2
DA:296,2
DA:299,2
DA:306,2
DA:308,2
DA:309,0
DA:313,2
DA:320,2
DA:321,2
DA:325,3
DA:338,3
DA:339,3
DA:341,3
DA:342,2
DA:343,1
DA:356,1
DA:357,1
DA:358,1
DA:360,1
DA:362,1
DA:367,5
DA:368,5
DA:369,1
DA:372,4
DA:374,4
DA:375,4
DA:380,4
DA:392,3
DA:393,1
DA:399,2
DA:402,2
DA:403,2
DA:404,2
DA:407,2
DA:410,2
DA:413,2
DA:414,2
DA:415,1
DA:416,1
DA:418,1
DA:419,1
DA:424,2
DA:425,2
DA:426,2
DA:427,2
DA:428,1
DA:433,2
DA:436,2
DA:439,2
DA:442,2
DA:445,2
DA:447,2
DA:451,2
DA:453,2
DA:454,2
DA:456,2
DA:459,2
DA:460,2
DA:463,2
DA:464,2
DA:465,2
DA:466,2
DA:467,2
DA:468,0
DA:470,2
DA:475,2
DA:476,2
DA:479,2
DA:480,2
DA:482,2
DA:485,2
DA:486,2
DA:487,2
DA:490,2
DA:492,2
DA:497,2
DA:498,2
DA:511,2
DA:516,2
DA:517,2
DA:519,2
DA:521,2
DA:522,2
DA:523,2
DA:526,2
DA:544,2
DA:545,2
DA:546,2
DA:548,0
DA:552,2
DA:553,1
DA:554,1
DA:555,1
DA:556,1
DA:560,1
DA:561,1
DA:562,1
DA:565,1
DA:566,1
DA:570,1
DA:574,0
DA:581,2
DA:582,2
DA:584,2
DA:585,2
DA:586,2
DA:589,2
DA:593,2
DA:596,2
DA:615,1
DA:617,1
DA:619,0
DA:620,0
DA:626,1
DA:627,1
DA:633,0
DA:638,3
DA:639,3
DA:642,3
DA:643,1
DA:646,2
DA:647,2
DA:650,2
DA:651,1
DA:654,1
DA:655,1
DA:656,1
DA:657,1
DA:658,1
DA:660,1
DA:662,1
DA:663,1
DA:682,0
DA:687,3
DA:688,3
DA:689,3
DA:690,3
DA:691,3
DA:694,3
DA:697,2
DA:698,2
DA:699,2
DA:700,2
DA:701,3
DA:702,3
DA:708,2
DA:709,1
DA:711,2
DA:713,2
DA:714,1
DA:718,1
DA:721,1
DA:723,2
DA:724,2
DA:725,1
DA:728,1
DA:731,2
DA:733,2
DA:745,1
DA:746,2
DA:747,1
DA:748,1
DA:751,1
DA:753,1
DA:754,1
DA:759,4
LF:249
LH:222
BRDA:26,0,0,1
BRDA:26,0,1,5
BRDA:34,1,0,1
BRDA:34,1,1,3
BRDA:42,2,0,3
BRDA:42,2,1,3
BRDA:43,3,0,3
BRDA:43,3,1,3
BRDA:44,4,0,3
BRDA:44,4,1,3
BRDA:51,5,0,3
BRDA:51,5,1,3
BRDA:55,6,0,3
BRDA:55,6,1,0
BRDA:58,7,0,3
BRDA:58,7,1,0
BRDA:63,8,0,0
BRDA:63,8,1,3
BRDA:74,9,0,0
BRDA:74,9,1,0
BRDA:83,10,0,2
BRDA:83,10,1,1
BRDA:89,11,0,2
BRDA:89,11,1,0
BRDA:90,12,0,2
BRDA:90,12,1,0
BRDA:94,13,0,2
BRDA:94,13,1,0
BRDA:95,14,0,2
BRDA:95,14,1,0
BRDA:95,14,2,0
BRDA:97,15,0,2
BRDA:97,15,1,0
BRDA:98,16,0,2
BRDA:98,16,1,0
BRDA:99,17,0,2
BRDA:99,17,1,0
BRDA:99,17,2,0
BRDA:100,18,0,2
BRDA:100,18,1,0
BRDA:100,18,2,0
BRDA:101,19,0,2
BRDA:101,19,1,0
BRDA:102,20,0,2
BRDA:102,20,1,0
BRDA:104,21,0,2
BRDA:104,21,1,0
BRDA:105,22,0,2
BRDA:105,22,1,1
BRDA:105,22,2,1
BRDA:106,23,0,2
BRDA:106,23,1,0
BRDA:108,24,0,2
BRDA:108,24,1,2
BRDA:123,25,0,2
BRDA:123,25,1,2
BRDA:130,26,0,0
BRDA:130,26,1,1
BRDA:136,27,0,0
BRDA:136,27,1,0
BRDA:144,28,0,0
BRDA:144,28,1,1
BRDA:150,29,0,0
BRDA:150,29,1,0
BRDA:158,30,0,0
BRDA:158,30,1,1
BRDA:164,31,0,0
BRDA:164,31,1,0
BRDA:172,32,0,0
BRDA:172,32,1,1
BRDA:178,33,0,0
BRDA:178,33,1,0
BRDA:194,34,0,1
BRDA:194,34,1,1
BRDA:250,35,0,0
BRDA:250,35,1,0
BRDA:254,36,0,0
BRDA:254,36,1,0
BRDA:255,37,0,0
BRDA:255,37,1,0
BRDA:279,38,0,0
BRDA:279,38,1,0
BRDA:283,39,0,0
BRDA:283,39,1,0
BRDA:284,40,0,0
BRDA:284,40,1,0
BRDA:285,41,0,0
BRDA:285,41,1,0
BRDA:308,42,0,0
BRDA:308,42,1,2
BRDA:316,43,0,2
BRDA:316,43,1,1
BRDA:342,44,0,1
BRDA:342,44,1,1
BRDA:368,45,0,1
BRDA:368,45,1,4
BRDA:392,46,0,1
BRDA:392,46,1,2
BRDA:392,47,0,3
BRDA:392,47,1,3
BRDA:402,48,0,2
BRDA:402,48,1,0
BRDA:403,49,0,2
BRDA:403,49,1,0
BRDA:404,50,0,2
BRDA:404,50,1,0
BRDA:410,51,0,2
BRDA:410,51,1,0
BRDA:410,51,2,0
BRDA:414,52,0,1
BRDA:414,52,1,1
BRDA:414,53,0,2
BRDA:414,53,1,2
BRDA:416,54,0,1
BRDA:416,54,1,0
BRDA:418,55,0,1
BRDA:418,55,1,0
BRDA:418,56,0,1
BRDA:418,56,1,1
BRDA:425,57,0,2
BRDA:425,57,1,0
BRDA:427,58,0,1
BRDA:427,58,1,1
BRDA:427,59,0,2
BRDA:427,59,1,1
BRDA:436,60,0,2
BRDA:436,60,1,0
BRDA:445,61,0,2
BRDA:445,61,1,1
BRDA:464,62,0,2
BRDA:464,62,1,0
BRDA:464,63,0,2
BRDA:464,63,1,2
BRDA:467,64,0,0
BRDA:467,64,1,2
BRDA:480,65,0,2
BRDA:480,65,1,0
BRDA:490,66,0,2
BRDA:490,66,1,2
BRDA:506,67,0,0
BRDA:506,67,1,2
BRDA:519,68,0,2
BRDA:519,68,1,0
BRDA:521,69,0,2
BRDA:521,69,1,2
BRDA:522,70,0,2
BRDA:522,70,1,2
BRDA:523,71,0,2
BRDA:523,71,1,2
BRDA:536,72,0,2
BRDA:536,72,1,2
BRDA:552,73,0,1
BRDA:552,73,1,1
BRDA:560,74,0,1
BRDA:560,74,1,0
BRDA:562,75,0,1
BRDA:562,75,1,0
BRDA:565,76,0,1
BRDA:565,76,1,0
BRDA:584,77,0,2
BRDA:584,77,1,0
BRDA:584,78,0,2
BRDA:584,78,1,2
BRDA:589,79,0,2
BRDA:589,79,1,0
BRDA:593,80,0,2
BRDA:593,80,1,0
BRDA:607,81,0,2
BRDA:607,81,1,2
BRDA:617,82,0,0
BRDA:617,82,1,1
BRDA:622,83,0,0
BRDA:622,83,1,0
BRDA:626,84,0,1
BRDA:626,84,1,0
BRDA:642,85,0,1
BRDA:642,85,1,2
BRDA:650,86,0,1
BRDA:650,86,1,1
BRDA:656,87,0,1
BRDA:656,87,1,0
BRDA:656,88,0,1
BRDA:656,88,1,1
BRDA:660,89,0,1
BRDA:660,89,1,0
BRDA:662,90,0,1
BRDA:662,90,1,0
BRDA:674,91,0,1
BRDA:674,91,1,1
BRDA:699,92,0,2
BRDA:699,92,1,0
BRDA:699,93,0,2
BRDA:699,93,1,2
BRDA:702,94,0,3
BRDA:702,94,1,2
BRDA:713,95,0,1
BRDA:713,95,1,1
BRDA:724,96,0,1
BRDA:724,96,1,1
BRDA:724,97,0,2
BRDA:724,97,1,2
BRDA:728,98,0,1
BRDA:728,98,1,0
BRDA:731,99,0,2
BRDA:731,99,1,0
BRF:205
BRH:128
end_of_record
TN:
SF:controllers\PlaylistController.js
FN:9,(anonymous_0)
FN:16,(anonymous_1)
FN:22,(anonymous_2)
FN:28,(anonymous_3)
FN:50,(anonymous_4)
FN:146,(anonymous_5)
FN:173,(anonymous_6)
FN:214,(anonymous_7)
FN:219,(anonymous_8)
FN:222,(anonymous_9)
FN:228,(anonymous_10)
FN:241,(anonymous_11)
FN:251,(anonymous_12)
FN:252,(anonymous_13)
FN:262,(anonymous_14)
FN:274,(anonymous_15)
FN:292,(anonymous_16)
FN:302,(anonymous_17)
FN:303,(anonymous_18)
FN:305,(anonymous_19)
FN:321,(anonymous_20)
FN:321,(anonymous_21)
FN:322,(anonymous_22)
FN:354,(anonymous_23)
FN:406,(anonymous_24)
FN:408,(anonymous_25)
FN:432,(anonymous_26)
FN:452,(anonymous_27)
FN:468,(anonymous_28)
FN:482,(anonymous_29)
FN:482,(anonymous_30)
FN:486,(anonymous_31)
FN:487,(anonymous_32)
FN:510,(anonymous_33)
FN:513,(anonymous_34)
FN:517,(anonymous_35)
FN:519,(anonymous_36)
FN:536,(anonymous_37)
FN:553,(anonymous_38)
FN:576,(anonymous_39)
FN:576,(anonymous_40)
FN:580,(anonymous_41)
FN:581,(anonymous_42)
FN:604,(anonymous_43)
FN:607,(anonymous_44)
FN:611,(anonymous_45)
FN:613,(anonymous_46)
FN:630,(anonymous_47)
FN:645,(anonymous_48)
FN:670,(anonymous_49)
FN:693,(anonymous_50)
FN:710,(anonymous_51)
FN:780,(anonymous_52)
FN:822,(anonymous_53)
FN:857,(anonymous_54)
FN:879,(anonymous_55)
FN:909,(anonymous_56)
FN:920,(anonymous_57)
FN:927,(anonymous_58)
FN:927,(anonymous_59)
FNF:60
FNH:12
FNDA:18,(anonymous_0)
FNDA:0,(anonymous_1)
FNDA:4,(anonymous_2)
FNDA:0,(anonymous_3)
FNDA:0,(anonymous_4)
FNDA:0,(anonymous_5)
FNDA:0,(anonymous_6)
FNDA:0,(anonymous_7)
FNDA:0,(anonymous_8)
FNDA:0,(anonymous_9)
FNDA:0,(anonymous_10)
FNDA:0,(anonymous_11)
FNDA:0,(anonymous_12)
FNDA:0,(anonymous_13)
FNDA:0,(anonymous_14)
FNDA:0,(anonymous_15)
FNDA:0,(anonymous_16)
FNDA:0,(anonymous_17)
FNDA:0,(anonymous_18)
FNDA:0,(anonymous_19)
FNDA:0,(anonymous_20)
FNDA:0,(anonymous_21)
FNDA:0,(anonymous_22)
FNDA:0,(anonymous_23)
FNDA:0,(anonymous_24)
FNDA:0,(anonymous_25)
FNDA:1,(anonymous_26)
FNDA:1,(anonymous_27)
FNDA:1,(anonymous_28)
FNDA:0,(anonymous_29)
FNDA:0,(anonymous_30)
FNDA:0,(anonymous_31)
FNDA:0,(anonymous_32)
FNDA:0,(anonymous_33)
FNDA:0,(anonymous_34)
FNDA:0,(anonymous_35)
FNDA:0,(anonymous_36)
FNDA:0,(anonymous_37)
FNDA:2,(anonymous_38)
FNDA:0,(anonymous_39)
FNDA:0,(anonymous_40)
FNDA:0,(anonymous_41)
FNDA:0,(anonymous_42)
FNDA:0,(anonymous_43)
FNDA:0,(anonymous_44)
FNDA:0,(anonymous_45)
FNDA:0,(anonymous_46)
FNDA:0,(anonymous_47)
FNDA:3,(anonymous_48)
FNDA:0,(anonymous_49)
FNDA:2,(anonymous_50)
FNDA:2,(anonymous_51)
FNDA:3,(anonymous_52)
FNDA:3,(anonymous_53)
FNDA:1,(anonymous_54)
FNDA:0,(anonymous_55)
FNDA:0,(anonymous_56)
FNDA:0,(anonymous_57)
FNDA:0,(anonymous_58)
FNDA:0,(anonymous_59)
DA:1,4
DA:2,4
DA:3,4
DA:4,4
DA:5,4
DA:6,4
DA:11,18
DA:12,18
DA:13,18
DA:17,0
DA:18,0
DA:19,0
DA:23,4
DA:24,4
DA:25,4
DA:29,0
DA:30,0
DA:43,0
DA:46,0
DA:51,0
DA:52,0
DA:53,0
DA:54,0
DA:56,0
DA:58,0
DA:59,0
DA:66,0
DA:67,0
DA:69,0
DA:71,0
DA:78,0
DA:84,0
DA:85,0
DA:90,0
DA:91,0
DA:95,0
DA:104,0
DA:110,0
DA:111,0
DA:115,0
DA:116,0
DA:120,0
DA:130,0
DA:135,0
DA:141,0
DA:142,0
DA:143,0
DA:146,0
DA:147,0
DA:149,0
DA:150,0
DA:152,0
DA:153,0
DA:154,0
DA:158,0
DA:166,0
DA:167,0
DA:168,0
DA:172,0
DA:173,0
DA:176,0
DA:177,0
DA:192,0
DA:194,0
DA:198,0
DA:201,0
DA:203,0
DA:204,0
DA:211,0
DA:214,0
DA:219,0
DA:222,0
DA:224,0
DA:225,0
DA:228,0
DA:237,0
DA:238,0
DA:241,0
DA:242,0
DA:243,0
DA:249,0
DA:250,0
DA:251,0
DA:253,0
DA:254,0
DA:262,0
DA:274,0
DA:284,0
DA:286,0
DA:287,0
DA:291,0
DA:293,0
DA:294,0
DA:299,0
DA:300,0
DA:302,0
DA:303,0
DA:305,0
DA:306,0
DA:307,0
DA:317,0
DA:318,0
DA:321,0
DA:322,0
DA:347,0
DA:348,0
DA:351,0
DA:353,0
DA:354,0
DA:362,0
DA:363,0
DA:367,0
DA:368,0
DA:370,0
DA:371,0
DA:373,0
DA:375,0
DA:382,0
DA:384,0
DA:392,0
DA:393,0
DA:394,0
DA:395,0
DA:401,0
DA:406,0
DA:408,0
DA:415,0
DA:417,0
DA:427,0
DA:433,1
DA:434,1
DA:435,1
DA:436,1
DA:437,1
DA:438,1
DA:445,1
DA:446,1
DA:448,0
DA:453,1
DA:454,1
DA:455,1
DA:456,1
DA:460,1
DA:467,1
DA:469,1
DA:470,1
DA:471,1
DA:475,0
DA:476,0
DA:478,0
DA:480,0
DA:482,0
DA:483,0
DA:485,0
DA:487,0
DA:489,0
DA:490,0
DA:502,0
DA:510,0
DA:513,0
DA:514,0
DA:516,0
DA:518,0
DA:519,0
DA:522,0
DA:523,0
DA:534,0
DA:536,0
DA:539,0
DA:541,0
DA:543,0
DA:548,1
DA:550,0
DA:554,2
DA:555,2
DA:556,2
DA:557,2
DA:559,2
DA:563,2
DA:564,1
DA:568,1
DA:569,0
DA:571,0
DA:572,0
DA:574,0
DA:576,0
DA:577,0
DA:579,0
DA:581,0
DA:583,0
DA:584,0
DA:596,0
DA:604,0
DA:607,0
DA:608,0
DA:610,0
DA:612,0
DA:613,0
DA:616,0
DA:617,0
DA:628,0
DA:630,0
DA:633,0
DA:635,0
DA:639,1
DA:641,0
DA:646,3
DA:647,3
DA:648,3
DA:649,3
DA:650,3
DA:653,3
DA:655,2
DA:656,0
DA:659,2
DA:663,2
DA:664,1
DA:668,1
DA:670,1
DA:672,1
DA:673,0
DA:677,1
DA:680,1
DA:681,1
DA:682,0
DA:685,1
DA:687,1
DA:689,1
DA:694,2
DA:695,2
DA:696,2
DA:697,2
DA:700,2
DA:701,1
DA:703,1
DA:705,0
DA:711,2
DA:712,2
DA:713,2
DA:714,2
DA:716,2
DA:717,2
DA:718,2
DA:720,2
DA:721,2
DA:722,2
DA:723,2
DA:726,2
DA:727,2
DA:729,2
DA:730,0
DA:731,0
DA:735,2
DA:736,0
DA:737,0
DA:740,2
DA:741,2
DA:744,2
DA:746,2
DA:747,1
DA:748,1
DA:752,1
DA:753,1
DA:755,1
DA:756,0
DA:757,0
DA:761,1
DA:762,1
DA:766,1
DA:768,1
DA:769,1
DA:771,0
DA:772,0
DA:773,0
DA:774,0
DA:775,0
DA:781,3
DA:782,3
DA:783,3
DA:784,3
DA:786,3
DA:790,3
DA:791,1
DA:795,2
DA:796,1
DA:802,1
DA:803,1
DA:804,0
DA:810,1
DA:815,1
DA:817,0
DA:823,3
DA:824,3
DA:825,3
DA:826,3
DA:827,3
DA:829,3
DA:833,3
DA:834,1
DA:838,2
DA:839,1
DA:845,1
DA:850,1
DA:852,0
DA:858,1
DA:859,1
DA:860,1
DA:861,1
DA:862,1
DA:863,1
DA:866,1
DA:872,1
DA:875,1
DA:877,1
DA:879,0
DA:880,0
DA:881,0
DA:883,0
DA:887,0
DA:898,1
DA:905,1
DA:908,1
DA:910,0
DA:911,0
DA:920,0
DA:921,0
DA:923,0
DA:927,0
DA:933,1
DA:938,0
DA:943,4
LF:331
LH:134
BRDA:58,0,0,0
BRDA:58,0,1,0
BRDA:58,1,0,0
BRDA:58,1,1,0
BRDA:67,2,0,0
BRDA:67,2,1,0
BRDA:69,3,0,0
BRDA:69,3,1,0
BRDA:78,4,0,0
BRDA:78,4,1,0
BRDA:79,5,0,0
BRDA:79,5,1,0
BRDA:79,5,2,0
BRDA:79,5,3,0
BRDA:90,6,0,0
BRDA:90,6,1,0
BRDA:90,7,0,0
BRDA:90,7,1,0
BRDA:91,8,0,0
BRDA:91,8,1,0
BRDA:104,9,0,0
BRDA:104,9,1,0
BRDA:105,10,0,0
BRDA:105,10,1,0
BRDA:105,10,2,0
BRDA:105,10,3,0
BRDA:115,11,0,0
BRDA:115,11,1,0
BRDA:130,12,0,0
BRDA:130,12,1,0
BRDA:131,13,0,0
BRDA:131,13,1,0
BRDA:131,13,2,0
BRDA:142,14,0,0
BRDA:142,14,1,0
BRDA:142,15,0,0
BRDA:142,15,1,0
BRDA:152,16,0,0
BRDA:152,16,1,0
BRDA:152,17,0,0
BRDA:152,17,1,0
BRDA:166,18,0,0
BRDA:166,18,1,0
BRDA:166,19,0,0
BRDA:166,19,1,0
BRDA:173,20,0,0
BRDA:173,20,1,0
BRDA:173,20,2,0
BRDA:176,21,0,0
BRDA:176,21,1,0
BRDA:178,22,0,0
BRDA:178,22,1,0
BRDA:179,23,0,0
BRDA:179,23,1,0
BRDA:180,24,0,0
BRDA:180,24,1,0
BRDA:182,25,0,0
BRDA:182,25,1,0
BRDA:183,26,0,0
BRDA:183,26,1,0
BRDA:184,27,0,0
BRDA:184,27,1,0
BRDA:185,28,0,0
BRDA:185,28,1,0
BRDA:186,29,0,0
BRDA:186,29,1,0
BRDA:187,30,0,0
BRDA:187,30,1,0
BRDA:188,31,0,0
BRDA:188,31,1,0
BRDA:192,32,0,0
BRDA:192,32,1,0
BRDA:203,33,0,0
BRDA:203,33,1,0
BRDA:224,34,0,0
BRDA:224,34,1,0
BRDA:237,35,0,0
BRDA:237,35,1,0
BRDA:251,36,0,0
BRDA:251,36,1,0
BRDA:255,37,0,0
BRDA:255,37,1,0
BRDA:256,38,0,0
BRDA:256,38,1,0
BRDA:257,39,0,0
BRDA:257,39,1,0
BRDA:258,40,0,0
BRDA:258,40,1,0
BRDA:259,41,0,0
BRDA:259,41,1,0
BRDA:260,42,0,0
BRDA:260,42,1,0
BRDA:262,43,0,0
BRDA:262,43,1,0
BRDA:263,44,0,0
BRDA:263,44,1,0
BRDA:264,45,0,0
BRDA:264,45,1,0
BRDA:265,46,0,0
BRDA:265,46,1,0
BRDA:266,47,0,0
BRDA:266,47,1,0
BRDA:269,48,0,0
BRDA:269,48,1,0
BRDA:270,49,0,0
BRDA:270,49,1,0
BRDA:271,50,0,0
BRDA:271,50,1,0
BRDA:272,51,0,0
BRDA:272,51,1,0
BRDA:274,52,0,0
BRDA:274,52,1,0
BRDA:280,53,0,0
BRDA:280,53,1,0
BRDA:281,54,0,0
BRDA:281,54,1,0
BRDA:306,55,0,0
BRDA:306,55,1,0
BRDA:306,56,0,0
BRDA:306,56,1,0
BRDA:317,57,0,0
BRDA:317,57,1,0
BRDA:317,58,0,0
BRDA:317,58,1,0
BRDA:319,59,0,0
BRDA:319,59,1,0
BRDA:320,60,0,0
BRDA:320,60,1,0
BRDA:321,61,0,0
BRDA:321,61,1,0
BRDA:322,62,0,0
BRDA:322,62,1,0
BRDA:323,63,0,0
BRDA:323,63,1,0
BRDA:324,64,0,0
BRDA:324,64,1,0
BRDA:325,65,0,0
BRDA:325,65,1,0
BRDA:326,66,0,0
BRDA:326,66,1,0
BRDA:327,67,0,0
BRDA:327,67,1,0
BRDA:328,68,0,0
BRDA:328,68,1,0
BRDA:329,69,0,0
BRDA:329,69,1,0
BRDA:333,70,0,0
BRDA:333,70,1,0
BRDA:333,71,0,0
BRDA:333,71,1,0
BRDA:339,72,0,0
BRDA:339,72,1,0
BRDA:353,73,0,0
BRDA:353,73,1,0
BRDA:370,74,0,0
BRDA:370,74,1,0
BRDA:378,75,0,0
BRDA:378,75,1,0
BRDA:382,76,0,0
BRDA:382,76,1,0
BRDA:392,77,0,0
BRDA:392,77,1,0
BRDA:394,78,0,0
BRDA:394,78,1,0
BRDA:409,79,0,0
BRDA:409,79,1,0
BRDA:410,80,0,0
BRDA:410,80,1,0
BRDA:470,81,0,1
BRDA:470,81,1,0
BRDA:470,82,0,1
BRDA:470,82,1,1
BRDA:476,83,0,0
BRDA:476,83,1,0
BRDA:480,84,0,0
BRDA:480,84,1,0
BRDA:489,85,0,0
BRDA:489,85,1,0
BRDA:522,86,0,0
BRDA:522,86,1,0
BRDA:563,87,0,1
BRDA:563,87,1,1
BRDA:568,88,0,0
BRDA:568,88,1,1
BRDA:568,89,0,1
BRDA:568,89,1,1
BRDA:572,90,0,0
BRDA:572,90,1,0
BRDA:574,91,0,0
BRDA:574,91,1,0
BRDA:583,92,0,0
BRDA:583,92,1,0
BRDA:616,93,0,0
BRDA:616,93,1,0
BRDA:655,94,0,0
BRDA:655,94,1,2
BRDA:663,95,0,1
BRDA:663,95,1,1
BRDA:670,96,0,1
BRDA:670,96,1,1
BRDA:672,97,0,0
BRDA:672,97,1,1
BRDA:680,98,0,1
BRDA:680,98,1,0
BRDA:681,99,0,0
BRDA:681,99,1,1
BRDA:700,100,0,1
BRDA:700,100,1,1
BRDA:726,101,0,2
BRDA:726,101,1,2
BRDA:729,102,0,0
BRDA:729,102,1,2
BRDA:735,103,0,0
BRDA:735,103,1,2
BRDA:746,104,0,1
BRDA:746,104,1,1
BRDA:752,105,0,1
BRDA:752,105,1,0
BRDA:755,106,0,0
BRDA:755,106,1,1
BRDA:790,107,0,1
BRDA:790,107,1,2
BRDA:795,108,0,1
BRDA:795,108,1,1
BRDA:802,109,0,1
BRDA:802,109,1,0
BRDA:803,110,0,0
BRDA:803,110,1,1
BRDA:833,111,0,1
BRDA:833,111,1,2
BRDA:838,112,0,1
BRDA:838,112,1,1
BRDA:877,113,0,0
BRDA:877,113,1,1
BRDA:877,114,0,1
BRDA:877,114,1,1
BRDA:877,114,2,1
BRDA:880,115,0,0
BRDA:880,115,1,0
BRDA:910,116,0,0
BRDA:910,116,1,0
BRDA:910,117,0,0
BRDA:910,117,1,0
BRF:243
BRH:40
end_of_record
TN:
SF:controllers\UserController.js
FN:6,(anonymous_0)
FN:12,(anonymous_1)
FN:35,(anonymous_2)
FN:67,(anonymous_3)
FN:78,(anonymous_4)
FN:86,(anonymous_5)
FN:98,(anonymous_6)
FN:134,(anonymous_7)
FN:155,(anonymous_8)
FN:168,(anonymous_9)
FN:185,(anonymous_10)
FN:190,(anonymous_11)
FN:192,(anonymous_12)
FN:197,(anonymous_13)
FN:207,(anonymous_14)
FN:222,(anonymous_15)
FN:253,(anonymous_16)
FN:263,(anonymous_17)
FN:270,(anonymous_18)
FN:272,(anonymous_19)
FN:293,(anonymous_20)
FN:319,(anonymous_21)
FN:323,(anonymous_22)
FN:331,(anonymous_23)
FN:362,(anonymous_24)
FN:415,(anonymous_25)
FN:445,(anonymous_26)
FN:472,(anonymous_27)
FNF:28
FNH:14
FNDA:11,(anonymous_0)
FNDA:3,(anonymous_1)
FNDA:4,(anonymous_2)
FNDA:1,(anonymous_3)
FNDA:2,(anonymous_4)
FNDA:2,(anonymous_5)
FNDA:0,(anonymous_6)
FNDA:2,(anonymous_7)
FNDA:1,(anonymous_8)
FNDA:2,(anonymous_9)
FNDA:2,(anonymous_10)
FNDA:2,(anonymous_11)
FNDA:2,(anonymous_12)
FNDA:2,(anonymous_13)
FNDA:2,(anonymous_14)
FNDA:0,(anonymous_15)
FNDA:0,(anonymous_16)
FNDA:0,(anonymous_17)
FNDA:0,(anonymous_18)
FNDA:0,(anonymous_19)
FNDA:0,(anonymous_20)
FNDA:0,(anonymous_21)
FNDA:0,(anonymous_22)
FNDA:0,(anonymous_23)
FNDA:0,(anonymous_24)
FNDA:0,(anonymous_25)
FNDA:0,(anonymous_26)
FNDA:0,(anonymous_27)
DA:1,4
DA:2,4
DA:3,4
DA:7,11
DA:8,11
DA:9,11
DA:13,3
DA:14,3
DA:15,3
DA:16,3
DA:17,2
DA:18,1
DA:25,1
DA:26,1
DA:27,1
DA:29,1
DA:31,1
DA:36,4
DA:37,4
DA:38,4
DA:39,1
DA:41,3
DA:42,3
DA:43,3
DA:44,1
DA:46,2
DA:47,2
DA:48,2
DA:49,2
DA:50,2
DA:51,2
DA:52,1
DA:54,1
DA:55,1
DA:59,1
DA:61,0
DA:63,0
DA:68,1
DA:69,1
DA:70,1
DA:71,1
DA:73,1
DA:74,0
DA:77,1
DA:78,2
DA:79,1
DA:82,1
DA:83,1
DA:85,1
DA:88,2
DA:89,2
DA:92,2
DA:93,0
DA:98,0
DA:99,0
DA:102,2
DA:103,0
DA:104,0
DA:105,0
DA:109,2
DA:128,1
DA:130,0
DA:135,2
DA:136,2
DA:137,2
DA:138,2
DA:140,2
DA:145,2
DA:146,1
DA:149,1
DA:151,0
DA:156,1
DA:157,1
DA:158,1
DA:160,1
DA:162,1
DA:164,0
DA:169,2
DA:170,2
DA:171,2
DA:172,2
DA:174,2
DA:175,0
DA:179,2
DA:180,1
DA:184,1
DA:185,2
DA:186,1
DA:189,1
DA:190,1
DA:191,2
DA:192,2
DA:197,2
DA:200,1
DA:201,1
DA:202,1
DA:207,2
DA:214,1
DA:216,0
DA:223,0
DA:224,0
DA:225,0
DA:227,0
DA:228,0
DA:231,0
DA:232,0
DA:234,0
DA:244,0
DA:245,0
DA:247,0
DA:249,0
DA:254,0
DA:255,0
DA:256,0
DA:257,0
DA:259,0
DA:262,0
DA:264,0
DA:267,0
DA:268,0
DA:269,0
DA:270,0
DA:271,0
DA:272,0
DA:275,0
DA:287,0
DA:289,0
DA:294,0
DA:295,0
DA:296,0
DA:298,0
DA:299,0
DA:302,0
DA:303,0
DA:305,0
DA:310,0
DA:311,0
DA:315,0
DA:316,0
DA:317,0
DA:318,0
DA:319,0
DA:320,0
DA:322,0
DA:324,0
DA:325,0
DA:327,0
DA:328,0
DA:331,0
DA:332,0
DA:335,0
DA:348,0
DA:358,0
DA:363,0
DA:364,0
DA:365,0
DA:366,0
DA:368,0
DA:369,0
DA:372,0
DA:373,0
DA:377,0
DA:378,0
DA:379,0
DA:380,0
DA:383,0
DA:384,0
DA:386,0
DA:391,0
DA:392,0
DA:396,0
DA:397,0
DA:401,0
DA:409,0
DA:411,0
DA:416,0
DA:417,0
DA:418,0
DA:420,0
DA:421,0
DA:424,0
DA:425,0
DA:427,0
DA:435,0
DA:436,0
DA:439,0
DA:441,0
DA:446,0
DA:447,0
DA:448,0
DA:450,0
DA:451,0
DA:454,0
DA:455,0
DA:457,0
DA:462,0
DA:463,0
DA:466,0
DA:468,0
DA:473,0
DA:474,0
DA:475,0
DA:476,0
DA:478,0
DA:479,0
DA:482,0
DA:483,0
DA:484,0
DA:486,0
DA:487,0
DA:490,0
DA:491,0
DA:493,0
DA:498,0
DA:499,0
DA:502,0
DA:504,0
DA:508,4
LF:218
LH:86
BRDA:17,0,0,1
BRDA:17,0,1,1
BRDA:38,1,0,1
BRDA:38,1,1,3
BRDA:43,2,0,1
BRDA:43,2,1,2
BRDA:49,3,0,2
BRDA:49,3,1,0
BRDA:50,4,0,2
BRDA:50,4,1,0
BRDA:51,5,0,1
BRDA:51,5,1,1
BRDA:73,6,0,0
BRDA:73,6,1,1
BRDA:92,7,0,0
BRDA:92,7,1,2
BRDA:92,8,0,2
BRDA:92,8,1,2
BRDA:98,9,0,0
BRDA:98,9,1,0
BRDA:99,10,0,0
BRDA:99,10,1,0
BRDA:102,11,0,0
BRDA:102,11,1,2
BRDA:104,12,0,0
BRDA:104,12,1,0
BRDA:105,13,0,0
BRDA:105,13,1,0
BRDA:118,14,0,2
BRDA:118,14,1,2
BRDA:119,15,0,2
BRDA:119,15,1,2
BRDA:120,16,0,2
BRDA:120,16,1,2
BRDA:121,17,0,2
BRDA:121,17,1,2
BRDA:145,18,0,1
BRDA:145,18,1,1
BRDA:174,19,0,0
BRDA:174,19,1,2
BRDA:179,20,0,1
BRDA:179,20,1,1
BRDA:179,21,0,2
BRDA:179,21,1,2
BRDA:191,22,0,2
BRDA:191,22,1,0
BRDA:191,23,0,2
BRDA:191,23,1,2
BRDA:227,24,0,0
BRDA:227,24,1,0
BRDA:227,25,0,0
BRDA:227,25,1,0
BRDA:236,26,0,0
BRDA:236,26,1,0
BRDA:264,27,0,0
BRDA:264,27,1,0
BRDA:268,28,0,0
BRDA:268,28,1,0
BRDA:278,29,0,0
BRDA:278,29,1,0
BRDA:298,30,0,0
BRDA:298,30,1,0
BRDA:310,31,0,0
BRDA:310,31,1,0
BRDA:316,32,0,0
BRDA:316,32,1,0
BRDA:316,33,0,0
BRDA:316,33,1,0
BRDA:327,34,0,0
BRDA:327,34,1,0
BRDA:327,35,0,0
BRDA:327,35,1,0
BRDA:331,36,0,0
BRDA:331,36,1,0
BRDA:332,37,0,0
BRDA:332,37,1,0
BRDA:351,38,0,0
BRDA:351,38,1,0
BRDA:368,39,0,0
BRDA:368,39,1,0
BRDA:372,40,0,0
BRDA:372,40,1,0
BRDA:379,41,0,0
BRDA:379,41,1,0
BRDA:391,42,0,0
BRDA:391,42,1,0
BRDA:396,43,0,0
BRDA:396,43,1,0
BRDA:396,44,0,0
BRDA:396,44,1,0
BRDA:420,45,0,0
BRDA:420,45,1,0
BRDA:435,46,0,0
BRDA:435,46,1,0
BRDA:450,47,0,0
BRDA:450,47,1,0
BRDA:462,48,0,0
BRDA:462,48,1,0
BRDA:478,49,0,0
BRDA:478,49,1,0
BRDA:483,50,0,0
BRDA:483,50,1,0
BRDA:483,51,0,0
BRDA:483,51,1,0
BRDA:486,52,0,0
BRDA:486,52,1,0
BRDA:498,53,0,0
BRDA:498,53,1,0
BRF:108
BRH:33
end_of_record
TN:
SF:middleware\auth.js
FN:3,(anonymous_0)
FNF:1
FNH:1
FNDA:12,(anonymous_0)
DA:1,4
DA:3,4
DA:4,12
DA:5,12
DA:6,0
DA:8,12
DA:9,12
DA:10,12
DA:12,12
DA:13,2
DA:16,10
DA:17,10
DA:20,4
LF:13
LH:12
BRDA:5,0,0,0
BRDA:5,0,1,12
BRDA:12,1,0,2
BRDA:12,1,1,10
BRF:4
BRH:3
end_of_record
TN:
SF:middleware\upload.js
FN:8,(anonymous_0)
FNF:1
FNH:1
FNDA:4,(anonymous_0)
DA:1,4
DA:2,4
DA:5,4
DA:8,4
DA:9,4
DA:20,4
DA:21,4
DA:23,0
DA:28,4
DA:33,4
LF:10
LH:9
BRDA:20,0,0,4
BRDA:20,0,1,0
BRF:2
BRH:1
end_of_record
TN:
SF:routes\artists.js
FNF:0
FNH:0
DA:1,4
DA:2,4
DA:6,4
DA:8,4
LF:4
LH:4
BRF:0
BRH:0
end_of_record
TN:
SF:routes\index.js
FN:7,(anonymous_0)
FNF:1
FNH:0
FNDA:0,(anonymous_0)
DA:1,4
DA:2,4
DA:3,4
DA:4,4
DA:5,4
DA:7,4
DA:8,0
DA:11,4
DA:12,4
DA:13,4
DA:14,4
DA:16,4
LF:12
LH:11
BRF:0
BRH:0
end_of_record
TN:
SF:routes\playlists.js
FNF:0
FNH:0
DA:1,4
DA:2,4
DA:4,4
DA:5,4
DA:6,4
DA:7,4
DA:10,4
DA:11,4
DA:12,4
DA:15,4
DA:16,4
DA:17,4
DA:19,4
LF:13
LH:13
BRF:0
BRH:0
end_of_record
TN:
SF:routes\songs.js
FNF:0
FNH:0
DA:1,4
DA:2,4
DA:3,4
DA:5,4
DA:6,4
DA:7,4
DA:8,4
DA:11,4
LF:8
LH:8
BRF:0
BRH:0
end_of_record
TN:
SF:routes\users.js
FNF:0
FNH:0
DA:1,4
DA:2,4
DA:4,4
DA:6,4
DA:7,4
DA:8,4
DA:9,4
DA:10,4
DA:11,4
DA:13,4
LF:10
LH:10
BRF:0
BRH:0
end_of_record
